
         --  -- 
       /  //  / __--------_
      /  //  /_/            \
   ---      -                \ __
  / X        /        ____   /   )
  *_________/__/_____/______/ `--

Oops, the compiler has encountered an unexpected situation.
This is a bug in the compiler.

A bug report containing the error description and relevant code would be
greatly appreciated. You can submit the bug report here:

  https://github.com/moonbitlang/moonbit-docs/issues/new?template=ice.md

Error: Sys_error("C:\\Users\\35858\\Desktop\\moonbit\\1307919+\233\151\134\232\183\186\229\189\191\233\150\171\228\189\189\230\143\163\233\141\155?\231\146\129\230\157\191\231\185\130\230\190\182\209\131\231\172\128--Color\232\185\135?master: Invalid argument")

Compiler args: moonc check -error-format json -o "C:\\Users\\35858\\Desktop\\moonbit\\1307919+闆跺彿閫佽揣鍛?璁板繂澶у笀--Color蹇?master\\selene-core\\target\\js\\release\\check\\selene.mi" -pkg Milky2018/selene -std-path "C:\\Users\\35858\\.moon\\lib\\core\\target\\js\\release\\bundle" -pkg-sources "Milky2018/selene:C:\\Users\\35858\\Desktop\\moonbit\\1307919+闆跺彿閫佽揣鍛?璁板繂澶у笀--Color蹇?master\\selene-core\\src" -target js -workspace-path "C:\\Users\\35858\\Desktop\\moonbit\\1307919+闆跺彿閫佽揣鍛?璁板繂澶у笀--Color蹇?master\\selene-core"

moonc version: v0.6.29+ba123eb00

         --  -- 
       /  //  / __--------_
      /  //  /_/            \
   ---      -                \ __
  / X        /        ____   /   )
  *_________/__/_____/______/ `--

Oops, the compiler has encountered an unexpected situation.
This is a bug in the compiler.

A bug report containing the error description and relevant code would be
greatly appreciated. You can submit the bug report here:

  https://github.com/moonbitlang/moonbit-docs/issues/new?template=ice.md

Error: Sys_error("C:\\Users\\35858\\Desktop\\moonbit\\1307919+\233\151\134\232\183\186\229\189\191\233\150\171\228\189\189\230\143\163\233\141\155?\231\146\129\230\157\191\231\185\130\230\190\182\209\131\231\172\128--Color\232\185\135?master: Invalid argument")

Compiler args: moonc check -error-format json "C:\\Users\\35858\\Desktop\\moonbit\\1307919+闆跺彿閫佽揣鍛?璁板繂澶у笀--Color蹇?master\\selene-core\\src\\tilemap\\top.mbt" -o "C:\\Users\\35858\\Desktop\\moonbit\\1307919+闆跺彿閫佽揣鍛?璁板繂澶у笀--Color蹇?master\\selene-core\\target\\js\\release\\check\\tilemap\\tilemap.mi" -pkg Milky2018/selene/tilemap -std-path "C:\\Users\\35858\\.moon\\lib\\core\\target\\js\\release\\bundle" -pkg-sources "Milky2018/selene/tilemap:C:\\Users\\35858\\Desktop\\moonbit\\1307919+闆跺彿閫佽揣鍛?璁板繂澶у笀--Color蹇?master\\selene-core\\src\\tilemap" -target js -workspace-path "C:\\Users\\35858\\Desktop\\moonbit\\1307919+闆跺彿閫佽揣鍛?璁板繂澶у笀--Color蹇?master\\selene-core"

moonc version: v0.6.29+ba123eb00

         --  -- 
       /  //  / __--------_
      /  //  /_/            \
   ---      -                \ __
  / X        /        ____   /   )
  *_________/__/_____/______/ `--

Oops, the compiler has encountered an unexpected situation.
This is a bug in the compiler.

A bug report containing the error description and relevant code would be
greatly appreciated. You can submit the bug report here:

  https://github.com/moonbitlang/moonbit-docs/issues/new?template=ice.md

Error: Sys_error("C:\\Users\\35858\\Desktop\\moonbit\\1307919+\233\151\134\232\183\186\229\189\191\233\150\171\228\189\189\230\143\163\233\141\155?\231\146\129\230\157\191\231\185\130\230\190\182\209\131\231\172\128--Color\232\185\135?master: Invalid argument")

Compiler args: moonc check -error-format json "C:\\Users\\35858\\Desktop\\moonbit\\1307919+闆跺彿閫佽揣鍛?璁板繂澶у笀--Color蹇?master\\selene-core\\src\\math\\angle.mbt" "C:\\Users\\35858\\Desktop\\moonbit\\1307919+闆跺彿閫佽揣鍛?璁板繂澶у笀--Color蹇?master\\selene-core\\src\\math\\rect.mbt" "C:\\Users\\35858\\Desktop\\moonbit\\1307919+闆跺彿閫佽揣鍛?璁板繂澶у笀--Color蹇?master\\selene-core\\src\\math\\repeat.mbt" "C:\\Users\\35858\\Desktop\\moonbit\\1307919+闆跺彿閫佽揣鍛?璁板繂澶у笀--Color蹇?master\\selene-core\\src\\math\\transform.mbt" "C:\\Users\\35858\\Desktop\\moonbit\\1307919+闆跺彿閫佽揣鍛?璁板繂澶у笀--Color蹇?master\\selene-core\\src\\math\\vector.mbt" -o "C:\\Users\\35858\\Desktop\\moonbit\\1307919+闆跺彿閫佽揣鍛?璁板繂澶у笀--Color蹇?master\\selene-core\\target\\js\\release\\check\\math\\math.mi" -pkg Milky2018/selene/math -std-path "C:\\Users\\35858\\.moon\\lib\\core\\target\\js\\release\\bundle" -pkg-sources "Milky2018/selene/math:C:\\Users\\35858\\Desktop\\moonbit\\1307919+闆跺彿閫佽揣鍛?璁板繂澶у笀--Color蹇?master\\selene-core\\src\\math" -target js -workspace-path "C:\\Users\\35858\\Desktop\\moonbit\\1307919+闆跺彿閫佽揣鍛?璁板繂澶у笀--Color蹇?master\\selene-core"

moonc version: v0.6.29+ba123eb00
