
         --  -- 
       /  //  / __--------_
      /  //  /_/            \
   ---      -                \ __
  / X        /        ____   /   )
  *_________/__/_____/______/ `--

Oops, the compiler has encountered an unexpected situation.
This is a bug in the compiler.

A bug report containing the error description and relevant code would be
greatly appreciated. You can submit the bug report here:

  https://github.com/moonbitlang/moonbit-docs/issues/new?template=ice.md

Error: Sys_error("D:\\Code\\MoonBit-Code-JAM-2025\\teams\\1297087-\230\190\182\226\149\129\230\185\180\230\182\147\226\130\172\233\148\155\228\189\184\231\156\191\233\148\155\228\189\184\227\129\135\233\144\150\232\190\169\230\180\152-Matchstick-Man-Battle\\artifact\\.mooncakes\\moonbitlang\\x\\benchmark\\internal\\benchmark_ffi\\ffi_wasm.mbt: No such file or directory")

Compiler args: moonc check -error-format json "D:\\Code\\MoonBit-Code-JAM-2025\\teams\\1297087-澶╁湴涓€锛佸眿锛佸ぇ鐖辩洘-Matchstick-Man-Battle\\artifact\\.mooncakes\\moonbitlang\\x\\benchmark\\internal\\benchmark_ffi\\ffi_wasm.mbt" -o "D:\\Code\\MoonBit-Code-JAM-2025\\teams\\1297087-澶╁湴涓€锛佸眿锛佸ぇ鐖辩洘-Matchstick-Man-Battle\\artifact\\.mooncakes\\moonbitlang\\x\\target\\wasm-gc\\release\\check\\benchmark\\internal\\benchmark_ffi\\benchmark_ffi.mi" -pkg moonbitlang/x/benchmark/internal/benchmark_ffi -std-path "C:\\Users\\18384\\.moon\\lib\\core\\target\\wasm-gc\\release\\bundle" -pkg-sources "moonbitlang/x/benchmark/internal/benchmark_ffi:D:\\Code\\MoonBit-Code-JAM-2025\\teams\\1297087-澶╁湴涓€锛佸眿锛佸ぇ鐖辩洘-Matchstick-Man-Battle\\artifact\\.mooncakes\\moonbitlang\\x\\benchmark\\internal\\benchmark_ffi" -target wasm-gc -workspace-path "D:\\Code\\MoonBit-Code-JAM-2025\\teams\\1297087-澶╁湴涓€锛佸眿锛佸ぇ鐖辩洘-Matchstick-Man-Battle\\artifact\\.mooncakes\\moonbitlang\\x"

moonc version: v0.6.31+b5b06ff93

         --  -- 
       /  //  / __--------_
      /  //  /_/            \
   ---      -                \ __
  / X        /        ____   /   )
  *_________/__/_____/______/ `--

Oops, the compiler has encountered an unexpected situation.
This is a bug in the compiler.

A bug report containing the error description and relevant code would be
greatly appreciated. You can submit the bug report here:

  https://github.com/moonbitlang/moonbit-docs/issues/new?template=ice.md

Error: Sys_error("D:\\Code\\MoonBit-Code-JAM-2025\\teams\\1297087-\230\190\182\226\149\129\230\185\180\230\182\147\226\130\172\233\148\155\228\189\184\231\156\191\233\148\155\228\189\184\227\129\135\233\144\150\232\190\169\230\180\152-Matchstick-Man-Battle\\artifact\\.mooncakes\\moonbitlang\\x\\crypto\\utils.mbt: No such file or directory")

Compiler args: moonc check -error-format json "D:\\Code\\MoonBit-Code-JAM-2025\\teams\\1297087-澶╁湴涓€锛佸眿锛佸ぇ鐖辩洘-Matchstick-Man-Battle\\artifact\\.mooncakes\\moonbitlang\\x\\crypto\\byte_source.mbt" "D:\\Code\\MoonBit-Code-JAM-2025\\teams\\1297087-澶╁湴涓€锛佸眿锛佸ぇ鐖辩洘-Matchstick-Man-Battle\\artifact\\.mooncakes\\moonbitlang\\x\\crypto\\chacha.mbt" "D:\\Code\\MoonBit-Code-JAM-2025\\teams\\1297087-澶╁湴涓€锛佸眿锛佸ぇ鐖辩洘-Matchstick-Man-Battle\\artifact\\.mooncakes\\moonbitlang\\x\\crypto\\deprecated.mbt" "D:\\Code\\MoonBit-Code-JAM-2025\\teams\\1297087-澶╁湴涓€锛佸眿锛佸ぇ鐖辩洘-Matchstick-Man-Battle\\artifact\\.mooncakes\\moonbitlang\\x\\crypto\\hmac.mbt" "D:\\Code\\MoonBit-Code-JAM-2025\\teams\\1297087-澶╁湴涓€锛佸眿锛佸ぇ鐖辩洘-Matchstick-Man-Battle\\artifact\\.mooncakes\\moonbitlang\\x\\crypto\\md5.mbt" "D:\\Code\\MoonBit-Code-JAM-2025\\teams\\1297087-澶╁湴涓€锛佸眿锛佸ぇ鐖辩洘-Matchstick-Man-Battle\\artifact\\.mooncakes\\moonbitlang\\x\\crypto\\sha1.mbt" "D:\\Code\\MoonBit-Code-JAM-2025\\teams\\1297087-澶╁湴涓€锛佸眿锛佸ぇ鐖辩洘-Matchstick-Man-Battle\\artifact\\.mooncakes\\moonbitlang\\x\\crypto\\sha224.mbt" "D:\\Code\\MoonBit-Code-JAM-2025\\teams\\1297087-澶╁湴涓€锛佸眿锛佸ぇ鐖辩洘-Matchstick-Man-Battle\\artifact\\.mooncakes\\moonbitlang\\x\\crypto\\sha256.mbt" "D:\\Code\\MoonBit-Code-JAM-2025\\teams\\1297087-澶╁湴涓€锛佸眿锛佸ぇ鐖辩洘-Matchstick-Man-Battle\\artifact\\.mooncakes\\moonbitlang\\x\\crypto\\sm3.mbt" "D:\\Code\\MoonBit-Code-JAM-2025\\teams\\1297087-澶╁湴涓€锛佸眿锛佸ぇ鐖辩洘-Matchstick-Man-Battle\\artifact\\.mooncakes\\moonbitlang\\x\\crypto\\traits.mbt" "D:\\Code\\MoonBit-Code-JAM-2025\\teams\\1297087-澶╁湴涓€锛佸眿锛佸ぇ鐖辩洘-Matchstick-Man-Battle\\artifact\\.mooncakes\\moonbitlang\\x\\crypto\\utils.mbt" -o "D:\\Code\\MoonBit-Code-JAM-2025\\teams\\1297087-澶╁湴涓€锛佸眿锛佸ぇ鐖辩洘-Matchstick-Man-Battle\\artifact\\.mooncakes\\moonbitlang\\x\\target\\wasm-gc\\release\\check\\crypto\\crypto.mi" -pkg moonbitlang/x/crypto -std-path "C:\\Users\\18384\\.moon\\lib\\core\\target\\wasm-gc\\release\\bundle" -pkg-sources "moonbitlang/x/crypto:D:\\Code\\MoonBit-Code-JAM-2025\\teams\\1297087-澶╁湴涓€锛佸眿锛佸ぇ鐖辩洘-Matchstick-Man-Battle\\artifact\\.mooncakes\\moonbitlang\\x\\crypto" -target wasm-gc -workspace-path "D:\\Code\\MoonBit-Code-JAM-2025\\teams\\1297087-澶╁湴涓€锛佸眿锛佸ぇ鐖辩洘-Matchstick-Man-Battle\\artifact\\.mooncakes\\moonbitlang\\x"

moonc version: v0.6.31+b5b06ff93

         --  -- 
       /  //  / __--------_
      /  //  /_/            \
   ---      -                \ __
  / X        /        ____   /   )
  *_________/__/_____/______/ `--

Oops, the compiler has encountered an unexpected situation.
This is a bug in the compiler.

A bug report containing the error description and relevant code would be
greatly appreciated. You can submit the bug report here:

  https://github.com/moonbitlang/moonbit-docs/issues/new?template=ice.md

Error: Sys_error("D:\\Code\\MoonBit-Code-JAM-2025\\teams\\1297087-\230\190\182\226\149\129\230\185\180\230\182\147\226\130\172\233\148\155\228\189\184\231\156\191\233\148\155\228\189\184\227\129\135\233\144\150\232\190\169\230\180\152-Matchstick-Man-Battle\\artifact\\.mooncakes\\moonbitlang\\x\\internal\\ffi\\string_wasm.mbt: No such file or directory")

Compiler args: moonc check -error-format json "D:\\Code\\MoonBit-Code-JAM-2025\\teams\\1297087-澶╁湴涓€锛佸眿锛佸ぇ鐖辩洘-Matchstick-Man-Battle\\artifact\\.mooncakes\\moonbitlang\\x\\internal\\ffi\\byte_array_wasm.mbt" "D:\\Code\\MoonBit-Code-JAM-2025\\teams\\1297087-澶╁湴涓€锛佸眿锛佸ぇ鐖辩洘-Matchstick-Man-Battle\\artifact\\.mooncakes\\moonbitlang\\x\\internal\\ffi\\dir_wasm.mbt" "D:\\Code\\MoonBit-Code-JAM-2025\\teams\\1297087-澶╁湴涓€锛佸眿锛佸ぇ鐖辩洘-Matchstick-Man-Battle\\artifact\\.mooncakes\\moonbitlang\\x\\internal\\ffi\\string_convert.mbt" "D:\\Code\\MoonBit-Code-JAM-2025\\teams\\1297087-澶╁湴涓€锛佸眿锛佸ぇ鐖辩洘-Matchstick-Man-Battle\\artifact\\.mooncakes\\moonbitlang\\x\\internal\\ffi\\string_wasm.mbt" -o "D:\\Code\\MoonBit-Code-JAM-2025\\teams\\1297087-澶╁湴涓€锛佸眿锛佸ぇ鐖辩洘-Matchstick-Man-Battle\\artifact\\.mooncakes\\moonbitlang\\x\\target\\wasm-gc\\release\\check\\internal\\ffi\\ffi.mi" -pkg moonbitlang/x/internal/ffi -std-path "C:\\Users\\18384\\.moon\\lib\\core\\target\\wasm-gc\\release\\bundle" -pkg-sources "moonbitlang/x/internal/ffi:D:\\Code\\MoonBit-Code-JAM-2025\\teams\\1297087-澶╁湴涓€锛佸眿锛佸ぇ鐖辩洘-Matchstick-Man-Battle\\artifact\\.mooncakes\\moonbitlang\\x\\internal\\ffi" -target wasm-gc -workspace-path "D:\\Code\\MoonBit-Code-JAM-2025\\teams\\1297087-澶╁湴涓€锛佸眿锛佸ぇ鐖辩洘-Matchstick-Man-Battle\\artifact\\.mooncakes\\moonbitlang\\x"

moonc version: v0.6.31+b5b06ff93

         --  -- 
       /  //  / __--------_
      /  //  /_/            \
   ---      -                \ __
  / X        /        ____   /   )
  *_________/__/_____/______/ `--

Oops, the compiler has encountered an unexpected situation.
This is a bug in the compiler.

A bug report containing the error description and relevant code would be
greatly appreciated. You can submit the bug report here:

  https://github.com/moonbitlang/moonbit-docs/issues/new?template=ice.md

Error: Sys_error("D:\\Code\\MoonBit-Code-JAM-2025\\teams\\1297087-\230\190\182\226\149\129\230\185\180\230\182\147\226\130\172\233\148\155\228\189\184\231\156\191\233\148\155\228\189\184\227\129\135\233\144\150\232\190\169\230\180\152-Matchstick-Man-Battle\\artifact\\.mooncakes\\moonbitlang\\x\\stack\\types.mbt: No such file or directory")

Compiler args: moonc check -error-format json "D:\\Code\\MoonBit-Code-JAM-2025\\teams\\1297087-澶╁湴涓€锛佸眿锛佸ぇ鐖辩洘-Matchstick-Man-Battle\\artifact\\.mooncakes\\moonbitlang\\x\\stack\\deprecated.mbt" "D:\\Code\\MoonBit-Code-JAM-2025\\teams\\1297087-澶╁湴涓€锛佸眿锛佸ぇ鐖辩洘-Matchstick-Man-Battle\\artifact\\.mooncakes\\moonbitlang\\x\\stack\\stack.mbt" "D:\\Code\\MoonBit-Code-JAM-2025\\teams\\1297087-澶╁湴涓€锛佸眿锛佸ぇ鐖辩洘-Matchstick-Man-Battle\\artifact\\.mooncakes\\moonbitlang\\x\\stack\\types.mbt" -o "D:\\Code\\MoonBit-Code-JAM-2025\\teams\\1297087-澶╁湴涓€锛佸眿锛佸ぇ鐖辩洘-Matchstick-Man-Battle\\artifact\\.mooncakes\\moonbitlang\\x\\target\\wasm-gc\\release\\check\\stack\\stack.mi" -pkg moonbitlang/x/stack -std-path "C:\\Users\\18384\\.moon\\lib\\core\\target\\wasm-gc\\release\\bundle" -pkg-sources "moonbitlang/x/stack:D:\\Code\\MoonBit-Code-JAM-2025\\teams\\1297087-澶╁湴涓€锛佸眿锛佸ぇ鐖辩洘-Matchstick-Man-Battle\\artifact\\.mooncakes\\moonbitlang\\x\\stack" -target wasm-gc -workspace-path "D:\\Code\\MoonBit-Code-JAM-2025\\teams\\1297087-澶╁湴涓€锛佸眿锛佸ぇ鐖辩洘-Matchstick-Man-Battle\\artifact\\.mooncakes\\moonbitlang\\x"

moonc version: v0.6.31+b5b06ff93

         --  -- 
       /  //  / __--------_
      /  //  /_/            \
   ---      -                \ __
  / X        /        ____   /   )
  *_________/__/_____/______/ `--

Oops, the compiler has encountered an unexpected situation.
This is a bug in the compiler.

A bug report containing the error description and relevant code would be
greatly appreciated. You can submit the bug report here:

  https://github.com/moonbitlang/moonbit-docs/issues/new?template=ice.md

Error: Sys_error("D:\\Code\\MoonBit-Code-JAM-2025\\teams\\1297087-\230\190\182\226\149\129\230\185\180\230\182\147\226\130\172\233\148\155\228\189\184\231\156\191\233\148\155\228\189\184\227\129\135\233\144\150\232\190\169\230\180\152-Matchstick-Man-Battle\\artifact\\.mooncakes\\moonbitlang\\x\\time\\zone_offset.mbt: No such file or directory")

Compiler args: moonc check -error-format json "D:\\Code\\MoonBit-Code-JAM-2025\\teams\\1297087-澶╁湴涓€锛佸眿锛佸ぇ鐖辩洘-Matchstick-Man-Battle\\artifact\\.mooncakes\\moonbitlang\\x\\time\\duration.mbt" "D:\\Code\\MoonBit-Code-JAM-2025\\teams\\1297087-澶╁湴涓€锛佸眿锛佸ぇ鐖辩洘-Matchstick-Man-Battle\\artifact\\.mooncakes\\moonbitlang\\x\\time\\errors.mbt" "D:\\Code\\MoonBit-Code-JAM-2025\\teams\\1297087-澶╁湴涓€锛佸眿锛佸ぇ鐖辩洘-Matchstick-Man-Battle\\artifact\\.mooncakes\\moonbitlang\\x\\time\\period.mbt" "D:\\Code\\MoonBit-Code-JAM-2025\\teams\\1297087-澶╁湴涓€锛佸眿锛佸ぇ鐖辩洘-Matchstick-Man-Battle\\artifact\\.mooncakes\\moonbitlang\\x\\time\\plain_date.mbt" "D:\\Code\\MoonBit-Code-JAM-2025\\teams\\1297087-澶╁湴涓€锛佸眿锛佸ぇ鐖辩洘-Matchstick-Man-Battle\\artifact\\.mooncakes\\moonbitlang\\x\\time\\plain_date_time.mbt" "D:\\Code\\MoonBit-Code-JAM-2025\\teams\\1297087-澶╁湴涓€锛佸眿锛佸ぇ鐖辩洘-Matchstick-Man-Battle\\artifact\\.mooncakes\\moonbitlang\\x\\time\\plain_time.mbt" "D:\\Code\\MoonBit-Code-JAM-2025\\teams\\1297087-澶╁湴涓€锛佸眿锛佸ぇ鐖辩洘-Matchstick-Man-Battle\\artifact\\.mooncakes\\moonbitlang\\x\\time\\util.mbt" "D:\\Code\\MoonBit-Code-JAM-2025\\teams\\1297087-澶╁湴涓€锛佸眿锛佸ぇ鐖辩洘-Matchstick-Man-Battle\\artifact\\.mooncakes\\moonbitlang\\x\\time\\weekday.mbt" "D:\\Code\\MoonBit-Code-JAM-2025\\teams\\1297087-澶╁湴涓€锛佸眿锛佸ぇ鐖辩洘-Matchstick-Man-Battle\\artifact\\.mooncakes\\moonbitlang\\x\\time\\zone.mbt" "D:\\Code\\MoonBit-Code-JAM-2025\\teams\\1297087-澶╁湴涓€锛佸眿锛佸ぇ鐖辩洘-Matchstick-Man-Battle\\artifact\\.mooncakes\\moonbitlang\\x\\time\\zoned_date_time.mbt" "D:\\Code\\MoonBit-Code-JAM-2025\\teams\\1297087-澶╁湴涓€锛佸眿锛佸ぇ鐖辩洘-Matchstick-Man-Battle\\artifact\\.mooncakes\\moonbitlang\\x\\time\\zone_offset.mbt" -o "D:\\Code\\MoonBit-Code-JAM-2025\\teams\\1297087-澶╁湴涓€锛佸眿锛佸ぇ鐖辩洘-Matchstick-Man-Battle\\artifact\\.mooncakes\\moonbitlang\\x\\target\\wasm-gc\\release\\check\\time\\time.mi" -pkg moonbitlang/x/time -std-path "C:\\Users\\18384\\.moon\\lib\\core\\target\\wasm-gc\\release\\bundle" -pkg-sources "moonbitlang/x/time:D:\\Code\\MoonBit-Code-JAM-2025\\teams\\1297087-澶╁湴涓€锛佸眿锛佸ぇ鐖辩洘-Matchstick-Man-Battle\\artifact\\.mooncakes\\moonbitlang\\x\\time" -target wasm-gc -workspace-path "D:\\Code\\MoonBit-Code-JAM-2025\\teams\\1297087-澶╁湴涓€锛佸眿锛佸ぇ鐖辩洘-Matchstick-Man-Battle\\artifact\\.mooncakes\\moonbitlang\\x"

moonc version: v0.6.31+b5b06ff93

         --  -- 
       /  //  / __--------_
      /  //  /_/            \
   ---      -                \ __
  / X        /        ____   /   )
  *_________/__/_____/______/ `--

Oops, the compiler has encountered an unexpected situation.
This is a bug in the compiler.

A bug report containing the error description and relevant code would be
greatly appreciated. You can submit the bug report here:

  https://github.com/moonbitlang/moonbit-docs/issues/new?template=ice.md

Error: Sys_error("D:\\Code\\MoonBit-Code-JAM-2025\\teams\\1297087-\230\190\182\226\149\129\230\185\180\230\182\147\226\130\172\233\148\155\228\189\184\231\156\191\233\148\155\228\189\184\227\129\135\233\144\150\232\190\169\230\180\152-Matchstick-Man-Battle\\artifact\\.mooncakes\\moonbitlang\\x\\encoding\\types.mbt: No such file or directory")

Compiler args: moonc check -error-format json "D:\\Code\\MoonBit-Code-JAM-2025\\teams\\1297087-澶╁湴涓€锛佸眿锛佸ぇ鐖辩洘-Matchstick-Man-Battle\\artifact\\.mooncakes\\moonbitlang\\x\\encoding\\decoding.mbt" "D:\\Code\\MoonBit-Code-JAM-2025\\teams\\1297087-澶╁湴涓€锛佸眿锛佸ぇ鐖辩洘-Matchstick-Man-Battle\\artifact\\.mooncakes\\moonbitlang\\x\\encoding\\encoding.mbt" "D:\\Code\\MoonBit-Code-JAM-2025\\teams\\1297087-澶╁湴涓€锛佸眿锛佸ぇ鐖辩洘-Matchstick-Man-Battle\\artifact\\.mooncakes\\moonbitlang\\x\\encoding\\types.mbt" -o "D:\\Code\\MoonBit-Code-JAM-2025\\teams\\1297087-澶╁湴涓€锛佸眿锛佸ぇ鐖辩洘-Matchstick-Man-Battle\\artifact\\.mooncakes\\moonbitlang\\x\\target\\wasm-gc\\release\\check\\encoding\\encoding.mi" -pkg moonbitlang/x/encoding -std-path "C:\\Users\\18384\\.moon\\lib\\core\\target\\wasm-gc\\release\\bundle" -pkg-sources "moonbitlang/x/encoding:D:\\Code\\MoonBit-Code-JAM-2025\\teams\\1297087-澶╁湴涓€锛佸眿锛佸ぇ鐖辩洘-Matchstick-Man-Battle\\artifact\\.mooncakes\\moonbitlang\\x\\encoding" -target wasm-gc -workspace-path "D:\\Code\\MoonBit-Code-JAM-2025\\teams\\1297087-澶╁湴涓€锛佸眿锛佸ぇ鐖辩洘-Matchstick-Man-Battle\\artifact\\.mooncakes\\moonbitlang\\x"

moonc version: v0.6.31+b5b06ff93

         --  -- 
       /  //  / __--------_
      /  //  /_/            \
   ---      -                \ __
  / X        /        ____   /   )
  *_________/__/_____/______/ `--

Oops, the compiler has encountered an unexpected situation.
This is a bug in the compiler.

A bug report containing the error description and relevant code would be
greatly appreciated. You can submit the bug report here:

  https://github.com/moonbitlang/moonbit-docs/issues/new?template=ice.md

Error: Sys_error("D:\\Code\\MoonBit-Code-JAM-2025\\teams\\1297087-\230\190\182\226\149\129\230\185\180\230\182\147\226\130\172\233\148\155\228\189\184\231\156\191\233\148\155\228\189\184\227\129\135\233\144\150\232\190\169\230\180\152-Matchstick-Man-Battle\\artifact\\.mooncakes\\moonbitlang\\x\\num\\num.mbt: No such file or directory")

Compiler args: moonc check -error-format json "D:\\Code\\MoonBit-Code-JAM-2025\\teams\\1297087-澶╁湴涓€锛佸眿锛佸ぇ鐖辩洘-Matchstick-Man-Battle\\artifact\\.mooncakes\\moonbitlang\\x\\num\\num.mbt" -o "D:\\Code\\MoonBit-Code-JAM-2025\\teams\\1297087-澶╁湴涓€锛佸眿锛佸ぇ鐖辩洘-Matchstick-Man-Battle\\artifact\\.mooncakes\\moonbitlang\\x\\target\\wasm-gc\\release\\check\\num\\num.mi" -pkg moonbitlang/x/num -std-path "C:\\Users\\18384\\.moon\\lib\\core\\target\\wasm-gc\\release\\bundle" -pkg-sources "moonbitlang/x/num:D:\\Code\\MoonBit-Code-JAM-2025\\teams\\1297087-澶╁湴涓€锛佸眿锛佸ぇ鐖辩洘-Matchstick-Man-Battle\\artifact\\.mooncakes\\moonbitlang\\x\\num" -target wasm-gc -workspace-path "D:\\Code\\MoonBit-Code-JAM-2025\\teams\\1297087-澶╁湴涓€锛佸眿锛佸ぇ鐖辩洘-Matchstick-Man-Battle\\artifact\\.mooncakes\\moonbitlang\\x"

moonc version: v0.6.31+b5b06ff93

         --  -- 
       /  //  / __--------_
      /  //  /_/            \
   ---      -                \ __
  / X        /        ____   /   )
  *_________/__/_____/______/ `--

Oops, the compiler has encountered an unexpected situation.
This is a bug in the compiler.

A bug report containing the error description and relevant code would be
greatly appreciated. You can submit the bug report here:

  https://github.com/moonbitlang/moonbit-docs/issues/new?template=ice.md

Error: Sys_error("D:\\Code\\MoonBit-Code-JAM-2025\\teams\\1297087-\230\190\182\226\149\129\230\185\180\230\182\147\226\130\172\233\148\155\228\189\184\231\156\191\233\148\155\228\189\184\227\129\135\233\144\150\232\190\169\230\180\152-Matchstick-Man-Battle\\artifact\\.mooncakes\\moonbitlang\\x\\time\\zone_wbtest.mbt: No such file or directory")

Compiler args: moonc check -error-format json "D:\\Code\\MoonBit-Code-JAM-2025\\teams\\1297087-澶╁湴涓€锛佸眿锛佸ぇ鐖辩洘-Matchstick-Man-Battle\\artifact\\.mooncakes\\moonbitlang\\x\\time\\duration.mbt" "D:\\Code\\MoonBit-Code-JAM-2025\\teams\\1297087-澶╁湴涓€锛佸眿锛佸ぇ鐖辩洘-Matchstick-Man-Battle\\artifact\\.mooncakes\\moonbitlang\\x\\time\\errors.mbt" "D:\\Code\\MoonBit-Code-JAM-2025\\teams\\1297087-澶╁湴涓€锛佸眿锛佸ぇ鐖辩洘-Matchstick-Man-Battle\\artifact\\.mooncakes\\moonbitlang\\x\\time\\period.mbt" "D:\\Code\\MoonBit-Code-JAM-2025\\teams\\1297087-澶╁湴涓€锛佸眿锛佸ぇ鐖辩洘-Matchstick-Man-Battle\\artifact\\.mooncakes\\moonbitlang\\x\\time\\plain_date.mbt" "D:\\Code\\MoonBit-Code-JAM-2025\\teams\\1297087-澶╁湴涓€锛佸眿锛佸ぇ鐖辩洘-Matchstick-Man-Battle\\artifact\\.mooncakes\\moonbitlang\\x\\time\\plain_date_time.mbt" "D:\\Code\\MoonBit-Code-JAM-2025\\teams\\1297087-澶╁湴涓€锛佸眿锛佸ぇ鐖辩洘-Matchstick-Man-Battle\\artifact\\.mooncakes\\moonbitlang\\x\\time\\plain_time.mbt" "D:\\Code\\MoonBit-Code-JAM-2025\\teams\\1297087-澶╁湴涓€锛佸眿锛佸ぇ鐖辩洘-Matchstick-Man-Battle\\artifact\\.mooncakes\\moonbitlang\\x\\time\\util.mbt" "D:\\Code\\MoonBit-Code-JAM-2025\\teams\\1297087-澶╁湴涓€锛佸眿锛佸ぇ鐖辩洘-Matchstick-Man-Battle\\artifact\\.mooncakes\\moonbitlang\\x\\time\\weekday.mbt" "D:\\Code\\MoonBit-Code-JAM-2025\\teams\\1297087-澶╁湴涓€锛佸眿锛佸ぇ鐖辩洘-Matchstick-Man-Battle\\artifact\\.mooncakes\\moonbitlang\\x\\time\\zone.mbt" "D:\\Code\\MoonBit-Code-JAM-2025\\teams\\1297087-澶╁湴涓€锛佸眿锛佸ぇ鐖辩洘-Matchstick-Man-Battle\\artifact\\.mooncakes\\moonbitlang\\x\\time\\zoned_date_time.mbt" "D:\\Code\\MoonBit-Code-JAM-2025\\teams\\1297087-澶╁湴涓€锛佸眿锛佸ぇ鐖辩洘-Matchstick-Man-Battle\\artifact\\.mooncakes\\moonbitlang\\x\\time\\zone_offset.mbt" "D:\\Code\\MoonBit-Code-JAM-2025\\teams\\1297087-澶╁湴涓€锛佸眿锛佸ぇ鐖辩洘-Matchstick-Man-Battle\\artifact\\.mooncakes\\moonbitlang\\x\\time\\duration_wbtest.mbt" "D:\\Code\\MoonBit-Code-JAM-2025\\teams\\1297087-澶╁湴涓€锛佸眿锛佸ぇ鐖辩洘-Matchstick-Man-Battle\\artifact\\.mooncakes\\moonbitlang\\x\\time\\plain_date_time_wbtest.mbt" "D:\\Code\\MoonBit-Code-JAM-2025\\teams\\1297087-澶╁湴涓€锛佸眿锛佸ぇ鐖辩洘-Matchstick-Man-Battle\\artifact\\.mooncakes\\moonbitlang\\x\\time\\plain_date_wbtest.mbt" "D:\\Code\\MoonBit-Code-JAM-2025\\teams\\1297087-澶╁湴涓€锛佸眿锛佸ぇ鐖辩洘-Matchstick-Man-Battle\\artifact\\.mooncakes\\moonbitlang\\x\\time\\plain_time_wbtest.mbt" "D:\\Code\\MoonBit-Code-JAM-2025\\teams\\1297087-澶╁湴涓€锛佸眿锛佸ぇ鐖辩洘-Matchstick-Man-Battle\\artifact\\.mooncakes\\moonbitlang\\x\\time\\zone_wbtest.mbt" -o "D:\\Code\\MoonBit-Code-JAM-2025\\teams\\1297087-澶╁湴涓€锛佸眿锛佸ぇ鐖辩洘-Matchstick-Man-Battle\\artifact\\.mooncakes\\moonbitlang\\x\\target\\wasm-gc\\release\\check\\time\\time.whitebox_test.mi" -pkg moonbitlang/x/time -std-path "C:\\Users\\18384\\.moon\\lib\\core\\target\\wasm-gc\\release\\bundle" -pkg-sources "moonbitlang/x/time:D:\\Code\\MoonBit-Code-JAM-2025\\teams\\1297087-澶╁湴涓€锛佸眿锛佸ぇ鐖辩洘-Matchstick-Man-Battle\\artifact\\.mooncakes\\moonbitlang\\x\\time" -target wasm-gc -whitebox-test -workspace-path "D:\\Code\\MoonBit-Code-JAM-2025\\teams\\1297087-澶╁湴涓€锛佸眿锛佸ぇ鐖辩洘-Matchstick-Man-Battle\\artifact\\.mooncakes\\moonbitlang\\x"

moonc version: v0.6.31+b5b06ff93

         --  -- 
       /  //  / __--------_
      /  //  /_/            \
   ---      -                \ __
  / X        /        ____   /   )
  *_________/__/_____/______/ `--

Oops, the compiler has encountered an unexpected situation.
This is a bug in the compiler.

A bug report containing the error description and relevant code would be
greatly appreciated. You can submit the bug report here:

  https://github.com/moonbitlang/moonbit-docs/issues/new?template=ice.md

Error: Sys_error("D:\\Code\\MoonBit-Code-JAM-2025\\teams\\1297087-\230\190\182\226\149\129\230\185\180\230\182\147\226\130\172\233\148\155\228\189\184\231\156\191\233\148\155\228\189\184\227\129\135\233\144\150\232\190\169\230\180\152-Matchstick-Man-Battle\\artifact\\.mooncakes\\moonbitlang\\x\\rational\\types.mbt: No such file or directory")

Compiler args: moonc check -error-format json "D:\\Code\\MoonBit-Code-JAM-2025\\teams\\1297087-澶╁湴涓€锛佸眿锛佸ぇ鐖辩洘-Matchstick-Man-Battle\\artifact\\.mooncakes\\moonbitlang\\x\\rational\\rational.mbt" "D:\\Code\\MoonBit-Code-JAM-2025\\teams\\1297087-澶╁湴涓€锛佸眿锛佸ぇ鐖辩洘-Matchstick-Man-Battle\\artifact\\.mooncakes\\moonbitlang\\x\\rational\\types.mbt" -o "D:\\Code\\MoonBit-Code-JAM-2025\\teams\\1297087-澶╁湴涓€锛佸眿锛佸ぇ鐖辩洘-Matchstick-Man-Battle\\artifact\\.mooncakes\\moonbitlang\\x\\target\\wasm-gc\\release\\check\\rational\\rational.mi" -pkg moonbitlang/x/rational -std-path "C:\\Users\\18384\\.moon\\lib\\core\\target\\wasm-gc\\release\\bundle" -pkg-sources "moonbitlang/x/rational:D:\\Code\\MoonBit-Code-JAM-2025\\teams\\1297087-澶╁湴涓€锛佸眿锛佸ぇ鐖辩洘-Matchstick-Man-Battle\\artifact\\.mooncakes\\moonbitlang\\x\\rational" -target wasm-gc -workspace-path "D:\\Code\\MoonBit-Code-JAM-2025\\teams\\1297087-澶╁湴涓€锛佸眿锛佸ぇ鐖辩洘-Matchstick-Man-Battle\\artifact\\.mooncakes\\moonbitlang\\x"

moonc version: v0.6.31+b5b06ff93

         --  -- 
       /  //  / __--------_
      /  //  /_/            \
   ---      -                \ __
  / X        /        ____   /   )
  *_________/__/_____/______/ `--

Oops, the compiler has encountered an unexpected situation.
This is a bug in the compiler.

A bug report containing the error description and relevant code would be
greatly appreciated. You can submit the bug report here:

  https://github.com/moonbitlang/moonbit-docs/issues/new?template=ice.md

Error: Sys_error("D:\\Code\\MoonBit-Code-JAM-2025\\teams\\1297087-\230\190\182\226\149\129\230\185\180\230\182\147\226\130\172\233\148\155\228\189\184\231\156\191\233\148\155\228\189\184\227\129\135\233\144\150\232\190\169\230\180\152-Matchstick-Man-Battle\\artifact\\.mooncakes\\moonbitlang\\x\\json5\\util.mbt: No such file or directory")

Compiler args: moonc check -error-format json "D:\\Code\\MoonBit-Code-JAM-2025\\teams\\1297087-澶╁湴涓€锛佸眿锛佸ぇ鐖辩洘-Matchstick-Man-Battle\\artifact\\.mooncakes\\moonbitlang\\x\\json5\\internal_types.mbt" "D:\\Code\\MoonBit-Code-JAM-2025\\teams\\1297087-澶╁湴涓€锛佸眿锛佸ぇ鐖辩洘-Matchstick-Man-Battle\\artifact\\.mooncakes\\moonbitlang\\x\\json5\\lex_main.mbt" "D:\\Code\\MoonBit-Code-JAM-2025\\teams\\1297087-澶╁湴涓€锛佸眿锛佸ぇ鐖辩洘-Matchstick-Man-Battle\\artifact\\.mooncakes\\moonbitlang\\x\\json5\\lex_misc.mbt" "D:\\Code\\MoonBit-Code-JAM-2025\\teams\\1297087-澶╁湴涓€锛佸眿锛佸ぇ鐖辩洘-Matchstick-Man-Battle\\artifact\\.mooncakes\\moonbitlang\\x\\json5\\lex_number.mbt" "D:\\Code\\MoonBit-Code-JAM-2025\\teams\\1297087-澶╁湴涓€锛佸眿锛佸ぇ鐖辩洘-Matchstick-Man-Battle\\artifact\\.mooncakes\\moonbitlang\\x\\json5\\lex_prop.mbt" "D:\\Code\\MoonBit-Code-JAM-2025\\teams\\1297087-澶╁湴涓€锛佸眿锛佸ぇ鐖辩洘-Matchstick-Man-Battle\\artifact\\.mooncakes\\moonbitlang\\x\\json5\\lex_string.mbt" "D:\\Code\\MoonBit-Code-JAM-2025\\teams\\1297087-澶╁湴涓€锛佸眿锛佸ぇ鐖辩洘-Matchstick-Man-Battle\\artifact\\.mooncakes\\moonbitlang\\x\\json5\\parse.mbt" "D:\\Code\\MoonBit-Code-JAM-2025\\teams\\1297087-澶╁湴涓€锛佸眿锛佸ぇ鐖辩洘-Matchstick-Man-Battle\\artifact\\.mooncakes\\moonbitlang\\x\\json5\\types.mbt" "D:\\Code\\MoonBit-Code-JAM-2025\\teams\\1297087-澶╁湴涓€锛佸眿锛佸ぇ鐖辩洘-Matchstick-Man-Battle\\artifact\\.mooncakes\\moonbitlang\\x\\json5\\unicode_gen.mbt" "D:\\Code\\MoonBit-Code-JAM-2025\\teams\\1297087-澶╁湴涓€锛佸眿锛佸ぇ鐖辩洘-Matchstick-Man-Battle\\artifact\\.mooncakes\\moonbitlang\\x\\json5\\util.mbt" -o "D:\\Code\\MoonBit-Code-JAM-2025\\teams\\1297087-澶╁湴涓€锛佸眿锛佸ぇ鐖辩洘-Matchstick-Man-Battle\\artifact\\.mooncakes\\moonbitlang\\x\\target\\wasm-gc\\release\\check\\json5\\json5.mi" -pkg moonbitlang/x/json5 -std-path "C:\\Users\\18384\\.moon\\lib\\core\\target\\wasm-gc\\release\\bundle" -pkg-sources "moonbitlang/x/json5:D:\\Code\\MoonBit-Code-JAM-2025\\teams\\1297087-澶╁湴涓€锛佸眿锛佸ぇ鐖辩洘-Matchstick-Man-Battle\\artifact\\.mooncakes\\moonbitlang\\x\\json5" -target wasm-gc -workspace-path "D:\\Code\\MoonBit-Code-JAM-2025\\teams\\1297087-澶╁湴涓€锛佸眿锛佸ぇ鐖辩洘-Matchstick-Man-Battle\\artifact\\.mooncakes\\moonbitlang\\x"

moonc version: v0.6.31+b5b06ff93
