{"$message_type":"diagnostic","level":"error","loc":{"path":"D:\\selene-main\\examples\\pixeladventure\\.mooncakes\\rami3l\\js-ffi\\src\\js\\async.mbt","start":{"line":21,"col":1},"end":{"line":26,"col":75}},"message":"extern \"js\" is unsupported in wasm backend.","error_code":4156}
{"$message_type":"diagnostic","level":"error","loc":{"path":"D:\\selene-main\\examples\\pixeladventure\\.mooncakes\\rami3l\\js-ffi\\src\\js\\async.mbt","start":{"line":47,"col":1},"end":{"line":48,"col":47}},"message":"extern \"js\" is unsupported in wasm backend.","error_code":4156}
{"$message_type":"diagnostic","level":"error","loc":{"path":"D:\\selene-main\\examples\\pixeladventure\\.mooncakes\\rami3l\\js-ffi\\src\\js\\async.mbt","start":{"line":62,"col":1},"end":{"line":62,"col":98}},"message":"extern \"js\" is unsupported in wasm backend.","error_code":4156}
{"$message_type":"diagnostic","level":"error","loc":{"path":"D:\\selene-main\\examples\\pixeladventure\\.mooncakes\\rami3l\\js-ffi\\src\\js\\cast.mbt","start":{"line":23,"col":1},"end":{"line":24,"col":45}},"message":"extern \"js\" is unsupported in wasm backend.","error_code":4156}
{"$message_type":"diagnostic","level":"error","loc":{"path":"D:\\selene-main\\examples\\pixeladventure\\.mooncakes\\rami3l\\js-ffi\\src\\js\\cast.mbt","start":{"line":27,"col":1},"end":{"line":28,"col":68}},"message":"extern \"js\" is unsupported in wasm backend.","error_code":4156}
{"$message_type":"diagnostic","level":"error","loc":{"path":"D:\\selene-main\\examples\\pixeladventure\\.mooncakes\\rami3l\\js-ffi\\src\\js\\cast.mbt","start":{"line":31,"col":1},"end":{"line":32,"col":45}},"message":"extern \"js\" is unsupported in wasm backend.","error_code":4156}
{"$message_type":"diagnostic","level":"error","loc":{"path":"D:\\selene-main\\examples\\pixeladventure\\.mooncakes\\rami3l\\js-ffi\\src\\js\\cast.mbt","start":{"line":35,"col":1},"end":{"line":36,"col":46}},"message":"extern \"js\" is unsupported in wasm backend.","error_code":4156}
{"$message_type":"diagnostic","level":"error","loc":{"path":"D:\\selene-main\\examples\\pixeladventure\\.mooncakes\\rami3l\\js-ffi\\src\\js\\cast.mbt","start":{"line":39,"col":1},"end":{"line":40,"col":40}},"message":"extern \"js\" is unsupported in wasm backend.","error_code":4156}
{"$message_type":"diagnostic","level":"error","loc":{"path":"D:\\selene-main\\examples\\pixeladventure\\.mooncakes\\rami3l\\js-ffi\\src\\js\\error.mbt","start":{"line":5,"col":1},"end":{"line":5,"col":81}},"message":"extern \"js\" is unsupported in wasm backend.","error_code":4156}
{"$message_type":"diagnostic","level":"error","loc":{"path":"D:\\selene-main\\examples\\pixeladventure\\.mooncakes\\rami3l\\js-ffi\\src\\js\\error.mbt","start":{"line":26,"col":1},"end":{"line":31,"col":82}},"message":"extern \"js\" is unsupported in wasm backend.","error_code":4156}
{"$message_type":"diagnostic","level":"error","loc":{"path":"D:\\selene-main\\examples\\pixeladventure\\.mooncakes\\rami3l\\js-ffi\\src\\js\\object.mbt","start":{"line":5,"col":1},"end":{"line":5,"col":66}},"message":"extern \"js\" is unsupported in wasm backend.","error_code":4156}
{"$message_type":"diagnostic","level":"error","loc":{"path":"D:\\selene-main\\examples\\pixeladventure\\.mooncakes\\rami3l\\js-ffi\\src\\js\\object.mbt","start":{"line":18,"col":1},"end":{"line":19,"col":62}},"message":"extern \"js\" is unsupported in wasm backend.","error_code":4156}
{"$message_type":"diagnostic","level":"error","loc":{"path":"D:\\selene-main\\examples\\pixeladventure\\.mooncakes\\rami3l\\js-ffi\\src\\js\\object.mbt","start":{"line":22,"col":1},"end":{"line":23,"col":42}},"message":"extern \"js\" is unsupported in wasm backend.","error_code":4156}
{"$message_type":"diagnostic","level":"error","loc":{"path":"D:\\selene-main\\examples\\pixeladventure\\.mooncakes\\rami3l\\js-ffi\\src\\js\\require.mbt","start":{"line":2,"col":1},"end":{"line":2,"col":79}},"message":"extern \"js\" is unsupported in wasm backend.","error_code":4156}
{"$message_type":"diagnostic","level":"error","loc":{"path":"D:\\selene-main\\examples\\pixeladventure\\.mooncakes\\rami3l\\js-ffi\\src\\js\\symbol.mbt","start":{"line":26,"col":1},"end":{"line":27,"col":30}},"message":"extern \"js\" is unsupported in wasm backend.","error_code":4156}
{"$message_type":"diagnostic","level":"error","loc":{"path":"D:\\selene-main\\examples\\pixeladventure\\.mooncakes\\rami3l\\js-ffi\\src\\js\\symbol.mbt","start":{"line":30,"col":1},"end":{"line":31,"col":27}},"message":"extern \"js\" is unsupported in wasm backend.","error_code":4156}
{"$message_type":"diagnostic","level":"error","loc":{"path":"D:\\selene-main\\examples\\pixeladventure\\.mooncakes\\rami3l\\js-ffi\\src\\js\\symbol.mbt","start":{"line":37,"col":1},"end":{"line":38,"col":32}},"message":"extern \"js\" is unsupported in wasm backend.","error_code":4156}
{"$message_type":"diagnostic","level":"error","loc":{"path":"D:\\selene-main\\examples\\pixeladventure\\.mooncakes\\rami3l\\js-ffi\\src\\js\\value.mbt","start":{"line":12,"col":1},"end":{"line":12,"col":90}},"message":"extern \"js\" is unsupported in wasm backend.","error_code":4156}
{"$message_type":"diagnostic","level":"error","loc":{"path":"D:\\selene-main\\examples\\pixeladventure\\.mooncakes\\rami3l\\js-ffi\\src\\js\\value.mbt","start":{"line":160,"col":1},"end":{"line":160,"col":81}},"message":"extern \"js\" is unsupported in wasm backend.","error_code":4156}
{"$message_type":"diagnostic","level":"error","loc":{"path":"D:\\selene-main\\examples\\pixeladventure\\.mooncakes\\rami3l\\js-ffi\\src\\js\\value.mbt","start":{"line":173,"col":1},"end":{"line":174,"col":36}},"message":"extern \"js\" is unsupported in wasm backend.","error_code":4156}
{"$message_type":"diagnostic","level":"error","loc":{"path":"D:\\selene-main\\examples\\pixeladventure\\.mooncakes\\rami3l\\js-ffi\\src\\js\\value.mbt","start":{"line":177,"col":1},"end":{"line":178,"col":51}},"message":"extern \"js\" is unsupported in wasm backend.","error_code":4156}
{"$message_type":"diagnostic","level":"error","loc":{"path":"D:\\selene-main\\examples\\pixeladventure\\.mooncakes\\rami3l\\js-ffi\\src\\js\\value.mbt","start":{"line":181,"col":1},"end":{"line":182,"col":31}},"message":"extern \"js\" is unsupported in wasm backend.","error_code":4156}
{"$message_type":"diagnostic","level":"error","loc":{"path":"D:\\selene-main\\examples\\pixeladventure\\.mooncakes\\rami3l\\js-ffi\\src\\js\\value.mbt","start":{"line":185,"col":1},"end":{"line":186,"col":36}},"message":"extern \"js\" is unsupported in wasm backend.","error_code":4156}
{"$message_type":"diagnostic","level":"error","loc":{"path":"D:\\selene-main\\examples\\pixeladventure\\.mooncakes\\rami3l\\js-ffi\\src\\js\\value.mbt","start":{"line":189,"col":1},"end":{"line":190,"col":42}},"message":"extern \"js\" is unsupported in wasm backend.","error_code":4156}
{"$message_type":"diagnostic","level":"error","loc":{"path":"D:\\selene-main\\examples\\pixeladventure\\.mooncakes\\rami3l\\js-ffi\\src\\js\\value.mbt","start":{"line":193,"col":1},"end":{"line":194,"col":42}},"message":"extern \"js\" is unsupported in wasm backend.","error_code":4156}
{"$message_type":"diagnostic","level":"error","loc":{"path":"D:\\selene-main\\examples\\pixeladventure\\.mooncakes\\rami3l\\js-ffi\\src\\js\\value.mbt","start":{"line":197,"col":1},"end":{"line":198,"col":42}},"message":"extern \"js\" is unsupported in wasm backend.","error_code":4156}
{"$message_type":"diagnostic","level":"error","loc":{"path":"D:\\selene-main\\examples\\pixeladventure\\.mooncakes\\rami3l\\js-ffi\\src\\js\\value.mbt","start":{"line":201,"col":1},"end":{"line":202,"col":42}},"message":"extern \"js\" is unsupported in wasm backend.","error_code":4156}
{"$message_type":"diagnostic","level":"error","loc":{"path":"D:\\selene-main\\examples\\pixeladventure\\.mooncakes\\rami3l\\js-ffi\\src\\js\\value.mbt","start":{"line":205,"col":1},"end":{"line":206,"col":22}},"message":"extern \"js\" is unsupported in wasm backend.","error_code":4156}
{"$message_type":"diagnostic","level":"error","loc":{"path":"D:\\selene-main\\examples\\pixeladventure\\.mooncakes\\rami3l\\js-ffi\\src\\js\\value.mbt","start":{"line":209,"col":1},"end":{"line":210,"col":28}},"message":"extern \"js\" is unsupported in wasm backend.","error_code":4156}
{"$message_type":"diagnostic","level":"error","loc":{"path":"D:\\selene-main\\examples\\pixeladventure\\.mooncakes\\rami3l\\js-ffi\\src\\js\\value.mbt","start":{"line":213,"col":1},"end":{"line":214,"col":47}},"message":"extern \"js\" is unsupported in wasm backend.","error_code":4156}
{"$message_type":"diagnostic","level":"error","loc":{"path":"D:\\selene-main\\examples\\pixeladventure\\.mooncakes\\rami3l\\js-ffi\\src\\js\\value.mbt","start":{"line":217,"col":1},"end":{"line":218,"col":45}},"message":"extern \"js\" is unsupported in wasm backend.","error_code":4156}
{"$message_type":"diagnostic","level":"error","loc":{"path":"D:\\selene-main\\examples\\pixeladventure\\.mooncakes\\rami3l\\js-ffi\\src\\js\\value.mbt","start":{"line":221,"col":1},"end":{"line":222,"col":35}},"message":"extern \"js\" is unsupported in wasm backend.","error_code":4156}
{"$message_type":"diagnostic","level":"error","loc":{"path":"D:\\selene-main\\examples\\pixeladventure\\.mooncakes\\rami3l\\js-ffi\\src\\js\\value.mbt","start":{"line":225,"col":1},"end":{"line":226,"col":49}},"message":"extern \"js\" is unsupported in wasm backend.","error_code":4156}
{"$message_type":"diagnostic","level":"error","loc":{"path":"D:\\selene-main\\examples\\pixeladventure\\.mooncakes\\rami3l\\js-ffi\\src\\js\\value.mbt","start":{"line":229,"col":1},"end":{"line":230,"col":39}},"message":"extern \"js\" is unsupported in wasm backend.","error_code":4156}
{"$message_type":"diagnostic","level":"error","loc":{"path":"D:\\selene-main\\examples\\pixeladventure\\.mooncakes\\rami3l\\js-ffi\\src\\js\\value.mbt","start":{"line":233,"col":1},"end":{"line":234,"col":16}},"message":"extern \"js\" is unsupported in wasm backend.","error_code":4156}
{"$message_type":"diagnostic","level":"error","loc":{"path":"D:\\selene-main\\examples\\pixeladventure\\.mooncakes\\rami3l\\js-ffi\\src\\js\\value.mbt","start":{"line":237,"col":1},"end":{"line":238,"col":21}},"message":"extern \"js\" is unsupported in wasm backend.","error_code":4156}
{"$message_type":"diagnostic","level":"error","loc":{"path":"D:\\selene-main\\examples\\pixeladventure\\.mooncakes\\rami3l\\js-ffi\\src\\js\\value.mbt","start":{"line":241,"col":1},"end":{"line":249,"col":6}},"message":"extern \"js\" is unsupported in wasm backend.","error_code":4156}
{"$message_type":"diagnostic","level":"warning","loc":{"path":"D:\\selene-main\\examples\\pixeladventure\\src\\game.mbt","start":{"line":55,"col":3},"end":{"line":55,"col":6}},"message":"Warning: Variant 'Win' is never constructed","error_code":6}
{"$message_type":"diagnostic","level":"warning","loc":{"path":"D:\\selene-main\\examples\\pixeladventure\\src\\game.mbt","start":{"line":98,"col":4},"end":{"line":98,"col":13}},"message":"Warning: Unused function 'set_score'","error_code":1}
{"$message_type":"diagnostic","level":"warning","loc":{"path":"D:\\selene-main\\examples\\pixeladventure\\src\\game.mbt","start":{"line":108,"col":4},"end":{"line":108,"col":15}},"message":"Warning: Unused function 'changeBeads'","error_code":1}
{"$message_type":"diagnostic","level":"warning","loc":{"path":"D:\\selene-main\\examples\\pixeladventure\\src\\main.mbt","start":{"line":25,"col":7},"end":{"line":25,"col":26}},"message":"Warning: Unused variable 'REAL_VIEWPORT_WIDTH'","error_code":2}
{"$message_type":"diagnostic","level":"warning","loc":{"path":"D:\\selene-main\\examples\\pixeladventure\\src\\main.mbt","start":{"line":28,"col":7},"end":{"line":28,"col":27}},"message":"Warning: Unused variable 'REAL_VIEWPORT_HEIGHT'","error_code":2}
{"$message_type":"diagnostic","level":"warning","loc":{"path":"D:\\selene-main\\examples\\pixeladventure\\src\\main.mbt","start":{"line":62,"col":7},"end":{"line":62,"col":15}},"message":"Warning: Field 'revealed' is never read","error_code":7}
{"$message_type":"diagnostic","level":"warning","loc":{"path":"D:\\selene-main\\examples\\pixeladventure\\src\\main.mbt","start":{"line":63,"col":7},"end":{"line":63,"col":14}},"message":"Warning: Field 'matched' is never read","error_code":7}
{"$message_type":"diagnostic","level":"warning","loc":{"path":"D:\\selene-main\\examples\\pixeladventure\\src\\main.mbt","start":{"line":70,"col":3},"end":{"line":70,"col":14}},"message":"Warning: Field 'new_blocks2' is never read","error_code":7}
{"$message_type":"diagnostic","level":"warning","loc":{"path":"D:\\selene-main\\examples\\pixeladventure\\src\\main.mbt","start":{"line":73,"col":7},"end":{"line":73,"col":12}},"message":"Warning: Field 'score' is never read","error_code":7}
{"$message_type":"diagnostic","level":"warning","loc":{"path":"D:\\selene-main\\examples\\pixeladventure\\src\\main.mbt","start":{"line":75,"col":3},"end":{"line":75,"col":21}},"message":"Warning: Field 'select_four_blocks' is never read","error_code":7}
{"$message_type":"diagnostic","level":"warning","loc":{"path":"D:\\selene-main\\examples\\pixeladventure\\src\\main.mbt","start":{"line":76,"col":3},"end":{"line":76,"col":18}},"message":"Warning: Field 'selected_blocks' is never read","error_code":7}
{"$message_type":"diagnostic","level":"warning","loc":{"path":"D:\\selene-main\\examples\\pixeladventure\\src\\main.mbt","start":{"line":77,"col":3},"end":{"line":77,"col":13}},"message":"Warning: Field 'game_state' is never read","error_code":7}
{"$message_type":"diagnostic","level":"warning","loc":{"path":"D:\\selene-main\\examples\\pixeladventure\\src\\main.mbt","start":{"line":79,"col":3},"end":{"line":79,"col":13}},"message":"Warning: Field 'timer1_box' is never read","error_code":7}
{"$message_type":"diagnostic","level":"warning","loc":{"path":"D:\\selene-main\\examples\\pixeladventure\\src\\main.mbt","start":{"line":81,"col":3},"end":{"line":81,"col":9}},"message":"Warning: Field 'timer1' is never read","error_code":7}
{"$message_type":"diagnostic","level":"warning","loc":{"path":"D:\\selene-main\\examples\\pixeladventure\\src\\main.mbt","start":{"line":85,"col":7},"end":{"line":85,"col":12}},"message":"Warning: Field 'click' is never read","error_code":7}
{"$message_type":"diagnostic","level":"warning","loc":{"path":"D:\\selene-main\\examples\\pixeladventure\\src\\map.mbt","start":{"line":16,"col":4},"end":{"line":16,"col":17}},"message":"Warning: Unused function 'tile_to_vec2d'","error_code":1}
{"$message_type":"diagnostic","level":"warning","loc":{"path":"D:\\selene-main\\examples\\pixeladventure\\src\\player.mbt","start":{"line":76,"col":4},"end":{"line":76,"col":14}},"message":"Warning: Unused function 'add_player'","error_code":1}
{"$message_type":"diagnostic","level":"warning","loc":{"path":"D:\\selene-main\\examples\\pixeladventure\\src\\player.mbt","start":{"line":76,"col":15},"end":{"line":76,"col":18}},"message":"Warning: Unused variable 'pos'","error_code":2}
{"$message_type":"diagnostic","level":"warning","loc":{"path":"D:\\selene-main\\examples\\pixeladventure\\src\\player.mbt","start":{"line":124,"col":4},"end":{"line":124,"col":27}},"message":"Warning: Unused function 'player_collision_system'","error_code":1}
{"$message_type":"diagnostic","level":"warning","loc":{"path":"D:\\selene-main\\examples\\pixeladventure\\src\\player.mbt","start":{"line":143,"col":4},"end":{"line":143,"col":23}},"message":"Warning: Unused function 'player_state_system'","error_code":1}
{"$message_type":"diagnostic","level":"warning","loc":{"path":"D:\\selene-main\\examples\\pixeladventure\\src\\ui.mbt","start":{"line":16,"col":4},"end":{"line":16,"col":18}},"message":"Warning: Unused function 'add_result_box'","error_code":1}
{"$message_type":"diagnostic","level":"warning","loc":{"path":"D:\\selene-main\\examples\\pixeladventure\\src\\ui.mbt","start":{"line":37,"col":4},"end":{"line":37,"col":18}},"message":"Warning: Unused function 'add_health_box'","error_code":1}
{"$message_type":"diagnostic","level":"warning","loc":{"path":"D:\\selene-main\\examples\\pixeladventure\\src\\ui.mbt","start":{"line":46,"col":4},"end":{"line":46,"col":21}},"message":"Warning: Unused function 'add_volume_button'","error_code":1}
