{"$message_type":"diagnostic","level":"warning","loc":{"path":"D:\\selene-main - c - pow\\examples\\pixeladventure\\src\\base.mbt","start":{"line":10,"col":4},"end":{"line":10,"col":12}},"message":"Warning: Unused function 'add_font'","error_code":1}
{"$message_type":"diagnostic","level":"warning","loc":{"path":"D:\\selene-main - c - pow\\examples\\pixeladventure\\src\\base.mbt","start":{"line":19,"col":4},"end":{"line":19,"col":13}},"message":"Warning: Unused function 'add_font1'","error_code":1}
{"$message_type":"diagnostic","level":"warning","loc":{"path":"D:\\selene-main - c - pow\\examples\\pixeladventure\\src\\base.mbt","start":{"line":28,"col":4},"end":{"line":28,"col":13}},"message":"Warning: Unused function 'add_font2'","error_code":1}
{"$message_type":"diagnostic","level":"warning","loc":{"path":"D:\\selene-main - c - pow\\examples\\pixeladventure\\src\\base.mbt","start":{"line":37,"col":4},"end":{"line":37,"col":16}},"message":"Warning: Unused function 'add_new_font'","error_code":1}
{"$message_type":"diagnostic","level":"warning","loc":{"path":"D:\\selene-main - c - pow\\examples\\pixeladventure\\src\\base.mbt","start":{"line":252,"col":4},"end":{"line":252,"col":17}},"message":"Warning: Unused function 'add_alert_box'","error_code":1}
{"$message_type":"diagnostic","level":"warning","loc":{"path":"D:\\selene-main - c - pow\\examples\\pixeladventure\\src\\base.mbt","start":{"line":260,"col":4},"end":{"line":260,"col":18}},"message":"Warning: Unused function 'add_change_box'","error_code":1}
{"$message_type":"diagnostic","level":"warning","loc":{"path":"D:\\selene-main - c - pow\\examples\\pixeladventure\\src\\base.mbt","start":{"line":268,"col":4},"end":{"line":268,"col":17}},"message":"Warning: Unused function 'add_level_box'","error_code":1}
{"$message_type":"diagnostic","level":"warning","loc":{"path":"D:\\selene-main - c - pow\\examples\\pixeladventure\\src\\base.mbt","start":{"line":304,"col":4},"end":{"line":304,"col":18}},"message":"Warning: Unused function 'add_color_font'","error_code":1}
{"$message_type":"diagnostic","level":"warning","loc":{"path":"D:\\selene-main - c - pow\\examples\\pixeladventure\\src\\base.mbt","start":{"line":347,"col":4},"end":{"line":347,"col":19}},"message":"Warning: Unused function 'add_color_line2'","error_code":1}
{"$message_type":"diagnostic","level":"warning","loc":{"path":"D:\\selene-main - c - pow\\examples\\pixeladventure\\src\\base.mbt","start":{"line":361,"col":4},"end":{"line":361,"col":19}},"message":"Warning: Unused function 'add_color_line3'","error_code":1}
{"$message_type":"diagnostic","level":"warning","loc":{"path":"D:\\selene-main - c - pow\\examples\\pixeladventure\\src\\base.mbt","start":{"line":403,"col":4},"end":{"line":403,"col":24}},"message":"Warning: Unused function 'add_frame_color_line'","error_code":1}
{"$message_type":"diagnostic","level":"warning","loc":{"path":"D:\\selene-main - c - pow\\examples\\pixeladventure\\src\\base_level1.mbt","start":{"line":2,"col":4},"end":{"line":2,"col":18}},"message":"Warning: Unused function 'add_new_block1'","error_code":1}
{"$message_type":"diagnostic","level":"warning","loc":{"path":"D:\\selene-main - c - pow\\examples\\pixeladventure\\src\\base_level1.mbt","start":{"line":8,"col":4},"end":{"line":8,"col":18}},"message":"Warning: Unused function 'add_new_block2'","error_code":1}
{"$message_type":"diagnostic","level":"warning","loc":{"path":"D:\\selene-main - c - pow\\examples\\pixeladventure\\src\\base_level1.mbt","start":{"line":14,"col":4},"end":{"line":14,"col":18}},"message":"Warning: Unused function 'add_new_block3'","error_code":1}
{"$message_type":"diagnostic","level":"warning","loc":{"path":"D:\\selene-main - c - pow\\examples\\pixeladventure\\src\\base_level2.mbt","start":{"line":2,"col":4},"end":{"line":2,"col":17}},"message":"Warning: Unused function 'color_control'","error_code":1}
{"$message_type":"diagnostic","level":"warning","loc":{"path":"D:\\selene-main - c - pow\\examples\\pixeladventure\\src\\base_level2.mbt","start":{"line":7,"col":4},"end":{"line":7,"col":21}},"message":"Warning: Unused function 'color_one_control'","error_code":1}
{"$message_type":"diagnostic","level":"warning","loc":{"path":"D:\\selene-main - c - pow\\examples\\pixeladventure\\src\\base_level2.mbt","start":{"line":24,"col":4},"end":{"line":24,"col":21}},"message":"Warning: Unused function 'color_two_control'","error_code":1}
{"$message_type":"diagnostic","level":"warning","loc":{"path":"D:\\selene-main - c - pow\\examples\\pixeladventure\\src\\base_level2.mbt","start":{"line":41,"col":4},"end":{"line":41,"col":23}},"message":"Warning: Unused function 'color_three_control'","error_code":1}
{"$message_type":"diagnostic","level":"warning","loc":{"path":"D:\\selene-main - c - pow\\examples\\pixeladventure\\src\\base_level2.mbt","start":{"line":58,"col":4},"end":{"line":58,"col":22}},"message":"Warning: Unused function 'color_four_control'","error_code":1}
{"$message_type":"diagnostic","level":"warning","loc":{"path":"D:\\selene-main - c - pow\\examples\\pixeladventure\\src\\base_level2.mbt","start":{"line":75,"col":4},"end":{"line":75,"col":21}},"message":"Warning: Unused function 'color_red_control'","error_code":1}
{"$message_type":"diagnostic","level":"warning","loc":{"path":"D:\\selene-main - c - pow\\examples\\pixeladventure\\src\\base_level2.mbt","start":{"line":92,"col":4},"end":{"line":92,"col":22}},"message":"Warning: Unused function 'color_red_control1'","error_code":1}
{"$message_type":"diagnostic","level":"warning","loc":{"path":"D:\\selene-main - c - pow\\examples\\pixeladventure\\src\\base_level2.mbt","start":{"line":109,"col":4},"end":{"line":109,"col":22}},"message":"Warning: Unused function 'color_red_control2'","error_code":1}
{"$message_type":"diagnostic","level":"warning","loc":{"path":"D:\\selene-main - c - pow\\examples\\pixeladventure\\src\\base_level2.mbt","start":{"line":126,"col":4},"end":{"line":126,"col":22}},"message":"Warning: Unused function 'color_red_control3'","error_code":1}
{"$message_type":"diagnostic","level":"warning","loc":{"path":"D:\\selene-main - c - pow\\examples\\pixeladventure\\src\\base_level2.mbt","start":{"line":144,"col":4},"end":{"line":144,"col":24}},"message":"Warning: Unused function 'color_control_cancle'","error_code":1}
{"$message_type":"diagnostic","level":"warning","loc":{"path":"D:\\selene-main - c - pow\\examples\\pixeladventure\\src\\base_level2.mbt","start":{"line":149,"col":4},"end":{"line":149,"col":25}},"message":"Warning: Unused function 'color_control_cancle1'","error_code":1}
{"$message_type":"diagnostic","level":"warning","loc":{"path":"D:\\selene-main - c - pow\\examples\\pixeladventure\\src\\base_level2.mbt","start":{"line":154,"col":4},"end":{"line":154,"col":25}},"message":"Warning: Unused function 'color_control_cancle2'","error_code":1}
{"$message_type":"diagnostic","level":"warning","loc":{"path":"D:\\selene-main - c - pow\\examples\\pixeladventure\\src\\base_level2.mbt","start":{"line":159,"col":4},"end":{"line":159,"col":25}},"message":"Warning: Unused function 'color_control_cancle3'","error_code":1}
{"$message_type":"diagnostic","level":"warning","loc":{"path":"D:\\selene-main - c - pow\\examples\\pixeladventure\\src\\base_level2.mbt","start":{"line":164,"col":4},"end":{"line":164,"col":25}},"message":"Warning: Unused function 'color_control_cancle4'","error_code":1}
{"$message_type":"diagnostic","level":"warning","loc":{"path":"D:\\selene-main - c - pow\\examples\\pixeladventure\\src\\base_level2.mbt","start":{"line":170,"col":4},"end":{"line":170,"col":22}},"message":"Warning: Unused function 'add_new_two_block1'","error_code":1}
{"$message_type":"diagnostic","level":"warning","loc":{"path":"D:\\selene-main - c - pow\\examples\\pixeladventure\\src\\base_level2.mbt","start":{"line":188,"col":4},"end":{"line":188,"col":22}},"message":"Warning: Unused function 'add_new_two_block2'","error_code":1}
{"$message_type":"diagnostic","level":"warning","loc":{"path":"D:\\selene-main - c - pow\\examples\\pixeladventure\\src\\base_level2.mbt","start":{"line":206,"col":4},"end":{"line":206,"col":22}},"message":"Warning: Unused function 'add_new_two_block3'","error_code":1}
{"$message_type":"diagnostic","level":"warning","loc":{"path":"D:\\selene-main - c - pow\\examples\\pixeladventure\\src\\base_level2.mbt","start":{"line":224,"col":4},"end":{"line":224,"col":24}},"message":"Warning: Unused function 'add_new_three_block1'","error_code":1}
{"$message_type":"diagnostic","level":"warning","loc":{"path":"D:\\selene-main - c - pow\\examples\\pixeladventure\\src\\base_level2.mbt","start":{"line":242,"col":4},"end":{"line":242,"col":24}},"message":"Warning: Unused function 'add_new_three_block2'","error_code":1}
{"$message_type":"diagnostic","level":"warning","loc":{"path":"D:\\selene-main - c - pow\\examples\\pixeladventure\\src\\base_level2.mbt","start":{"line":260,"col":4},"end":{"line":260,"col":24}},"message":"Warning: Unused function 'add_new_three_block3'","error_code":1}
{"$message_type":"diagnostic","level":"warning","loc":{"path":"D:\\selene-main - c - pow\\examples\\pixeladventure\\src\\base_level2.mbt","start":{"line":278,"col":4},"end":{"line":278,"col":23}},"message":"Warning: Unused function 'add_new_four_block1'","error_code":1}
{"$message_type":"diagnostic","level":"warning","loc":{"path":"D:\\selene-main - c - pow\\examples\\pixeladventure\\src\\base_level2.mbt","start":{"line":295,"col":4},"end":{"line":295,"col":23}},"message":"Warning: Unused function 'add_new_four_block2'","error_code":1}
{"$message_type":"diagnostic","level":"warning","loc":{"path":"D:\\selene-main - c - pow\\examples\\pixeladventure\\src\\base_level2.mbt","start":{"line":313,"col":4},"end":{"line":313,"col":23}},"message":"Warning: Unused function 'add_new_four_block3'","error_code":1}
{"$message_type":"diagnostic","level":"warning","loc":{"path":"D:\\selene-main - c - pow\\examples\\pixeladventure\\src\\base_level2.mbt","start":{"line":330,"col":4},"end":{"line":330,"col":23}},"message":"Warning: Unused function 'add_new_five_block1'","error_code":1}
{"$message_type":"diagnostic","level":"warning","loc":{"path":"D:\\selene-main - c - pow\\examples\\pixeladventure\\src\\base_level2.mbt","start":{"line":347,"col":4},"end":{"line":347,"col":23}},"message":"Warning: Unused function 'add_new_five_block2'","error_code":1}
{"$message_type":"diagnostic","level":"warning","loc":{"path":"D:\\selene-main - c - pow\\examples\\pixeladventure\\src\\base_level2.mbt","start":{"line":364,"col":4},"end":{"line":364,"col":23}},"message":"Warning: Unused function 'add_new_five_block3'","error_code":1}
{"$message_type":"diagnostic","level":"warning","loc":{"path":"D:\\selene-main - c - pow\\examples\\pixeladventure\\src\\game.mbt","start":{"line":55,"col":3},"end":{"line":55,"col":6}},"message":"Warning: Variant 'Win' is never constructed","error_code":6}
{"$message_type":"diagnostic","level":"warning","loc":{"path":"D:\\selene-main - c - pow\\examples\\pixeladventure\\src\\game.mbt","start":{"line":98,"col":4},"end":{"line":98,"col":13}},"message":"Warning: Unused function 'set_score'","error_code":1}
{"$message_type":"diagnostic","level":"warning","loc":{"path":"D:\\selene-main - c - pow\\examples\\pixeladventure\\src\\main.mbt","start":{"line":25,"col":7},"end":{"line":25,"col":26}},"message":"Warning: Unused variable 'REAL_VIEWPORT_WIDTH'","error_code":2}
{"$message_type":"diagnostic","level":"warning","loc":{"path":"D:\\selene-main - c - pow\\examples\\pixeladventure\\src\\main.mbt","start":{"line":28,"col":7},"end":{"line":28,"col":27}},"message":"Warning: Unused variable 'REAL_VIEWPORT_HEIGHT'","error_code":2}
{"$message_type":"diagnostic","level":"warning","loc":{"path":"D:\\selene-main - c - pow\\examples\\pixeladventure\\src\\main.mbt","start":{"line":66,"col":7},"end":{"line":66,"col":15}},"message":"Warning: Field 'revealed' is never read","error_code":7}
{"$message_type":"diagnostic","level":"warning","loc":{"path":"D:\\selene-main - c - pow\\examples\\pixeladventure\\src\\main.mbt","start":{"line":67,"col":7},"end":{"line":67,"col":14}},"message":"Warning: Field 'matched' is never read","error_code":7}
{"$message_type":"diagnostic","level":"warning","loc":{"path":"D:\\selene-main - c - pow\\examples\\pixeladventure\\src\\main.mbt","start":{"line":71,"col":3},"end":{"line":71,"col":9}},"message":"Warning: Field 'blocks' is never read","error_code":7}
{"$message_type":"diagnostic","level":"warning","loc":{"path":"D:\\selene-main - c - pow\\examples\\pixeladventure\\src\\main.mbt","start":{"line":74,"col":3},"end":{"line":74,"col":14}},"message":"Warning: Field 'new_blocks2' is never read","error_code":7}
{"$message_type":"diagnostic","level":"warning","loc":{"path":"D:\\selene-main - c - pow\\examples\\pixeladventure\\src\\main.mbt","start":{"line":77,"col":3},"end":{"line":77,"col":8}},"message":"Warning: Field 'score' is never read","error_code":7}
{"$message_type":"diagnostic","level":"warning","loc":{"path":"D:\\selene-main - c - pow\\examples\\pixeladventure\\src\\main.mbt","start":{"line":79,"col":3},"end":{"line":79,"col":21}},"message":"Warning: Field 'select_four_blocks' is never read","error_code":7}
{"$message_type":"diagnostic","level":"warning","loc":{"path":"D:\\selene-main - c - pow\\examples\\pixeladventure\\src\\main.mbt","start":{"line":80,"col":3},"end":{"line":80,"col":18}},"message":"Warning: Field 'selected_blocks' is never read","error_code":7}
{"$message_type":"diagnostic","level":"warning","loc":{"path":"D:\\selene-main - c - pow\\examples\\pixeladventure\\src\\main.mbt","start":{"line":81,"col":3},"end":{"line":81,"col":13}},"message":"Warning: Field 'game_state' is never read","error_code":7}
{"$message_type":"diagnostic","level":"warning","loc":{"path":"D:\\selene-main - c - pow\\examples\\pixeladventure\\src\\main.mbt","start":{"line":83,"col":3},"end":{"line":83,"col":13}},"message":"Warning: Field 'timer1_box' is never read","error_code":7}
{"$message_type":"diagnostic","level":"warning","loc":{"path":"D:\\selene-main - c - pow\\examples\\pixeladventure\\src\\main.mbt","start":{"line":88,"col":3},"end":{"line":88,"col":9}},"message":"Warning: Field 'change' is never read","error_code":7}
{"$message_type":"diagnostic","level":"warning","loc":{"path":"D:\\selene-main - c - pow\\examples\\pixeladventure\\src\\main.mbt","start":{"line":89,"col":7},"end":{"line":89,"col":12}},"message":"Warning: Field 'click' is never read","error_code":7}
{"$message_type":"diagnostic","level":"warning","loc":{"path":"D:\\selene-main - c - pow\\examples\\pixeladventure\\src\\main.mbt","start":{"line":97,"col":7},"end":{"line":97,"col":18}},"message":"Warning: Field 'latestLevel' is never read","error_code":7}
{"$message_type":"diagnostic","level":"warning","loc":{"path":"D:\\selene-main - c - pow\\examples\\pixeladventure\\src\\main.mbt","start":{"line":99,"col":7},"end":{"line":99,"col":8}},"message":"Warning: Field 'x' is never read","error_code":7}
{"$message_type":"diagnostic","level":"warning","loc":{"path":"D:\\selene-main - c - pow\\examples\\pixeladventure\\src\\main.mbt","start":{"line":100,"col":7},"end":{"line":100,"col":8}},"message":"Warning: Field 'y' is never read","error_code":7}
{"$message_type":"diagnostic","level":"warning","loc":{"path":"D:\\selene-main - c - pow\\examples\\pixeladventure\\src\\map.mbt","start":{"line":16,"col":4},"end":{"line":16,"col":17}},"message":"Warning: Unused function 'tile_to_vec2d'","error_code":1}
{"$message_type":"diagnostic","level":"warning","loc":{"path":"D:\\selene-main - c - pow\\examples\\pixeladventure\\src\\match.mbt","start":{"line":1,"col":4},"end":{"line":1,"col":15}},"message":"Warning: Unused function 'match_color'","error_code":1}
{"$message_type":"diagnostic","level":"warning","loc":{"path":"D:\\selene-main - c - pow\\examples\\pixeladventure\\src\\match.mbt","start":{"line":14,"col":4},"end":{"line":14,"col":19}},"message":"Warning: Unused function 'match_new_color'","error_code":1}
{"$message_type":"diagnostic","level":"warning","loc":{"path":"D:\\selene-main - c - pow\\examples\\pixeladventure\\src\\match.mbt","start":{"line":28,"col":4},"end":{"line":28,"col":20}},"message":"Warning: Unused function 'match_new1_color'","error_code":1}
{"$message_type":"diagnostic","level":"warning","loc":{"path":"D:\\selene-main - c - pow\\examples\\pixeladventure\\src\\match.mbt","start":{"line":42,"col":4},"end":{"line":42,"col":20}},"message":"Warning: Unused function 'match_new2_color'","error_code":1}
{"$message_type":"diagnostic","level":"warning","loc":{"path":"D:\\selene-main - c - pow\\examples\\pixeladventure\\src\\match.mbt","start":{"line":56,"col":4},"end":{"line":56,"col":20}},"message":"Warning: Unused function 'match_new3_color'","error_code":1}
{"$message_type":"diagnostic","level":"warning","loc":{"path":"D:\\selene-main - c - pow\\examples\\pixeladventure\\src\\match.mbt","start":{"line":71,"col":4},"end":{"line":71,"col":16}},"message":"Warning: Unused function 'match_color1'","error_code":1}
{"$message_type":"diagnostic","level":"warning","loc":{"path":"D:\\selene-main - c - pow\\examples\\pixeladventure\\src\\match.mbt","start":{"line":89,"col":4},"end":{"line":89,"col":20}},"message":"Warning: Unused function 'match_new_color1'","error_code":1}
{"$message_type":"diagnostic","level":"warning","loc":{"path":"D:\\selene-main - c - pow\\examples\\pixeladventure\\src\\match.mbt","start":{"line":103,"col":4},"end":{"line":103,"col":21}},"message":"Warning: Unused function 'match_new1_color1'","error_code":1}
{"$message_type":"diagnostic","level":"warning","loc":{"path":"D:\\selene-main - c - pow\\examples\\pixeladventure\\src\\match.mbt","start":{"line":117,"col":4},"end":{"line":117,"col":21}},"message":"Warning: Unused function 'match_new2_color1'","error_code":1}
{"$message_type":"diagnostic","level":"warning","loc":{"path":"D:\\selene-main - c - pow\\examples\\pixeladventure\\src\\match.mbt","start":{"line":131,"col":4},"end":{"line":131,"col":21}},"message":"Warning: Unused function 'match_new3_color1'","error_code":1}
{"$message_type":"diagnostic","level":"warning","loc":{"path":"D:\\selene-main - c - pow\\examples\\pixeladventure\\src\\match.mbt","start":{"line":145,"col":4},"end":{"line":145,"col":16}},"message":"Warning: Unused function 'match_color2'","error_code":1}
{"$message_type":"diagnostic","level":"warning","loc":{"path":"D:\\selene-main - c - pow\\examples\\pixeladventure\\src\\match.mbt","start":{"line":158,"col":4},"end":{"line":158,"col":20}},"message":"Warning: Unused function 'match_new_color2'","error_code":1}
{"$message_type":"diagnostic","level":"warning","loc":{"path":"D:\\selene-main - c - pow\\examples\\pixeladventure\\src\\match.mbt","start":{"line":171,"col":4},"end":{"line":171,"col":21}},"message":"Warning: Unused function 'match_new1_color2'","error_code":1}
{"$message_type":"diagnostic","level":"warning","loc":{"path":"D:\\selene-main - c - pow\\examples\\pixeladventure\\src\\match.mbt","start":{"line":189,"col":4},"end":{"line":189,"col":21}},"message":"Warning: Unused function 'match_new2_color2'","error_code":1}
{"$message_type":"diagnostic","level":"warning","loc":{"path":"D:\\selene-main - c - pow\\examples\\pixeladventure\\src\\match.mbt","start":{"line":203,"col":4},"end":{"line":203,"col":21}},"message":"Warning: Unused function 'match_new3_color2'","error_code":1}
{"$message_type":"diagnostic","level":"warning","loc":{"path":"D:\\selene-main - c - pow\\examples\\pixeladventure\\src\\player.mbt","start":{"line":76,"col":4},"end":{"line":76,"col":14}},"message":"Warning: Unused function 'add_player'","error_code":1}
{"$message_type":"diagnostic","level":"warning","loc":{"path":"D:\\selene-main - c - pow\\examples\\pixeladventure\\src\\player.mbt","start":{"line":76,"col":15},"end":{"line":76,"col":18}},"message":"Warning: Unused variable 'pos'","error_code":2}
{"$message_type":"diagnostic","level":"warning","loc":{"path":"D:\\selene-main - c - pow\\examples\\pixeladventure\\src\\player.mbt","start":{"line":124,"col":4},"end":{"line":124,"col":27}},"message":"Warning: Unused function 'player_collision_system'","error_code":1}
{"$message_type":"diagnostic","level":"warning","loc":{"path":"D:\\selene-main - c - pow\\examples\\pixeladventure\\src\\player.mbt","start":{"line":143,"col":4},"end":{"line":143,"col":23}},"message":"Warning: Unused function 'player_state_system'","error_code":1}
{"$message_type":"diagnostic","level":"warning","loc":{"path":"D:\\selene-main - c - pow\\examples\\pixeladventure\\src\\ui.mbt","start":{"line":16,"col":4},"end":{"line":16,"col":18}},"message":"Warning: Unused function 'add_result_box'","error_code":1}
{"$message_type":"diagnostic","level":"warning","loc":{"path":"D:\\selene-main - c - pow\\examples\\pixeladventure\\src\\ui.mbt","start":{"line":28,"col":4},"end":{"line":28,"col":17}},"message":"Warning: Unused function 'add_score_box'","error_code":1}
{"$message_type":"diagnostic","level":"warning","loc":{"path":"D:\\selene-main - c - pow\\examples\\pixeladventure\\src\\ui.mbt","start":{"line":37,"col":4},"end":{"line":37,"col":18}},"message":"Warning: Unused function 'add_health_box'","error_code":1}
{"$message_type":"diagnostic","level":"warning","loc":{"path":"D:\\selene-main - c - pow\\examples\\pixeladventure\\src\\ui.mbt","start":{"line":46,"col":4},"end":{"line":46,"col":21}},"message":"Warning: Unused function 'add_volume_button'","error_code":1}
