{"$message_type":"diagnostic","level":"warning","loc":{"path":"/Users/kelei/opensource/selene-pokemoon/pokemoon/src/main.mbt","start":{"line":22,"col":3},"end":{"line":22,"col":14}},"message":"Warning: Variant 'BattleStart' is never constructed","error_code":6}
{"$message_type":"diagnostic","level":"warning","loc":{"path":"/Users/kelei/opensource/selene-pokemoon/pokemoon/src/main.mbt","start":{"line":23,"col":3},"end":{"line":23,"col":12}},"message":"Warning: Variant 'BattleEnd' is never constructed","error_code":6}
{"$message_type":"diagnostic","level":"warning","loc":{"path":"/Users/kelei/opensource/selene-pokemoon/pokemoon/src/main.mbt","start":{"line":24,"col":3},"end":{"line":24,"col":11}},"message":"Warning: Variant 'MoveUsed' is never constructed","error_code":6}
{"$message_type":"diagnostic","level":"warning","loc":{"path":"/Users/kelei/opensource/selene-pokemoon/pokemoon/src/main.mbt","start":{"line":25,"col":3},"end":{"line":25,"col":14}},"message":"Warning: Variant 'DamageDealt' is never constructed","error_code":6}
{"$message_type":"diagnostic","level":"warning","loc":{"path":"/Users/kelei/opensource/selene-pokemoon/pokemoon/src/main.mbt","start":{"line":26,"col":3},"end":{"line":26,"col":16}},"message":"Warning: Variant 'StatusApplied' is never constructed","error_code":6}
{"$message_type":"diagnostic","level":"warning","loc":{"path":"/Users/kelei/opensource/selene-pokemoon/pokemoon/src/main.mbt","start":{"line":27,"col":3},"end":{"line":27,"col":10}},"message":"Warning: Variant 'TurnEnd' is never constructed","error_code":6}
{"$message_type":"diagnostic","level":"warning","loc":{"path":"/Users/kelei/opensource/selene-pokemoon/pokemoon/src/main.mbt","start":{"line":28,"col":3},"end":{"line":28,"col":17}},"message":"Warning: Variant 'PokemonFainted' is never constructed","error_code":6}
{"$message_type":"diagnostic","level":"warning","loc":{"path":"/Users/kelei/opensource/selene-pokemoon/pokemoon/src/main.mbt","start":{"line":29,"col":3},"end":{"line":29,"col":11}},"message":"Warning: Variant 'ItemUsed' is never constructed","error_code":6}
{"$message_type":"diagnostic","level":"warning","loc":{"path":"/Users/kelei/opensource/selene-pokemoon/pokemoon/src/main.mbt","start":{"line":30,"col":3},"end":{"line":30,"col":17}},"message":"Warning: Variant 'WeatherChanged' is never constructed","error_code":6}
{"$message_type":"diagnostic","level":"warning","loc":{"path":"/Users/kelei/opensource/selene-pokemoon/pokemoon/src/main.mbt","start":{"line":31,"col":3},"end":{"line":31,"col":9}},"message":"Warning: Variant 'Custom' is never constructed","error_code":6}
{"$message_type":"diagnostic","level":"warning","loc":{"path":"/Users/kelei/opensource/selene-pokemoon/pokemoon/src/main.mbt","start":{"line":55,"col":3},"end":{"line":55,"col":11}},"message":"Warning: Variant 'MainMenu' is never constructed","error_code":6}
{"$message_type":"diagnostic","level":"warning","loc":{"path":"/Users/kelei/opensource/selene-pokemoon/pokemoon/src/main.mbt","start":{"line":58,"col":3},"end":{"line":58,"col":11}},"message":"Warning: Variant 'Backpack' is never constructed","error_code":6}
{"$message_type":"diagnostic","level":"warning","loc":{"path":"/Users/kelei/opensource/selene-pokemoon/pokemoon/src/main.mbt","start":{"line":59,"col":3},"end":{"line":59,"col":11}},"message":"Warning: Variant 'Settings' is never constructed","error_code":6}
{"$message_type":"diagnostic","level":"warning","loc":{"path":"/Users/kelei/opensource/selene-pokemoon/pokemoon/src/main.mbt","start":{"line":71,"col":5},"end":{"line":71,"col":15}},"message":"Warning: Unused toplevel variable 'moves_data'. Note if the body contains side effect, it will not happen. Use `fn init { .. }` to wrap the effect.","error_code":2}
{"$message_type":"diagnostic","level":"error","loc":{"path":"/Users/kelei/opensource/selene-pokemoon/pokemoon/src/main.mbt","start":{"line":71,"col":24},"end":{"line":71,"col":28}},"message":"The type Move is undefined.","error_code":4032}
{"$message_type":"diagnostic","level":"error","loc":{"path":"/Users/kelei/opensource/selene-pokemoon/pokemoon/src/main.mbt","start":{"line":72,"col":3},"end":{"line":72,"col":7}},"message":"The type/trait Move is not found.","error_code":4024}
{"$message_type":"diagnostic","level":"error","loc":{"path":"/Users/kelei/opensource/selene-pokemoon/pokemoon/src/main.mbt","start":{"line":72,"col":3},"end":{"line":80,"col":4}},"message":"There is no record definition with the fields: name, power, accuracy, move_type, element_type, pp, max_pp.","error_code":4033}
{"$message_type":"diagnostic","level":"error","loc":{"path":"/Users/kelei/opensource/selene-pokemoon/pokemoon/src/main.mbt","start":{"line":76,"col":16},"end":{"line":76,"col":24}},"message":"The type/trait MoveType is not found.","error_code":4024}
{"$message_type":"diagnostic","level":"error","loc":{"path":"/Users/kelei/opensource/selene-pokemoon/pokemoon/src/main.mbt","start":{"line":81,"col":3},"end":{"line":81,"col":7}},"message":"The type/trait Move is not found.","error_code":4024}
{"$message_type":"diagnostic","level":"error","loc":{"path":"/Users/kelei/opensource/selene-pokemoon/pokemoon/src/main.mbt","start":{"line":81,"col":3},"end":{"line":89,"col":4}},"message":"There is no record definition with the fields: name, power, accuracy, move_type, element_type, pp, max_pp.","error_code":4033}
{"$message_type":"diagnostic","level":"error","loc":{"path":"/Users/kelei/opensource/selene-pokemoon/pokemoon/src/main.mbt","start":{"line":85,"col":16},"end":{"line":85,"col":24}},"message":"The type/trait MoveType is not found.","error_code":4024}
{"$message_type":"diagnostic","level":"error","loc":{"path":"/Users/kelei/opensource/selene-pokemoon/pokemoon/src/main.mbt","start":{"line":90,"col":3},"end":{"line":90,"col":7}},"message":"The type/trait Move is not found.","error_code":4024}
{"$message_type":"diagnostic","level":"error","loc":{"path":"/Users/kelei/opensource/selene-pokemoon/pokemoon/src/main.mbt","start":{"line":90,"col":3},"end":{"line":98,"col":4}},"message":"There is no record definition with the fields: name, power, accuracy, move_type, element_type, pp, max_pp.","error_code":4033}
{"$message_type":"diagnostic","level":"error","loc":{"path":"/Users/kelei/opensource/selene-pokemoon/pokemoon/src/main.mbt","start":{"line":94,"col":16},"end":{"line":94,"col":24}},"message":"The type/trait MoveType is not found.","error_code":4024}
{"$message_type":"diagnostic","level":"error","loc":{"path":"/Users/kelei/opensource/selene-pokemoon/pokemoon/src/main.mbt","start":{"line":99,"col":3},"end":{"line":99,"col":7}},"message":"The type/trait Move is not found.","error_code":4024}
{"$message_type":"diagnostic","level":"error","loc":{"path":"/Users/kelei/opensource/selene-pokemoon/pokemoon/src/main.mbt","start":{"line":99,"col":3},"end":{"line":107,"col":4}},"message":"There is no record definition with the fields: name, power, accuracy, move_type, element_type, pp, max_pp.","error_code":4033}
{"$message_type":"diagnostic","level":"error","loc":{"path":"/Users/kelei/opensource/selene-pokemoon/pokemoon/src/main.mbt","start":{"line":103,"col":16},"end":{"line":103,"col":24}},"message":"The type/trait MoveType is not found.","error_code":4024}
{"$message_type":"diagnostic","level":"error","loc":{"path":"/Users/kelei/opensource/selene-pokemoon/pokemoon/src/main.mbt","start":{"line":108,"col":3},"end":{"line":108,"col":7}},"message":"The type/trait Move is not found.","error_code":4024}
{"$message_type":"diagnostic","level":"error","loc":{"path":"/Users/kelei/opensource/selene-pokemoon/pokemoon/src/main.mbt","start":{"line":108,"col":3},"end":{"line":116,"col":4}},"message":"There is no record definition with the fields: name, power, accuracy, move_type, element_type, pp, max_pp.","error_code":4033}
{"$message_type":"diagnostic","level":"error","loc":{"path":"/Users/kelei/opensource/selene-pokemoon/pokemoon/src/main.mbt","start":{"line":112,"col":16},"end":{"line":112,"col":24}},"message":"The type/trait MoveType is not found.","error_code":4024}
{"$message_type":"diagnostic","level":"error","loc":{"path":"/Users/kelei/opensource/selene-pokemoon/pokemoon/src/main.mbt","start":{"line":117,"col":3},"end":{"line":117,"col":7}},"message":"The type/trait Move is not found.","error_code":4024}
{"$message_type":"diagnostic","level":"error","loc":{"path":"/Users/kelei/opensource/selene-pokemoon/pokemoon/src/main.mbt","start":{"line":117,"col":3},"end":{"line":125,"col":4}},"message":"There is no record definition with the fields: name, power, accuracy, move_type, element_type, pp, max_pp.","error_code":4033}
{"$message_type":"diagnostic","level":"error","loc":{"path":"/Users/kelei/opensource/selene-pokemoon/pokemoon/src/main.mbt","start":{"line":121,"col":16},"end":{"line":121,"col":24}},"message":"The type/trait MoveType is not found.","error_code":4024}
{"$message_type":"diagnostic","level":"error","loc":{"path":"/Users/kelei/opensource/selene-pokemoon/pokemoon/src/main.mbt","start":{"line":126,"col":3},"end":{"line":126,"col":7}},"message":"The type/trait Move is not found.","error_code":4024}
{"$message_type":"diagnostic","level":"error","loc":{"path":"/Users/kelei/opensource/selene-pokemoon/pokemoon/src/main.mbt","start":{"line":126,"col":3},"end":{"line":134,"col":4}},"message":"There is no record definition with the fields: name, power, accuracy, move_type, element_type, pp, max_pp.","error_code":4033}
{"$message_type":"diagnostic","level":"error","loc":{"path":"/Users/kelei/opensource/selene-pokemoon/pokemoon/src/main.mbt","start":{"line":130,"col":16},"end":{"line":130,"col":24}},"message":"The type/trait MoveType is not found.","error_code":4024}
{"$message_type":"diagnostic","level":"error","loc":{"path":"/Users/kelei/opensource/selene-pokemoon/pokemoon/src/main.mbt","start":{"line":147,"col":3},"end":{"line":147,"col":14}},"message":"Package \"system\" not found in the loaded packages.","error_code":4020}
{"$message_type":"diagnostic","level":"error","loc":{"path":"/Users/kelei/opensource/selene-pokemoon/pokemoon/src/main.mbt","start":{"line":147,"col":20},"end":{"line":147,"col":41}},"message":"Package \"canvas\" not found in the loaded packages.","error_code":4020}
{"$message_type":"diagnostic","level":"error","loc":{"path":"/Users/kelei/opensource/selene-pokemoon/pokemoon/src/main.mbt","start":{"line":151,"col":17},"end":{"line":151,"col":40}},"message":"Package \"plugins\" not found in the loaded packages.","error_code":4020}
{"$message_type":"diagnostic","level":"warning","loc":{"path":"/Users/kelei/opensource/selene-pokemoon/pokemoon/src/main.mbt","start":{"line":164,"col":22},"end":{"line":164,"col":29}},"message":"Warning: Unused variable 'backend'","error_code":2}
{"$message_type":"diagnostic","level":"error","loc":{"path":"/Users/kelei/opensource/selene-pokemoon/pokemoon/src/main.mbt","start":{"line":164,"col":33},"end":{"line":164,"col":48}},"message":"Package \"system\" not found in the loaded packages.","error_code":4020}
{"$message_type":"diagnostic","level":"warning","loc":{"path":"/Users/kelei/opensource/selene-pokemoon/pokemoon/src/main.mbt","start":{"line":183,"col":21},"end":{"line":183,"col":28}},"message":"Warning: Unused variable 'backend'","error_code":2}
{"$message_type":"diagnostic","level":"error","loc":{"path":"/Users/kelei/opensource/selene-pokemoon/pokemoon/src/main.mbt","start":{"line":183,"col":32},"end":{"line":183,"col":47}},"message":"Package \"system\" not found in the loaded packages.","error_code":4020}
{"$message_type":"diagnostic","level":"warning","loc":{"path":"/Users/kelei/opensource/selene-pokemoon/pokemoon/src/main.mbt","start":{"line":190,"col":17},"end":{"line":190,"col":24}},"message":"Warning: Unused variable 'backend'","error_code":2}
{"$message_type":"diagnostic","level":"error","loc":{"path":"/Users/kelei/opensource/selene-pokemoon/pokemoon/src/main.mbt","start":{"line":190,"col":28},"end":{"line":190,"col":43}},"message":"Package \"system\" not found in the loaded packages.","error_code":4020}
{"$message_type":"diagnostic","level":"warning","loc":{"path":"/Users/kelei/opensource/selene-pokemoon/pokemoon/src/main.mbt","start":{"line":197,"col":24},"end":{"line":197,"col":31}},"message":"Warning: Unused variable 'backend'","error_code":2}
{"$message_type":"diagnostic","level":"error","loc":{"path":"/Users/kelei/opensource/selene-pokemoon/pokemoon/src/main.mbt","start":{"line":197,"col":35},"end":{"line":197,"col":50}},"message":"Package \"system\" not found in the loaded packages.","error_code":4020}
{"$message_type":"diagnostic","level":"error","loc":{"path":"/Users/kelei/opensource/selene-pokemoon/pokemoon/src/main.mbt","start":{"line":202,"col":6},"end":{"line":202,"col":24}},"message":"Package \"system\" not found in the loaded packages.","error_code":4020}
{"$message_type":"diagnostic","level":"error","loc":{"path":"/Users/kelei/opensource/selene-pokemoon/pokemoon/src/main.mbt","start":{"line":207,"col":6},"end":{"line":207,"col":24}},"message":"Package \"system\" not found in the loaded packages.","error_code":4020}
{"$message_type":"diagnostic","level":"error","loc":{"path":"/Users/kelei/opensource/selene-pokemoon/pokemoon/src/main.mbt","start":{"line":212,"col":6},"end":{"line":212,"col":24}},"message":"Package \"system\" not found in the loaded packages.","error_code":4020}
{"$message_type":"diagnostic","level":"error","loc":{"path":"/Users/kelei/opensource/selene-pokemoon/pokemoon/src/main.mbt","start":{"line":217,"col":6},"end":{"line":217,"col":24}},"message":"Package \"system\" not found in the loaded packages.","error_code":4020}
{"$message_type":"diagnostic","level":"error","loc":{"path":"/Users/kelei/opensource/selene-pokemoon/pokemoon/src/main.mbt","start":{"line":282,"col":41},"end":{"line":282,"col":48}},"message":"The type Pokemon is undefined.","error_code":4032}
{"$message_type":"diagnostic","level":"error","loc":{"path":"/Users/kelei/opensource/selene-pokemoon/pokemoon/src/main.mbt","start":{"line":282,"col":61},"end":{"line":282,"col":68}},"message":"The type Pokemon is undefined.","error_code":4032}
{"$message_type":"diagnostic","level":"error","loc":{"path":"/Users/kelei/opensource/selene-pokemoon/pokemoon/src/main.mbt","start":{"line":283,"col":3},"end":{"line":283,"col":19}},"message":"The value identifier calculate_damage is unbound.","error_code":4021}
{"$message_type":"diagnostic","level":"error","loc":{"path":"/Users/kelei/opensource/selene-pokemoon/pokemoon/src/main.mbt","start":{"line":286,"col":75},"end":{"line":286,"col":86}},"message":"The type BattleState is undefined.","error_code":4032}
{"$message_type":"diagnostic","level":"error","loc":{"path":"/Users/kelei/opensource/selene-pokemoon/pokemoon/src/main.mbt","start":{"line":287,"col":3},"end":{"line":287,"col":11}},"message":"The value identifier use_move is unbound.","error_code":4021}
{"$message_type":"diagnostic","level":"error","loc":{"path":"/Users/kelei/opensource/selene-pokemoon/pokemoon/src/main.mbt","start":{"line":290,"col":43},"end":{"line":290,"col":50}},"message":"The type Pokemon is undefined.","error_code":4032}
{"$message_type":"diagnostic","level":"error","loc":{"path":"/Users/kelei/opensource/selene-pokemoon/pokemoon/src/main.mbt","start":{"line":290,"col":68},"end":{"line":290,"col":75}},"message":"The type Pokemon is undefined.","error_code":4032}
{"$message_type":"diagnostic","level":"error","loc":{"path":"/Users/kelei/opensource/selene-pokemoon/pokemoon/src/main.mbt","start":{"line":291,"col":3},"end":{"line":291,"col":15}},"message":"The value identifier start_battle is unbound.","error_code":4021}
{"$message_type":"diagnostic","level":"error","loc":{"path":"/Users/kelei/opensource/selene-pokemoon/pokemoon/src/main.mbt","start":{"line":296,"col":3},"end":{"line":296,"col":15}},"message":"The value identifier reset_battle is unbound.","error_code":4021}
{"$message_type":"diagnostic","level":"error","loc":{"path":"/Users/kelei/opensource/selene-pokemoon/pokemoon/src/main.mbt","start":{"line":300,"col":50},"end":{"line":300,"col":57}},"message":"The type Pokemon is undefined.","error_code":4032}
{"$message_type":"diagnostic","level":"error","loc":{"path":"/Users/kelei/opensource/selene-pokemoon/pokemoon/src/main.mbt","start":{"line":300,"col":75},"end":{"line":300,"col":82}},"message":"The type Pokemon is undefined.","error_code":4032}
{"$message_type":"diagnostic","level":"error","loc":{"path":"/Users/kelei/opensource/selene-pokemoon/pokemoon/src/main.mbt","start":{"line":300,"col":87},"end":{"line":300,"col":98}},"message":"The type BattleState is undefined.","error_code":4032}
{"$message_type":"diagnostic","level":"error","loc":{"path":"/Users/kelei/opensource/selene-pokemoon/pokemoon/src/main.mbt","start":{"line":301,"col":3},"end":{"line":301,"col":22}},"message":"The value identifier create_battle_state is unbound.","error_code":4021}
{"$message_type":"diagnostic","level":"error","loc":{"path":"/Users/kelei/opensource/selene-pokemoon/pokemoon/src/main.mbt","start":{"line":305,"col":18},"end":{"line":305,"col":29}},"message":"The type BattleState is undefined.","error_code":4032}
{"$message_type":"diagnostic","level":"error","loc":{"path":"/Users/kelei/opensource/selene-pokemoon/pokemoon/src/main.mbt","start":{"line":310,"col":6},"end":{"line":310,"col":17}},"message":"The type BattleState is undefined.","error_code":4032}
{"$message_type":"diagnostic","level":"error","loc":{"path":"/Users/kelei/opensource/selene-pokemoon/pokemoon/src/main.mbt","start":{"line":311,"col":3},"end":{"line":311,"col":33}},"message":"The value identifier update_battle_state_after_move is unbound.","error_code":4021}
{"$message_type":"diagnostic","level":"error","loc":{"path":"/Users/kelei/opensource/selene-pokemoon/pokemoon/src/main.mbt","start":{"line":314,"col":37},"end":{"line":314,"col":48}},"message":"The type BattleState is undefined.","error_code":4032}
{"$message_type":"diagnostic","level":"error","loc":{"path":"/Users/kelei/opensource/selene-pokemoon/pokemoon/src/main.mbt","start":{"line":314,"col":53},"end":{"line":314,"col":64}},"message":"The type BattleState is undefined.","error_code":4032}
{"$message_type":"diagnostic","level":"error","loc":{"path":"/Users/kelei/opensource/selene-pokemoon/pokemoon/src/main.mbt","start":{"line":315,"col":3},"end":{"line":315,"col":11}},"message":"The value identifier end_turn is unbound.","error_code":4021}
{"$message_type":"diagnostic","level":"error","loc":{"path":"/Users/kelei/opensource/selene-pokemoon/pokemoon/src/main.mbt","start":{"line":318,"col":47},"end":{"line":318,"col":58}},"message":"The type BattleState is undefined.","error_code":4032}
{"$message_type":"diagnostic","level":"error","loc":{"path":"/Users/kelei/opensource/selene-pokemoon/pokemoon/src/main.mbt","start":{"line":318,"col":63},"end":{"line":318,"col":74}},"message":"The type BattleState is undefined.","error_code":4032}
{"$message_type":"diagnostic","level":"error","loc":{"path":"/Users/kelei/opensource/selene-pokemoon/pokemoon/src/main.mbt","start":{"line":319,"col":3},"end":{"line":319,"col":21}},"message":"The value identifier reset_battle_state is unbound.","error_code":4021}
{"$message_type":"diagnostic","level":"error","loc":{"path":"/Users/kelei/opensource/selene-pokemoon/pokemoon/src/main.mbt","start":{"line":322,"col":46},"end":{"line":322,"col":57}},"message":"The type BattleState is undefined.","error_code":4032}
{"$message_type":"diagnostic","level":"error","loc":{"path":"/Users/kelei/opensource/selene-pokemoon/pokemoon/src/main.mbt","start":{"line":323,"col":3},"end":{"line":323,"col":20}},"message":"The value identifier get_battle_status is unbound.","error_code":4021}
{"$message_type":"diagnostic","level":"error","loc":{"path":"/Users/kelei/opensource/selene-pokemoon/pokemoon/src/main.mbt","start":{"line":326,"col":47},"end":{"line":326,"col":58}},"message":"The type BattleState is undefined.","error_code":4032}
{"$message_type":"diagnostic","level":"error","loc":{"path":"/Users/kelei/opensource/selene-pokemoon/pokemoon/src/main.mbt","start":{"line":327,"col":3},"end":{"line":327,"col":21}},"message":"The value identifier is_battle_finished is unbound.","error_code":4021}
{"$message_type":"diagnostic","level":"error","loc":{"path":"/Users/kelei/opensource/selene-pokemoon/pokemoon/src/main.mbt","start":{"line":330,"col":39},"end":{"line":330,"col":50}},"message":"The type BattleState is undefined.","error_code":4032}
{"$message_type":"diagnostic","level":"error","loc":{"path":"/Users/kelei/opensource/selene-pokemoon/pokemoon/src/main.mbt","start":{"line":331,"col":3},"end":{"line":331,"col":13}},"message":"The value identifier get_winner is unbound.","error_code":4021}
{"$message_type":"diagnostic","level":"error","loc":{"path":"/Users/kelei/opensource/selene-pokemoon/pokemoon/src/main.mbt","start":{"line":334,"col":50},"end":{"line":334,"col":57}},"message":"The type Pokemon is undefined.","error_code":4032}
{"$message_type":"diagnostic","level":"error","loc":{"path":"/Users/kelei/opensource/selene-pokemoon/pokemoon/src/main.mbt","start":{"line":335,"col":3},"end":{"line":335,"col":29}},"message":"The value identifier get_pokemon_status_summary is unbound.","error_code":4021}
{"$message_type":"diagnostic","level":"error","loc":{"path":"/Users/kelei/opensource/selene-pokemoon/pokemoon/src/main.mbt","start":{"line":338,"col":53},"end":{"line":338,"col":64}},"message":"The type BattleState is undefined.","error_code":4032}
{"$message_type":"diagnostic","level":"error","loc":{"path":"/Users/kelei/opensource/selene-pokemoon/pokemoon/src/main.mbt","start":{"line":339,"col":3},"end":{"line":339,"col":27}},"message":"The value identifier get_formatted_battle_log is unbound.","error_code":4021}
{"$message_type":"diagnostic","level":"error","loc":{"path":"/Users/kelei/opensource/selene-pokemoon/pokemoon/src/main.mbt","start":{"line":342,"col":36},"end":{"line":342,"col":43}},"message":"The type Pokemon is undefined.","error_code":4032}
{"$message_type":"diagnostic","level":"error","loc":{"path":"/Users/kelei/opensource/selene-pokemoon/pokemoon/src/main.mbt","start":{"line":343,"col":3},"end":{"line":343,"col":15}},"message":"The value identifier can_use_move is unbound.","error_code":4021}
{"$message_type":"diagnostic","level":"error","loc":{"path":"/Users/kelei/opensource/selene-pokemoon/pokemoon/src/main.mbt","start":{"line":346,"col":43},"end":{"line":346,"col":50}},"message":"The type Pokemon is undefined.","error_code":4032}
{"$message_type":"diagnostic","level":"error","loc":{"path":"/Users/kelei/opensource/selene-pokemoon/pokemoon/src/main.mbt","start":{"line":347,"col":3},"end":{"line":347,"col":22}},"message":"The value identifier get_available_moves is unbound.","error_code":4021}
{"$message_type":"diagnostic","level":"error","loc":{"path":"/Users/kelei/opensource/selene-pokemoon/pokemoon/src/main.mbt","start":{"line":350,"col":41},"end":{"line":350,"col":48}},"message":"The type Pokemon is undefined.","error_code":4032}
{"$message_type":"diagnostic","level":"error","loc":{"path":"/Users/kelei/opensource/selene-pokemoon/pokemoon/src/main.mbt","start":{"line":350,"col":67},"end":{"line":350,"col":74}},"message":"The type Pokemon is undefined.","error_code":4032}
{"$message_type":"diagnostic","level":"error","loc":{"path":"/Users/kelei/opensource/selene-pokemoon/pokemoon/src/main.mbt","start":{"line":351,"col":3},"end":{"line":351,"col":20}},"message":"The value identifier update_pokemon_hp is unbound.","error_code":4021}
{"$message_type":"diagnostic","level":"error","loc":{"path":"/Users/kelei/opensource/selene-pokemoon/pokemoon/src/main.mbt","start":{"line":354,"col":50},"end":{"line":354,"col":61}},"message":"The type BattleState is undefined.","error_code":4032}
{"$message_type":"diagnostic","level":"error","loc":{"path":"/Users/kelei/opensource/selene-pokemoon/pokemoon/src/main.mbt","start":{"line":355,"col":3},"end":{"line":355,"col":24}},"message":"The value identifier get_battle_statistics is unbound.","error_code":4021}
{"$message_type":"diagnostic","level":"error","loc":{"path":"/Users/kelei/opensource/selene-pokemoon/pokemoon/src/main.mbt","start":{"line":359,"col":65},"end":{"line":359,"col":76}},"message":"The type PokemonType is undefined.","error_code":4032}
{"$message_type":"diagnostic","level":"error","loc":{"path":"/Users/kelei/opensource/selene-pokemoon/pokemoon/src/main.mbt","start":{"line":359,"col":82},"end":{"line":359,"col":89}},"message":"The type Pokemon is undefined.","error_code":4032}
{"$message_type":"diagnostic","level":"error","loc":{"path":"/Users/kelei/opensource/selene-pokemoon/pokemoon/src/main.mbt","start":{"line":360,"col":3},"end":{"line":360,"col":10}},"message":"The type/trait Pokemon is not found.","error_code":4024}
{"$message_type":"diagnostic","level":"error","loc":{"path":"/Users/kelei/opensource/selene-pokemoon/pokemoon/src/main.mbt","start":{"line":360,"col":3},"end":{"line":371,"col":4}},"message":"There is no record definition with the fields: id, name, level, hp, max_hp, attack, defense, speed, types, moves.","error_code":4033}
{"$message_type":"diagnostic","level":"error","loc":{"path":"/Users/kelei/opensource/selene-pokemoon/pokemoon/src/main.mbt","start":{"line":375,"col":36},"end":{"line":375,"col":43}},"message":"The type Pokemon is undefined.","error_code":4032}
{"$message_type":"diagnostic","level":"error","loc":{"path":"/Users/kelei/opensource/selene-pokemoon/pokemoon/src/main.mbt","start":{"line":382,"col":31},"end":{"line":382,"col":38}},"message":"The type Pokemon is undefined.","error_code":4032}
{"$message_type":"diagnostic","level":"error","loc":{"path":"/Users/kelei/opensource/selene-pokemoon/pokemoon/src/main.mbt","start":{"line":382,"col":43},"end":{"line":382,"col":50}},"message":"The type Pokemon is undefined.","error_code":4032}
{"$message_type":"diagnostic","level":"error","loc":{"path":"/Users/kelei/opensource/selene-pokemoon/pokemoon/src/main.mbt","start":{"line":383,"col":3},"end":{"line":383,"col":10}},"message":"The type/trait Pokemon is not found.","error_code":4024}
{"$message_type":"diagnostic","level":"error","loc":{"path":"/Users/kelei/opensource/selene-pokemoon/pokemoon/src/main.mbt","start":{"line":383,"col":3},"end":{"line":394,"col":4}},"message":"There is no record definition with the fields: id, name, level, hp, max_hp, attack, defense, speed, types, moves.","error_code":4033}
{"$message_type":"diagnostic","level":"warning","loc":{"path":"/Users/kelei/opensource/selene-pokemoon/pokemoon/src/main.mbt","start":{"line":431,"col":26},"end":{"line":431,"col":33}},"message":"Warning: Unused variable 'manager'","error_code":2}
{"$message_type":"diagnostic","level":"warning","loc":{"path":"/Users/kelei/opensource/selene-pokemoon/pokemoon/src/main.mbt","start":{"line":438,"col":25},"end":{"line":438,"col":32}},"message":"Warning: Unused variable 'manager'","error_code":2}
{"$message_type":"diagnostic","level":"error","loc":{"path":"/Users/kelei/opensource/selene-pokemoon/pokemoon/src/main.mbt","start":{"line":524,"col":22},"end":{"line":524,"col":33}},"message":"The type/trait BattleState is not found.","error_code":4024}
{"$message_type":"diagnostic","level":"error","loc":{"path":"/Users/kelei/opensource/selene-pokemoon/pokemoon/src/main.mbt","start":{"line":524,"col":22},"end":{"line":530,"col":4}},"message":"There is no record definition with the fields: is_active, turn, player_pokemon, enemy_pokemon, battle_log.","error_code":4033}
{"$message_type":"diagnostic","level":"warning","loc":{"path":"/Users/kelei/opensource/selene-pokemoon/pokemoon/src/main.mbt","start":{"line":529,"col":17},"end":{"line":529,"col":19}},"message":"Warning: The type of this expression is Array[_/0], which contains unresolved type variables. The type variable is default to Unit.","error_code":13}
{"$message_type":"diagnostic","level":"error","loc":{"path":"/Users/kelei/opensource/selene-pokemoon/pokemoon/src/main.mbt","start":{"line":544,"col":22},"end":{"line":544,"col":33}},"message":"The type/trait BattleState is not found.","error_code":4024}
{"$message_type":"diagnostic","level":"error","loc":{"path":"/Users/kelei/opensource/selene-pokemoon/pokemoon/src/main.mbt","start":{"line":544,"col":22},"end":{"line":550,"col":4}},"message":"There is no record definition with the fields: is_active, turn, player_pokemon, enemy_pokemon, battle_log.","error_code":4033}
{"$message_type":"diagnostic","level":"warning","loc":{"path":"/Users/kelei/opensource/selene-pokemoon/pokemoon/src/main.mbt","start":{"line":549,"col":17},"end":{"line":549,"col":19}},"message":"Warning: The type of this expression is Array[_/0], which contains unresolved type variables. The type variable is default to Unit.","error_code":13}
{"$message_type":"diagnostic","level":"error","loc":{"path":"/Users/kelei/opensource/selene-pokemoon/pokemoon/src/main.mbt","start":{"line":565,"col":23},"end":{"line":565,"col":35}},"message":"The value identifier start_battle is unbound.","error_code":4021}
{"$message_type":"diagnostic","level":"error","loc":{"path":"/Users/kelei/opensource/selene-pokemoon/pokemoon/src/main.mbt","start":{"line":569,"col":51},"end":{"line":569,"col":62}},"message":"The type/trait BattleState is not found.","error_code":4024}
{"$message_type":"diagnostic","level":"error","loc":{"path":"/Users/kelei/opensource/selene-pokemoon/pokemoon/src/main.mbt","start":{"line":569,"col":51},"end":{"line":575,"col":4}},"message":"There is no record definition with the fields: is_active, turn, player_pokemon, enemy_pokemon, battle_log.","error_code":4033}
{"$message_type":"diagnostic","level":"warning","loc":{"path":"/Users/kelei/opensource/selene-pokemoon/pokemoon/src/main.mbt","start":{"line":574,"col":17},"end":{"line":574,"col":19}},"message":"Warning: The type of this expression is Array[_/0], which contains unresolved type variables. The type variable is default to Unit.","error_code":13}
{"$message_type":"diagnostic","level":"warning","loc":{"path":"/Users/kelei/opensource/selene-pokemoon/pokemoon/src/main.mbt","start":{"line":582,"col":4},"end":{"line":582,"col":22}},"message":"Warning: Unused function 'test_input_handler'","error_code":1}
{"$message_type":"diagnostic","level":"error","loc":{"path":"/Users/kelei/opensource/selene-pokemoon/pokemoon/src/main.mbt","start":{"line":586,"col":11},"end":{"line":586,"col":25}},"message":"The value identifier is_key_pressed is unbound.","error_code":4021}
{"$message_type":"diagnostic","level":"error","loc":{"path":"/Users/kelei/opensource/selene-pokemoon/pokemoon/src/main.mbt","start":{"line":587,"col":11},"end":{"line":587,"col":22}},"message":"The value identifier is_key_held is unbound.","error_code":4021}
{"$message_type":"diagnostic","level":"error","loc":{"path":"/Users/kelei/opensource/selene-pokemoon/pokemoon/src/main.mbt","start":{"line":590,"col":11},"end":{"line":590,"col":34}},"message":"The value identifier is_mouse_button_pressed is unbound.","error_code":4021}
{"$message_type":"diagnostic","level":"error","loc":{"path":"/Users/kelei/opensource/selene-pokemoon/pokemoon/src/main.mbt","start":{"line":590,"col":35},"end":{"line":590,"col":46}},"message":"The type/trait MouseButton is not found.","error_code":4024}
{"$message_type":"diagnostic","level":"error","loc":{"path":"/Users/kelei/opensource/selene-pokemoon/pokemoon/src/main.mbt","start":{"line":591,"col":11},"end":{"line":591,"col":29}},"message":"The value identifier get_mouse_position is unbound.","error_code":4021}
{"$message_type":"diagnostic","level":"error","loc":{"path":"/Users/kelei/opensource/selene-pokemoon/pokemoon/src/main.mbt","start":{"line":594,"col":11},"end":{"line":594,"col":33}},"message":"The value identifier get_event_queue_length is unbound.","error_code":4021}
{"$message_type":"diagnostic","level":"error","loc":{"path":"/Users/kelei/opensource/selene-pokemoon/pokemoon/src/main.mbt","start":{"line":597,"col":3},"end":{"line":597,"col":25}},"message":"The value identifier set_key_press_callback is unbound.","error_code":4021}
{"$message_type":"diagnostic","level":"error","loc":{"path":"/Users/kelei/opensource/selene-pokemoon/pokemoon/src/main.mbt","start":{"line":601,"col":3},"end":{"line":601,"col":27}},"message":"The value identifier set_mouse_click_callback is unbound.","error_code":4021}
{"$message_type":"diagnostic","level":"error","loc":{"path":"/Users/kelei/opensource/selene-pokemoon/pokemoon/src/main.mbt","start":{"line":605,"col":3},"end":{"line":605,"col":29}},"message":"The value identifier set_touch_gesture_callback is unbound.","error_code":4021}
{"$message_type":"diagnostic","level":"error","loc":{"path":"/Users/kelei/opensource/selene-pokemoon/pokemoon/src/main.mbt","start":{"line":610,"col":3},"end":{"line":610,"col":24}},"message":"The value identifier handle_keyboard_input is unbound.","error_code":4021}
{"$message_type":"diagnostic","level":"error","loc":{"path":"/Users/kelei/opensource/selene-pokemoon/pokemoon/src/main.mbt","start":{"line":611,"col":3},"end":{"line":611,"col":21}},"message":"The value identifier handle_mouse_input is unbound.","error_code":4021}
{"$message_type":"diagnostic","level":"error","loc":{"path":"/Users/kelei/opensource/selene-pokemoon/pokemoon/src/main.mbt","start":{"line":611,"col":22},"end":{"line":611,"col":33}},"message":"The type/trait MouseButton is not found.","error_code":4024}
{"$message_type":"diagnostic","level":"warning","loc":{"path":"/Users/kelei/opensource/selene-pokemoon/pokemoon/src/main.mbt","start":{"line":617,"col":4},"end":{"line":617,"col":30}},"message":"Warning: Unused function 'ensure_functions_generated'","error_code":1}
{"$message_type":"diagnostic","level":"error","loc":{"path":"/Users/kelei/opensource/selene-pokemoon/pokemoon/src/main.mbt","start":{"line":651,"col":22},"end":{"line":651,"col":41}},"message":"The value identifier create_debug_screen is unbound.","error_code":4021}
{"$message_type":"diagnostic","level":"warning","loc":{"path":"/Users/kelei/opensource/selene-pokemoon/pokemoon/src/main.mbt","start":{"line":652,"col":7},"end":{"line":652,"col":20}},"message":"Warning: Unused variable 'debug_manager'","error_code":2}
{"$message_type":"diagnostic","level":"error","loc":{"path":"/Users/kelei/opensource/selene-pokemoon/pokemoon/src/main.mbt","start":{"line":652,"col":23},"end":{"line":652,"col":48}},"message":"The value identifier create_debug_game_manager is unbound.","error_code":4021}
{"$message_type":"diagnostic","level":"warning","loc":{"path":"/Users/kelei/opensource/selene-pokemoon/pokemoon/src/main.mbt","start":{"line":658,"col":7},"end":{"line":658,"col":18}},"message":"Warning: Unused variable 'test_screen'","error_code":2}
{"$message_type":"diagnostic","level":"error","loc":{"path":"/Users/kelei/opensource/selene-pokemoon/pokemoon/src/main.mbt","start":{"line":658,"col":21},"end":{"line":658,"col":36}},"message":"The value identifier run_system_test is unbound.","error_code":4021}
{"$message_type":"diagnostic","level":"warning","loc":{"path":"/Users/kelei/opensource/selene-pokemoon/pokemoon/src/main.mbt","start":{"line":664,"col":4},"end":{"line":664,"col":28}},"message":"Warning: Unused function 'test_debug_screen_system'","error_code":1}
{"$message_type":"diagnostic","level":"error","loc":{"path":"/Users/kelei/opensource/selene-pokemoon/pokemoon/src/main.mbt","start":{"line":668,"col":16},"end":{"line":668,"col":35}},"message":"The value identifier create_debug_screen is unbound.","error_code":4021}
{"$message_type":"diagnostic","level":"error","loc":{"path":"/Users/kelei/opensource/selene-pokemoon/pokemoon/src/main.mbt","start":{"line":672,"col":24},"end":{"line":672,"col":43}},"message":"The value identifier update_debug_screen is unbound.","error_code":4021}
{"$message_type":"diagnostic","level":"error","loc":{"path":"/Users/kelei/opensource/selene-pokemoon/pokemoon/src/main.mbt","start":{"line":676,"col":28},"end":{"line":676,"col":43}},"message":"The value identifier add_test_result is unbound.","error_code":4021}
{"$message_type":"diagnostic","level":"error","loc":{"path":"/Users/kelei/opensource/selene-pokemoon/pokemoon/src/main.mbt","start":{"line":680,"col":21},"end":{"line":680,"col":36}},"message":"The value identifier run_system_test is unbound.","error_code":4021}
{"$message_type":"diagnostic","level":"error","loc":{"path":"/Users/kelei/opensource/selene-pokemoon/pokemoon/src/main.mbt","start":{"line":681,"col":21},"end":{"line":681,"col":36}},"message":"The value identifier run_battle_test is unbound.","error_code":4021}
{"$message_type":"diagnostic","level":"error","loc":{"path":"/Users/kelei/opensource/selene-pokemoon/pokemoon/src/main.mbt","start":{"line":682,"col":20},"end":{"line":682,"col":34}},"message":"The value identifier run_input_test is unbound.","error_code":4021}
{"$message_type":"diagnostic","level":"error","loc":{"path":"/Users/kelei/opensource/selene-pokemoon/pokemoon/src/main.mbt","start":{"line":683,"col":26},"end":{"line":683,"col":46}},"message":"The value identifier run_performance_test is unbound.","error_code":4021}
{"$message_type":"diagnostic","level":"error","loc":{"path":"/Users/kelei/opensource/selene-pokemoon/pokemoon/src/main.mbt","start":{"line":688,"col":20},"end":{"line":688,"col":34}},"message":"The value identifier get_debug_info is unbound.","error_code":4021}
{"$message_type":"diagnostic","level":"error","loc":{"path":"/Users/kelei/opensource/selene-pokemoon/pokemoon/src/main.mbt","start":{"line":692,"col":23},"end":{"line":692,"col":49}},"message":"The value identifier create_debug_input_handler is unbound.","error_code":4021}
{"$message_type":"diagnostic","level":"error","loc":{"path":"/Users/kelei/opensource/selene-pokemoon/pokemoon/src/main.mbt","start":{"line":693,"col":24},"end":{"line":693,"col":51}},"message":"The value identifier handle_debug_keyboard_input is unbound.","error_code":4021}
{"$message_type":"diagnostic","level":"warning","loc":{"path":"/Users/kelei/opensource/selene-pokemoon/pokemoon/src/main.mbt","start":{"line":694,"col":7},"end":{"line":694,"col":23}},"message":"Warning: Unused variable 'input_with_mouse'","error_code":2}
{"$message_type":"diagnostic","level":"error","loc":{"path":"/Users/kelei/opensource/selene-pokemoon/pokemoon/src/main.mbt","start":{"line":694,"col":26},"end":{"line":694,"col":50}},"message":"The value identifier handle_debug_mouse_input is unbound.","error_code":4021}
{"$message_type":"diagnostic","level":"error","loc":{"path":"/Users/kelei/opensource/selene-pokemoon/pokemoon/src/main.mbt","start":{"line":699,"col":22},"end":{"line":699,"col":47}},"message":"The value identifier create_debug_game_manager is unbound.","error_code":4021}
{"$message_type":"diagnostic","level":"error","loc":{"path":"/Users/kelei/opensource/selene-pokemoon/pokemoon/src/main.mbt","start":{"line":700,"col":25},"end":{"line":700,"col":50}},"message":"The value identifier update_debug_game_manager is unbound.","error_code":4021}
{"$message_type":"diagnostic","level":"warning","loc":{"path":"/Users/kelei/opensource/selene-pokemoon/pokemoon/src/main.mbt","start":{"line":701,"col":7},"end":{"line":701,"col":20}},"message":"Warning: Unused variable 'input_manager'","error_code":2}
{"$message_type":"diagnostic","level":"error","loc":{"path":"/Users/kelei/opensource/selene-pokemoon/pokemoon/src/main.mbt","start":{"line":701,"col":23},"end":{"line":701,"col":41}},"message":"The value identifier handle_debug_input is unbound.","error_code":4021}
{"$message_type":"diagnostic","level":"error","loc":{"path":"/Users/kelei/opensource/selene-pokemoon/pokemoon/src/main.mbt","start":{"line":710,"col":22},"end":{"line":710,"col":41}},"message":"The value identifier create_debug_screen is unbound.","error_code":4021}
{"$message_type":"diagnostic","level":"error","loc":{"path":"/Users/kelei/opensource/selene-pokemoon/pokemoon/src/main.mbt","start":{"line":711,"col":23},"end":{"line":711,"col":48}},"message":"The value identifier create_debug_game_manager is unbound.","error_code":4021}
{"$message_type":"diagnostic","level":"error","loc":{"path":"/Users/kelei/opensource/selene-pokemoon/pokemoon/src/main.mbt","start":{"line":713,"col":11},"end":{"line":713,"col":30}},"message":"The value identifier update_debug_screen is unbound.","error_code":4021}
{"$message_type":"diagnostic","level":"error","loc":{"path":"/Users/kelei/opensource/selene-pokemoon/pokemoon/src/main.mbt","start":{"line":714,"col":11},"end":{"line":714,"col":26}},"message":"The value identifier add_test_result is unbound.","error_code":4021}
{"$message_type":"diagnostic","level":"error","loc":{"path":"/Users/kelei/opensource/selene-pokemoon/pokemoon/src/main.mbt","start":{"line":715,"col":11},"end":{"line":715,"col":27}},"message":"The value identifier set_current_test is unbound.","error_code":4021}
{"$message_type":"diagnostic","level":"error","loc":{"path":"/Users/kelei/opensource/selene-pokemoon/pokemoon/src/main.mbt","start":{"line":716,"col":11},"end":{"line":716,"col":29}},"message":"The value identifier clear_test_results is unbound.","error_code":4021}
{"$message_type":"diagnostic","level":"error","loc":{"path":"/Users/kelei/opensource/selene-pokemoon/pokemoon/src/main.mbt","start":{"line":717,"col":11},"end":{"line":717,"col":25}},"message":"The value identifier get_debug_info is unbound.","error_code":4021}
{"$message_type":"diagnostic","level":"error","loc":{"path":"/Users/kelei/opensource/selene-pokemoon/pokemoon/src/main.mbt","start":{"line":718,"col":11},"end":{"line":718,"col":26}},"message":"The value identifier run_system_test is unbound.","error_code":4021}
{"$message_type":"diagnostic","level":"error","loc":{"path":"/Users/kelei/opensource/selene-pokemoon/pokemoon/src/main.mbt","start":{"line":719,"col":11},"end":{"line":719,"col":26}},"message":"The value identifier run_battle_test is unbound.","error_code":4021}
{"$message_type":"diagnostic","level":"error","loc":{"path":"/Users/kelei/opensource/selene-pokemoon/pokemoon/src/main.mbt","start":{"line":720,"col":11},"end":{"line":720,"col":25}},"message":"The value identifier run_input_test is unbound.","error_code":4021}
{"$message_type":"diagnostic","level":"error","loc":{"path":"/Users/kelei/opensource/selene-pokemoon/pokemoon/src/main.mbt","start":{"line":721,"col":11},"end":{"line":721,"col":31}},"message":"The value identifier run_performance_test is unbound.","error_code":4021}
{"$message_type":"diagnostic","level":"error","loc":{"path":"/Users/kelei/opensource/selene-pokemoon/pokemoon/src/main.mbt","start":{"line":722,"col":11},"end":{"line":722,"col":28}},"message":"The value identifier debug_screen_main is unbound.","error_code":4021}
{"$message_type":"diagnostic","level":"error","loc":{"path":"/Users/kelei/opensource/selene-pokemoon/pokemoon/src/main.mbt","start":{"line":724,"col":23},"end":{"line":724,"col":49}},"message":"The value identifier create_debug_input_handler is unbound.","error_code":4021}
{"$message_type":"diagnostic","level":"error","loc":{"path":"/Users/kelei/opensource/selene-pokemoon/pokemoon/src/main.mbt","start":{"line":725,"col":11},"end":{"line":725,"col":38}},"message":"The value identifier handle_debug_keyboard_input is unbound.","error_code":4021}
{"$message_type":"diagnostic","level":"error","loc":{"path":"/Users/kelei/opensource/selene-pokemoon/pokemoon/src/main.mbt","start":{"line":726,"col":11},"end":{"line":726,"col":35}},"message":"The value identifier handle_debug_mouse_input is unbound.","error_code":4021}
{"$message_type":"diagnostic","level":"error","loc":{"path":"/Users/kelei/opensource/selene-pokemoon/pokemoon/src/main.mbt","start":{"line":727,"col":11},"end":{"line":727,"col":31}},"message":"The value identifier is_debug_key_pressed is unbound.","error_code":4021}
{"$message_type":"diagnostic","level":"error","loc":{"path":"/Users/kelei/opensource/selene-pokemoon/pokemoon/src/main.mbt","start":{"line":728,"col":11},"end":{"line":728,"col":40}},"message":"The value identifier is_debug_mouse_button_pressed is unbound.","error_code":4021}
{"$message_type":"diagnostic","level":"error","loc":{"path":"/Users/kelei/opensource/selene-pokemoon/pokemoon/src/main.mbt","start":{"line":730,"col":11},"end":{"line":730,"col":36}},"message":"The value identifier update_debug_game_manager is unbound.","error_code":4021}
{"$message_type":"diagnostic","level":"error","loc":{"path":"/Users/kelei/opensource/selene-pokemoon/pokemoon/src/main.mbt","start":{"line":731,"col":11},"end":{"line":731,"col":29}},"message":"The value identifier handle_debug_input is unbound.","error_code":4021}
{"$message_type":"diagnostic","level":"error","loc":{"path":"/Users/kelei/opensource/selene-pokemoon/pokemoon/src/main.mbt","start":{"line":733,"col":11},"end":{"line":733,"col":28}},"message":"The value identifier debug_screen_main is unbound.","error_code":4021}
{"$message_type":"diagnostic","level":"error","loc":{"path":"/Users/kelei/opensource/selene-pokemoon/pokemoon/src/main.mbt","start":{"line":734,"col":11},"end":{"line":734,"col":28}},"message":"The value identifier test_debug_screen is unbound.","error_code":4021}
{"$message_type":"diagnostic","level":"error","loc":{"path":"/Users/kelei/opensource/selene-pokemoon/pokemoon/src/main.mbt","start":{"line":735,"col":11},"end":{"line":735,"col":27}},"message":"The value identifier get_debug_status is unbound.","error_code":4021}
{"$message_type":"diagnostic","level":"error","loc":{"path":"/Users/kelei/opensource/selene-pokemoon/pokemoon/src/main.mbt","start":{"line":736,"col":11},"end":{"line":736,"col":30}},"message":"The value identifier run_all_debug_tests is unbound.","error_code":4021}
{"$message_type":"diagnostic","level":"error","loc":{"path":"/Users/kelei/opensource/selene-pokemoon/pokemoon/src/main.mbt","start":{"line":757,"col":36},"end":{"line":757,"col":51}},"message":"Package \"system\" not found in the loaded packages.","error_code":4020}
{"$message_type":"diagnostic","level":"error","loc":{"path":"/Users/kelei/opensource/selene-pokemoon/pokemoon/src/main.mbt","start":{"line":759,"col":3},"end":{"line":759,"col":24}},"message":"The value identifier generate_battle_scene is unbound.","error_code":4021}
