{"$message_type":"diagnostic","level":"warning","loc":{"path":"C:\\Users\\35858\\Desktop\\moonbit\\suto\\examples\\pixeladventure\\src\\base_level3.mbt","start":{"line":1,"col":4},"end":{"line":1,"col":23}},"message":"Warning: Unused function 'add_new_two1_block1'","error_code":1}
{"$message_type":"diagnostic","level":"warning","loc":{"path":"C:\\Users\\35858\\Desktop\\moonbit\\suto\\examples\\pixeladventure\\src\\base_level3.mbt","start":{"line":18,"col":4},"end":{"line":18,"col":23}},"message":"Warning: Unused function 'add_new_two2_block1'","error_code":1}
{"$message_type":"diagnostic","level":"warning","loc":{"path":"C:\\Users\\35858\\Desktop\\moonbit\\suto\\examples\\pixeladventure\\src\\game.mbt","start":{"line":55,"col":3},"end":{"line":55,"col":6}},"message":"Warning: Variant 'Win' is never constructed","error_code":6}
{"$message_type":"diagnostic","level":"warning","loc":{"path":"C:\\Users\\35858\\Desktop\\moonbit\\suto\\examples\\pixeladventure\\src\\game.mbt","start":{"line":98,"col":4},"end":{"line":98,"col":13}},"message":"Warning: Unused function 'set_score'","error_code":1}
{"$message_type":"diagnostic","level":"warning","loc":{"path":"C:\\Users\\35858\\Desktop\\moonbit\\suto\\examples\\pixeladventure\\src\\main.mbt","start":{"line":25,"col":7},"end":{"line":25,"col":26}},"message":"Warning: Unused variable 'REAL_VIEWPORT_WIDTH'","error_code":2}
{"$message_type":"diagnostic","level":"warning","loc":{"path":"C:\\Users\\35858\\Desktop\\moonbit\\suto\\examples\\pixeladventure\\src\\main.mbt","start":{"line":28,"col":7},"end":{"line":28,"col":27}},"message":"Warning: Unused variable 'REAL_VIEWPORT_HEIGHT'","error_code":2}
{"$message_type":"diagnostic","level":"warning","loc":{"path":"C:\\Users\\35858\\Desktop\\moonbit\\suto\\examples\\pixeladventure\\src\\main.mbt","start":{"line":66,"col":7},"end":{"line":66,"col":15}},"message":"Warning: Field 'revealed' is never read","error_code":7}
{"$message_type":"diagnostic","level":"warning","loc":{"path":"C:\\Users\\35858\\Desktop\\moonbit\\suto\\examples\\pixeladventure\\src\\main.mbt","start":{"line":67,"col":7},"end":{"line":67,"col":14}},"message":"Warning: Field 'matched' is never read","error_code":7}
{"$message_type":"diagnostic","level":"warning","loc":{"path":"C:\\Users\\35858\\Desktop\\moonbit\\suto\\examples\\pixeladventure\\src\\main.mbt","start":{"line":74,"col":3},"end":{"line":74,"col":14}},"message":"Warning: Field 'new_blocks2' is never read","error_code":7}
{"$message_type":"diagnostic","level":"warning","loc":{"path":"C:\\Users\\35858\\Desktop\\moonbit\\suto\\examples\\pixeladventure\\src\\main.mbt","start":{"line":77,"col":7},"end":{"line":77,"col":12}},"message":"Warning: Field 'score' is never read","error_code":7}
{"$message_type":"diagnostic","level":"warning","loc":{"path":"C:\\Users\\35858\\Desktop\\moonbit\\suto\\examples\\pixeladventure\\src\\main.mbt","start":{"line":79,"col":3},"end":{"line":79,"col":21}},"message":"Warning: Field 'select_four_blocks' is never read","error_code":7}
{"$message_type":"diagnostic","level":"warning","loc":{"path":"C:\\Users\\35858\\Desktop\\moonbit\\suto\\examples\\pixeladventure\\src\\main.mbt","start":{"line":80,"col":3},"end":{"line":80,"col":18}},"message":"Warning: Field 'selected_blocks' is never read","error_code":7}
{"$message_type":"diagnostic","level":"warning","loc":{"path":"C:\\Users\\35858\\Desktop\\moonbit\\suto\\examples\\pixeladventure\\src\\main.mbt","start":{"line":81,"col":3},"end":{"line":81,"col":13}},"message":"Warning: Field 'game_state' is never read","error_code":7}
{"$message_type":"diagnostic","level":"warning","loc":{"path":"C:\\Users\\35858\\Desktop\\moonbit\\suto\\examples\\pixeladventure\\src\\main.mbt","start":{"line":102,"col":7},"end":{"line":102,"col":12}},"message":"Warning: Field 'click' is never read","error_code":7}
{"$message_type":"diagnostic","level":"warning","loc":{"path":"C:\\Users\\35858\\Desktop\\moonbit\\suto\\examples\\pixeladventure\\src\\main.mbt","start":{"line":114,"col":7},"end":{"line":114,"col":18}},"message":"Warning: Field 'latestLevel' is never read","error_code":7}
{"$message_type":"diagnostic","level":"warning","loc":{"path":"C:\\Users\\35858\\Desktop\\moonbit\\suto\\examples\\pixeladventure\\src\\map.mbt","start":{"line":16,"col":4},"end":{"line":16,"col":17}},"message":"Warning: Unused function 'tile_to_vec2d'","error_code":1}
{"$message_type":"diagnostic","level":"warning","loc":{"path":"C:\\Users\\35858\\Desktop\\moonbit\\suto\\examples\\pixeladventure\\src\\player.mbt","start":{"line":76,"col":4},"end":{"line":76,"col":14}},"message":"Warning: Unused function 'add_player'","error_code":1}
{"$message_type":"diagnostic","level":"warning","loc":{"path":"C:\\Users\\35858\\Desktop\\moonbit\\suto\\examples\\pixeladventure\\src\\player.mbt","start":{"line":76,"col":15},"end":{"line":76,"col":18}},"message":"Warning: Unused variable 'pos'","error_code":2}
{"$message_type":"diagnostic","level":"warning","loc":{"path":"C:\\Users\\35858\\Desktop\\moonbit\\suto\\examples\\pixeladventure\\src\\player.mbt","start":{"line":124,"col":4},"end":{"line":124,"col":27}},"message":"Warning: Unused function 'player_collision_system'","error_code":1}
{"$message_type":"diagnostic","level":"warning","loc":{"path":"C:\\Users\\35858\\Desktop\\moonbit\\suto\\examples\\pixeladventure\\src\\player.mbt","start":{"line":143,"col":4},"end":{"line":143,"col":23}},"message":"Warning: Unused function 'player_state_system'","error_code":1}
{"$message_type":"diagnostic","level":"warning","loc":{"path":"C:\\Users\\35858\\Desktop\\moonbit\\suto\\examples\\pixeladventure\\src\\ui.mbt","start":{"line":16,"col":4},"end":{"line":16,"col":18}},"message":"Warning: Unused function 'add_result_box'","error_code":1}
{"$message_type":"diagnostic","level":"warning","loc":{"path":"C:\\Users\\35858\\Desktop\\moonbit\\suto\\examples\\pixeladventure\\src\\ui.mbt","start":{"line":28,"col":4},"end":{"line":28,"col":17}},"message":"Warning: Unused function 'add_score_box'","error_code":1}
{"$message_type":"diagnostic","level":"warning","loc":{"path":"C:\\Users\\35858\\Desktop\\moonbit\\suto\\examples\\pixeladventure\\src\\ui.mbt","start":{"line":37,"col":4},"end":{"line":37,"col":18}},"message":"Warning: Unused function 'add_health_box'","error_code":1}
{"$message_type":"diagnostic","level":"warning","loc":{"path":"C:\\Users\\35858\\Desktop\\moonbit\\suto\\examples\\pixeladventure\\src\\ui.mbt","start":{"line":46,"col":4},"end":{"line":46,"col":21}},"message":"Warning: Unused function 'add_volume_button'","error_code":1}
