
         --  -- 
       /  //  / __--------_
      /  //  /_/            \
   ---      -                \ __
  / X        /        ____   /   )
  *_________/__/_____/______/ `--

Oops, the compiler has encountered an unexpected situation.
This is a bug in the compiler.

A bug report containing the error description and relevant code would be
greatly appreciated. You can submit the bug report here:

  https://github.com/moonbitlang/moonbit-docs/issues/new?template=ice.md

Error: Sys_error("D:\\Code\\MoonBit-Code-JAM-2025\\teams\\1297087-\230\190\182\226\149\129\230\185\180\230\182\147\226\130\172\233\148\155\228\189\184\231\156\191\233\148\155\228\189\184\227\129\135\233\144\150\232\190\169\230\180\152-Matchstick-Man-Battle\\artifact\\.mooncakes\\moonbitlang\\x\\num\\num.mbt: No such file or directory")

Compiler args: moonc check -error-format json "D:\\Code\\MoonBit-Code-JAM-2025\\teams\\1297087-澶╁湴涓€锛佸眿锛佸ぇ鐖辩洘-Matchstick-Man-Battle\\artifact\\.mooncakes\\moonbitlang\\x\\num\\num.mbt" -w -a -alert -all -o "D:\\Code\\MoonBit-Code-JAM-2025\\teams\\1297087-澶╁湴涓€锛佸眿锛佸ぇ鐖辩洘-Matchstick-Man-Battle\\artifact\\target\\js\\release\\check\\.mooncakes\\moonbitlang/x\\num\\num.mi" -pkg moonbitlang/x/num -std-path "C:\\Users\\18384\\.moon\\lib\\core\\target\\js\\release\\bundle" -pkg-sources "moonbitlang/x/num:D:\\Code\\MoonBit-Code-JAM-2025\\teams\\1297087-澶╁湴涓€锛佸眿锛佸ぇ鐖辩洘-Matchstick-Man-Battle\\artifact\\.mooncakes\\moonbitlang\\x\\num" -target js -workspace-path "D:\\Code\\MoonBit-Code-JAM-2025\\teams\\1297087-澶╁湴涓€锛佸眿锛佸ぇ鐖辩洘-Matchstick-Man-Battle\\artifact\\.mooncakes\\moonbitlang\\x"

moonc version: v0.6.31+b5b06ff93

         --  -- 
       /  //  / __--------_
      /  //  /_/            \
   ---      -                \ __
  / X        /        ____   /   )
  *_________/__/_____/______/ `--

Oops, the compiler has encountered an unexpected situation.
This is a bug in the compiler.

A bug report containing the error description and relevant code would be
greatly appreciated. You can submit the bug report here:

  https://github.com/moonbitlang/moonbit-docs/issues/new?template=ice.md

Error: Sys_error("D:\\Code\\MoonBit-Code-JAM-2025\\teams\\1297087-\230\190\182\226\149\129\230\185\180\230\182\147\226\130\172\233\148\155\228\189\184\231\156\191\233\148\155\228\189\184\227\129\135\233\144\150\232\190\169\230\180\152-Matchstick-Man-Battle\\artifact\\.mooncakes\\moonbitlang\\x\\uuid\\variant.mbt: No such file or directory")

Compiler args: moonc check -error-format json "D:\\Code\\MoonBit-Code-JAM-2025\\teams\\1297087-澶╁湴涓€锛佸眿锛佸ぇ鐖辩洘-Matchstick-Man-Battle\\artifact\\.mooncakes\\moonbitlang\\x\\uuid\\ops.mbt" "D:\\Code\\MoonBit-Code-JAM-2025\\teams\\1297087-澶╁湴涓€锛佸眿锛佸ぇ鐖辩洘-Matchstick-Man-Battle\\artifact\\.mooncakes\\moonbitlang\\x\\uuid\\uuid.mbt" "D:\\Code\\MoonBit-Code-JAM-2025\\teams\\1297087-澶╁湴涓€锛佸眿锛佸ぇ鐖辩洘-Matchstick-Man-Battle\\artifact\\.mooncakes\\moonbitlang\\x\\uuid\\variant.mbt" -w -a -alert -all -o "D:\\Code\\MoonBit-Code-JAM-2025\\teams\\1297087-澶╁湴涓€锛佸眿锛佸ぇ鐖辩洘-Matchstick-Man-Battle\\artifact\\target\\js\\release\\check\\.mooncakes\\moonbitlang/x\\uuid\\uuid.mi" -pkg moonbitlang/x/uuid -std-path "C:\\Users\\18384\\.moon\\lib\\core\\target\\js\\release\\bundle" -pkg-sources "moonbitlang/x/uuid:D:\\Code\\MoonBit-Code-JAM-2025\\teams\\1297087-澶╁湴涓€锛佸眿锛佸ぇ鐖辩洘-Matchstick-Man-Battle\\artifact\\.mooncakes\\moonbitlang\\x\\uuid" -target js -workspace-path "D:\\Code\\MoonBit-Code-JAM-2025\\teams\\1297087-澶╁湴涓€锛佸眿锛佸ぇ鐖辩洘-Matchstick-Man-Battle\\artifact\\.mooncakes\\moonbitlang\\x"

moonc version: v0.6.31+b5b06ff93

         --  -- 
       /  //  / __--------_
      /  //  /_/            \
   ---      -                \ __
  / X        /        ____   /   )
  *_________/__/_____/______/ `--

Oops, the compiler has encountered an unexpected situation.
This is a bug in the compiler.

A bug report containing the error description and relevant code would be
greatly appreciated. You can submit the bug report here:

  https://github.com/moonbitlang/moonbit-docs/issues/new?template=ice.md

Error: Sys_error("D:\\Code\\MoonBit-Code-JAM-2025\\teams\\1297087-\230\190\182\226\149\129\230\185\180\230\182\147\226\130\172\233\148\155\228\189\184\231\156\191\233\148\155\228\189\184\227\129\135\233\144\150\232\190\169\230\180\152-Matchstick-Man-Battle\\artifact\\.mooncakes\\moonbitlang\\x\\internal\\ffi\\string_convert.mbt: No such file or directory")

Compiler args: moonc check -error-format json "D:\\Code\\MoonBit-Code-JAM-2025\\teams\\1297087-澶╁湴涓€锛佸眿锛佸ぇ鐖辩洘-Matchstick-Man-Battle\\artifact\\.mooncakes\\moonbitlang\\x\\internal\\ffi\\string_convert.mbt" -w -a -alert -all -o "D:\\Code\\MoonBit-Code-JAM-2025\\teams\\1297087-澶╁湴涓€锛佸眿锛佸ぇ鐖辩洘-Matchstick-Man-Battle\\artifact\\target\\js\\release\\check\\.mooncakes\\moonbitlang/x\\internal\\ffi\\ffi.mi" -pkg moonbitlang/x/internal/ffi -std-path "C:\\Users\\18384\\.moon\\lib\\core\\target\\js\\release\\bundle" -pkg-sources "moonbitlang/x/internal/ffi:D:\\Code\\MoonBit-Code-JAM-2025\\teams\\1297087-澶╁湴涓€锛佸眿锛佸ぇ鐖辩洘-Matchstick-Man-Battle\\artifact\\.mooncakes\\moonbitlang\\x\\internal\\ffi" -target js -workspace-path "D:\\Code\\MoonBit-Code-JAM-2025\\teams\\1297087-澶╁湴涓€锛佸眿锛佸ぇ鐖辩洘-Matchstick-Man-Battle\\artifact\\.mooncakes\\moonbitlang\\x"

moonc version: v0.6.31+b5b06ff93

         --  -- 
       /  //  / __--------_
      /  //  /_/            \
   ---      -                \ __
  / X        /        ____   /   )
  *_________/__/_____/______/ `--

Oops, the compiler has encountered an unexpected situation.
This is a bug in the compiler.

A bug report containing the error description and relevant code would be
greatly appreciated. You can submit the bug report here:

  https://github.com/moonbitlang/moonbit-docs/issues/new?template=ice.md

Error: Sys_error("D:\\Code\\MoonBit-Code-JAM-2025\\teams\\1297087-\230\190\182\226\149\129\230\185\180\230\182\147\226\130\172\233\148\155\228\189\184\231\156\191\233\148\155\228\189\184\227\129\135\233\144\150\232\190\169\230\180\152-Matchstick-Man-Battle\\artifact\\.mooncakes\\moonbitlang\\x\\stack\\types.mbt: No such file or directory")

Compiler args: moonc check -error-format json "D:\\Code\\MoonBit-Code-JAM-2025\\teams\\1297087-澶╁湴涓€锛佸眿锛佸ぇ鐖辩洘-Matchstick-Man-Battle\\artifact\\.mooncakes\\moonbitlang\\x\\stack\\deprecated.mbt" "D:\\Code\\MoonBit-Code-JAM-2025\\teams\\1297087-澶╁湴涓€锛佸眿锛佸ぇ鐖辩洘-Matchstick-Man-Battle\\artifact\\.mooncakes\\moonbitlang\\x\\stack\\stack.mbt" "D:\\Code\\MoonBit-Code-JAM-2025\\teams\\1297087-澶╁湴涓€锛佸眿锛佸ぇ鐖辩洘-Matchstick-Man-Battle\\artifact\\.mooncakes\\moonbitlang\\x\\stack\\types.mbt" -w -a -alert -all -o "D:\\Code\\MoonBit-Code-JAM-2025\\teams\\1297087-澶╁湴涓€锛佸眿锛佸ぇ鐖辩洘-Matchstick-Man-Battle\\artifact\\target\\js\\release\\check\\.mooncakes\\moonbitlang/x\\stack\\stack.mi" -pkg moonbitlang/x/stack -std-path "C:\\Users\\18384\\.moon\\lib\\core\\target\\js\\release\\bundle" -pkg-sources "moonbitlang/x/stack:D:\\Code\\MoonBit-Code-JAM-2025\\teams\\1297087-澶╁湴涓€锛佸眿锛佸ぇ鐖辩洘-Matchstick-Man-Battle\\artifact\\.mooncakes\\moonbitlang\\x\\stack" -target js -workspace-path "D:\\Code\\MoonBit-Code-JAM-2025\\teams\\1297087-澶╁湴涓€锛佸眿锛佸ぇ鐖辩洘-Matchstick-Man-Battle\\artifact\\.mooncakes\\moonbitlang\\x"

moonc version: v0.6.31+b5b06ff93

         --  -- 
       /  //  / __--------_
      /  //  /_/            \
   ---      -                \ __
  / X        /        ____   /   )
  *_________/__/_____/______/ `--

Oops, the compiler has encountered an unexpected situation.
This is a bug in the compiler.

A bug report containing the error description and relevant code would be
greatly appreciated. You can submit the bug report here:

  https://github.com/moonbitlang/moonbit-docs/issues/new?template=ice.md

Error: Sys_error("D:\\Code\\MoonBit-Code-JAM-2025\\teams\\1297087-\230\190\182\226\149\129\230\185\180\230\182\147\226\130\172\233\148\155\228\189\184\231\156\191\233\148\155\228\189\184\227\129\135\233\144\150\232\190\169\230\180\152-Matchstick-Man-Battle\\artifact\\.mooncakes\\moonbitlang\\x\\json5\\util.mbt: No such file or directory")

Compiler args: moonc check -error-format json "D:\\Code\\MoonBit-Code-JAM-2025\\teams\\1297087-澶╁湴涓€锛佸眿锛佸ぇ鐖辩洘-Matchstick-Man-Battle\\artifact\\.mooncakes\\moonbitlang\\x\\json5\\internal_types.mbt" "D:\\Code\\MoonBit-Code-JAM-2025\\teams\\1297087-澶╁湴涓€锛佸眿锛佸ぇ鐖辩洘-Matchstick-Man-Battle\\artifact\\.mooncakes\\moonbitlang\\x\\json5\\lex_main.mbt" "D:\\Code\\MoonBit-Code-JAM-2025\\teams\\1297087-澶╁湴涓€锛佸眿锛佸ぇ鐖辩洘-Matchstick-Man-Battle\\artifact\\.mooncakes\\moonbitlang\\x\\json5\\lex_misc.mbt" "D:\\Code\\MoonBit-Code-JAM-2025\\teams\\1297087-澶╁湴涓€锛佸眿锛佸ぇ鐖辩洘-Matchstick-Man-Battle\\artifact\\.mooncakes\\moonbitlang\\x\\json5\\lex_number.mbt" "D:\\Code\\MoonBit-Code-JAM-2025\\teams\\1297087-澶╁湴涓€锛佸眿锛佸ぇ鐖辩洘-Matchstick-Man-Battle\\artifact\\.mooncakes\\moonbitlang\\x\\json5\\lex_prop.mbt" "D:\\Code\\MoonBit-Code-JAM-2025\\teams\\1297087-澶╁湴涓€锛佸眿锛佸ぇ鐖辩洘-Matchstick-Man-Battle\\artifact\\.mooncakes\\moonbitlang\\x\\json5\\lex_string.mbt" "D:\\Code\\MoonBit-Code-JAM-2025\\teams\\1297087-澶╁湴涓€锛佸眿锛佸ぇ鐖辩洘-Matchstick-Man-Battle\\artifact\\.mooncakes\\moonbitlang\\x\\json5\\parse.mbt" "D:\\Code\\MoonBit-Code-JAM-2025\\teams\\1297087-澶╁湴涓€锛佸眿锛佸ぇ鐖辩洘-Matchstick-Man-Battle\\artifact\\.mooncakes\\moonbitlang\\x\\json5\\types.mbt" "D:\\Code\\MoonBit-Code-JAM-2025\\teams\\1297087-澶╁湴涓€锛佸眿锛佸ぇ鐖辩洘-Matchstick-Man-Battle\\artifact\\.mooncakes\\moonbitlang\\x\\json5\\unicode_gen.mbt" "D:\\Code\\MoonBit-Code-JAM-2025\\teams\\1297087-澶╁湴涓€锛佸眿锛佸ぇ鐖辩洘-Matchstick-Man-Battle\\artifact\\.mooncakes\\moonbitlang\\x\\json5\\util.mbt" -w -a -alert -all -o "D:\\Code\\MoonBit-Code-JAM-2025\\teams\\1297087-澶╁湴涓€锛佸眿锛佸ぇ鐖辩洘-Matchstick-Man-Battle\\artifact\\target\\js\\release\\check\\.mooncakes\\moonbitlang/x\\json5\\json5.mi" -pkg moonbitlang/x/json5 -std-path "C:\\Users\\18384\\.moon\\lib\\core\\target\\js\\release\\bundle" -pkg-sources "moonbitlang/x/json5:D:\\Code\\MoonBit-Code-JAM-2025\\teams\\1297087-澶╁湴涓€锛佸眿锛佸ぇ鐖辩洘-Matchstick-Man-Battle\\artifact\\.mooncakes\\moonbitlang\\x\\json5" -target js -workspace-path "D:\\Code\\MoonBit-Code-JAM-2025\\teams\\1297087-澶╁湴涓€锛佸眿锛佸ぇ鐖辩洘-Matchstick-Man-Battle\\artifact\\.mooncakes\\moonbitlang\\x"

moonc version: v0.6.31+b5b06ff93

         --  -- 
       /  //  / __--------_
      /  //  /_/            \
   ---      -                \ __
  / X        /        ____   /   )
  *_________/__/_____/______/ `--

Oops, the compiler has encountered an unexpected situation.
This is a bug in the compiler.

A bug report containing the error description and relevant code would be
greatly appreciated. You can submit the bug report here:

  https://github.com/moonbitlang/moonbit-docs/issues/new?template=ice.md

Error: Sys_error("D:\\Code\\MoonBit-Code-JAM-2025\\teams\\1297087-\230\190\182\226\149\129\230\185\180\230\182\147\226\130\172\233\148\155\228\189\184\231\156\191\233\148\155\228\189\184\227\129\135\233\144\150\232\190\169\230\180\152-Matchstick-Man-Battle\\artifact\\.mooncakes\\Demonmasterlqx\\box2d_ffi\\src\\box2d\\type_bind.mbt: No such file or directory")

Compiler args: moonc check -error-format json "D:\\Code\\MoonBit-Code-JAM-2025\\teams\\1297087-澶╁湴涓€锛佸眿锛佸ぇ鐖辩洘-Matchstick-Man-Battle\\artifact\\.mooncakes\\Demonmasterlqx\\box2d_ffi\\src\\box2d\\b2AABB.mbt" "D:\\Code\\MoonBit-Code-JAM-2025\\teams\\1297087-澶╁湴涓€锛佸眿锛佸ぇ鐖辩洘-Matchstick-Man-Battle\\artifact\\.mooncakes\\Demonmasterlqx\\box2d_ffi\\src\\box2d\\b2Body.mbt" "D:\\Code\\MoonBit-Code-JAM-2025\\teams\\1297087-澶╁湴涓€锛佸眿锛佸ぇ鐖辩洘-Matchstick-Man-Battle\\artifact\\.mooncakes\\Demonmasterlqx\\box2d_ffi\\src\\box2d\\b2BodyDef.mbt" "D:\\Code\\MoonBit-Code-JAM-2025\\teams\\1297087-澶╁湴涓€锛佸眿锛佸ぇ鐖辩洘-Matchstick-Man-Battle\\artifact\\.mooncakes\\Demonmasterlqx\\box2d_ffi\\src\\box2d\\b2Bound.mbt" "D:\\Code\\MoonBit-Code-JAM-2025\\teams\\1297087-澶╁湴涓€锛佸眿锛佸ぇ鐖辩洘-Matchstick-Man-Battle\\artifact\\.mooncakes\\Demonmasterlqx\\box2d_ffi\\src\\box2d\\b2BoundValues.mbt" "D:\\Code\\MoonBit-Code-JAM-2025\\teams\\1297087-澶╁湴涓€锛佸眿锛佸ぇ鐖辩洘-Matchstick-Man-Battle\\artifact\\.mooncakes\\Demonmasterlqx\\box2d_ffi\\src\\box2d\\b2BroadPhase.mbt" "D:\\Code\\MoonBit-Code-JAM-2025\\teams\\1297087-澶╁湴涓€锛佸眿锛佸ぇ鐖辩洘-Matchstick-Man-Battle\\artifact\\.mooncakes\\Demonmasterlqx\\box2d_ffi\\src\\box2d\\b2BufferedPair.mbt" "D:\\Code\\MoonBit-Code-JAM-2025\\teams\\1297087-澶╁湴涓€锛佸眿锛佸ぇ鐖辩洘-Matchstick-Man-Battle\\artifact\\.mooncakes\\Demonmasterlqx\\box2d_ffi\\src\\box2d\\b2Collision.mbt" "D:\\Code\\MoonBit-Code-JAM-2025\\teams\\1297087-澶╁湴涓€锛佸眿锛佸ぇ鐖辩洘-Matchstick-Man-Battle\\artifact\\.mooncakes\\Demonmasterlqx\\box2d_ffi\\src\\box2d\\b2CollisionFilter.mbt" "D:\\Code\\MoonBit-Code-JAM-2025\\teams\\1297087-澶╁湴涓€锛佸眿锛佸ぇ鐖辩洘-Matchstick-Man-Battle\\artifact\\.mooncakes\\Demonmasterlqx\\box2d_ffi\\src\\box2d\\b2Contact.mbt" "D:\\Code\\MoonBit-Code-JAM-2025\\teams\\1297087-澶╁湴涓€锛佸眿锛佸ぇ鐖辩洘-Matchstick-Man-Battle\\artifact\\.mooncakes\\Demonmasterlqx\\box2d_ffi\\src\\box2d\\b2ContactID.mbt" "D:\\Code\\MoonBit-Code-JAM-2025\\teams\\1297087-澶╁湴涓€锛佸眿锛佸ぇ鐖辩洘-Matchstick-Man-Battle\\artifact\\.mooncakes\\Demonmasterlqx\\box2d_ffi\\src\\box2d\\b2ContactPoint.mbt" "D:\\Code\\MoonBit-Code-JAM-2025\\teams\\1297087-澶╁湴涓€锛佸眿锛佸ぇ鐖辩洘-Matchstick-Man-Battle\\artifact\\.mooncakes\\Demonmasterlqx\\box2d_ffi\\src\\box2d\\b2DeriveJoint.mbt" "D:\\Code\\MoonBit-Code-JAM-2025\\teams\\1297087-澶╁湴涓€锛佸眿锛佸ぇ鐖辩洘-Matchstick-Man-Battle\\artifact\\.mooncakes\\Demonmasterlqx\\box2d_ffi\\src\\box2d\\b2DeriveJointDef.mbt" "D:\\Code\\MoonBit-Code-JAM-2025\\teams\\1297087-澶╁湴涓€锛佸眿锛佸ぇ鐖辩洘-Matchstick-Man-Battle\\artifact\\.mooncakes\\Demonmasterlqx\\box2d_ffi\\src\\box2d\\b2DeriveShape.mbt" "D:\\Code\\MoonBit-Code-JAM-2025\\teams\\1297087-澶╁湴涓€锛佸眿锛佸ぇ鐖辩洘-Matchstick-Man-Battle\\artifact\\.mooncakes\\Demonmasterlqx\\box2d_ffi\\src\\box2d\\b2DeriveShapeDef.mbt" "D:\\Code\\MoonBit-Code-JAM-2025\\teams\\1297087-澶╁湴涓€锛佸眿锛佸ぇ鐖辩洘-Matchstick-Man-Battle\\artifact\\.mooncakes\\Demonmasterlqx\\box2d_ffi\\src\\box2d\\b2Distance.mbt" "D:\\Code\\MoonBit-Code-JAM-2025\\teams\\1297087-澶╁湴涓€锛佸眿锛佸ぇ鐖辩洘-Matchstick-Man-Battle\\artifact\\.mooncakes\\Demonmasterlqx\\box2d_ffi\\src\\box2d\\b2Joint.mbt" "D:\\Code\\MoonBit-Code-JAM-2025\\teams\\1297087-澶╁湴涓€锛佸眿锛佸ぇ鐖辩洘-Matchstick-Man-Battle\\artifact\\.mooncakes\\Demonmasterlqx\\box2d_ffi\\src\\box2d\\b2JointDef.mbt" "D:\\Code\\MoonBit-Code-JAM-2025\\teams\\1297087-澶╁湴涓€锛佸眿锛佸ぇ鐖辩洘-Matchstick-Man-Battle\\artifact\\.mooncakes\\Demonmasterlqx\\box2d_ffi\\src\\box2d\\b2Manifold.mbt" "D:\\Code\\MoonBit-Code-JAM-2025\\teams\\1297087-澶╁湴涓€锛佸眿锛佸ぇ鐖辩洘-Matchstick-Man-Battle\\artifact\\.mooncakes\\Demonmasterlqx\\box2d_ffi\\src\\box2d\\b2MassData.mbt" "D:\\Code\\MoonBit-Code-JAM-2025\\teams\\1297087-澶╁湴涓€锛佸眿锛佸ぇ鐖辩洘-Matchstick-Man-Battle\\artifact\\.mooncakes\\Demonmasterlqx\\box2d_ffi\\src\\box2d\\b2Mat22.mbt" "D:\\Code\\MoonBit-Code-JAM-2025\\teams\\1297087-澶╁湴涓€锛佸眿锛佸ぇ鐖辩洘-Matchstick-Man-Battle\\artifact\\.mooncakes\\Demonmasterlqx\\box2d_ffi\\src\\box2d\\b2Math.mbt" "D:\\Code\\MoonBit-Code-JAM-2025\\teams\\1297087-澶╁湴涓€锛佸眿锛佸ぇ鐖辩洘-Matchstick-Man-Battle\\artifact\\.mooncakes\\Demonmasterlqx\\box2d_ffi\\src\\box2d\\b2OBB.mbt" "D:\\Code\\MoonBit-Code-JAM-2025\\teams\\1297087-澶╁湴涓€锛佸眿锛佸ぇ鐖辩洘-Matchstick-Man-Battle\\artifact\\.mooncakes\\Demonmasterlqx\\box2d_ffi\\src\\box2d\\b2Setting.mbt" "D:\\Code\\MoonBit-Code-JAM-2025\\teams\\1297087-澶╁湴涓€锛佸眿锛佸ぇ鐖辩洘-Matchstick-Man-Battle\\artifact\\.mooncakes\\Demonmasterlqx\\box2d_ffi\\src\\box2d\\b2Shape.mbt" "D:\\Code\\MoonBit-Code-JAM-2025\\teams\\1297087-澶╁湴涓€锛佸眿锛佸ぇ鐖辩洘-Matchstick-Man-Battle\\artifact\\.mooncakes\\Demonmasterlqx\\box2d_ffi\\src\\box2d\\b2ShapeDef.mbt" "D:\\Code\\MoonBit-Code-JAM-2025\\teams\\1297087-澶╁湴涓€锛佸眿锛佸ぇ鐖辩洘-Matchstick-Man-Battle\\artifact\\.mooncakes\\Demonmasterlqx\\box2d_ffi\\src\\box2d\\b2TimeStep.mbt" "D:\\Code\\MoonBit-Code-JAM-2025\\teams\\1297087-澶╁湴涓€锛佸眿锛佸ぇ鐖辩洘-Matchstick-Man-Battle\\artifact\\.mooncakes\\Demonmasterlqx\\box2d_ffi\\src\\box2d\\b2Vec2.mbt" "D:\\Code\\MoonBit-Code-JAM-2025\\teams\\1297087-澶╁湴涓€锛佸眿锛佸ぇ鐖辩洘-Matchstick-Man-Battle\\artifact\\.mooncakes\\Demonmasterlqx\\box2d_ffi\\src\\box2d\\b2World.mbt" "D:\\Code\\MoonBit-Code-JAM-2025\\teams\\1297087-澶╁湴涓€锛佸眿锛佸ぇ鐖辩洘-Matchstick-Man-Battle\\artifact\\.mooncakes\\Demonmasterlqx\\box2d_ffi\\src\\box2d\\b2WorldListener.mbt" "D:\\Code\\MoonBit-Code-JAM-2025\\teams\\1297087-澶╁湴涓€锛佸眿锛佸ぇ鐖辩洘-Matchstick-Man-Battle\\artifact\\.mooncakes\\Demonmasterlqx\\box2d_ffi\\src\\box2d\\local_js_ffi.mbt" "D:\\Code\\MoonBit-Code-JAM-2025\\teams\\1297087-澶╁湴涓€锛佸眿锛佸ぇ鐖辩洘-Matchstick-Man-Battle\\artifact\\.mooncakes\\Demonmasterlqx\\box2d_ffi\\src\\box2d\\type_bind.mbt" -w -2-3 -w -a -alert -all -o "D:\\Code\\MoonBit-Code-JAM-2025\\teams\\1297087-澶╁湴涓€锛佸眿锛佸ぇ鐖辩洘-Matchstick-Man-Battle\\artifact\\target\\js\\release\\check\\.mooncakes\\Demonmasterlqx/box2d_ffi\\box2d\\box2d.mi" -pkg Demonmasterlqx/box2d_ffi/box2d -std-path "C:\\Users\\18384\\.moon\\lib\\core\\target\\js\\release\\bundle" -pkg-sources "Demonmasterlqx/box2d_ffi/box2d:D:\\Code\\MoonBit-Code-JAM-2025\\teams\\1297087-澶╁湴涓€锛佸眿锛佸ぇ鐖辩洘-Matchstick-Man-Battle\\artifact\\.mooncakes\\Demonmasterlqx\\box2d_ffi\\src\\box2d" -target js -workspace-path "D:\\Code\\MoonBit-Code-JAM-2025\\teams\\1297087-澶╁湴涓€锛佸眿锛佸ぇ鐖辩洘-Matchstick-Man-Battle\\artifact\\.mooncakes\\Demonmasterlqx\\box2d_ffi"

moonc version: v0.6.31+b5b06ff93

         --  -- 
       /  //  / __--------_
      /  //  /_/            \
   ---      -                \ __
  / X        /        ____   /   )
  *_________/__/_____/______/ `--

Oops, the compiler has encountered an unexpected situation.
This is a bug in the compiler.

A bug report containing the error description and relevant code would be
greatly appreciated. You can submit the bug report here:

  https://github.com/moonbitlang/moonbit-docs/issues/new?template=ice.md

Error: Sys_error("D:\\Code\\MoonBit-Code-JAM-2025\\teams\\1297087-\230\190\182\226\149\129\230\185\180\230\182\147\226\130\172\233\148\155\228\189\184\231\156\191\233\148\155\228\189\184\227\129\135\233\144\150\232\190\169\230\180\152-Matchstick-Man-Battle\\artifact\\.mooncakes\\moonbitlang\\x\\crypto\\utils.mbt: No such file or directory")

Compiler args: moonc check -error-format json "D:\\Code\\MoonBit-Code-JAM-2025\\teams\\1297087-澶╁湴涓€锛佸眿锛佸ぇ鐖辩洘-Matchstick-Man-Battle\\artifact\\.mooncakes\\moonbitlang\\x\\crypto\\byte_source.mbt" "D:\\Code\\MoonBit-Code-JAM-2025\\teams\\1297087-澶╁湴涓€锛佸眿锛佸ぇ鐖辩洘-Matchstick-Man-Battle\\artifact\\.mooncakes\\moonbitlang\\x\\crypto\\chacha.mbt" "D:\\Code\\MoonBit-Code-JAM-2025\\teams\\1297087-澶╁湴涓€锛佸眿锛佸ぇ鐖辩洘-Matchstick-Man-Battle\\artifact\\.mooncakes\\moonbitlang\\x\\crypto\\deprecated.mbt" "D:\\Code\\MoonBit-Code-JAM-2025\\teams\\1297087-澶╁湴涓€锛佸眿锛佸ぇ鐖辩洘-Matchstick-Man-Battle\\artifact\\.mooncakes\\moonbitlang\\x\\crypto\\hmac.mbt" "D:\\Code\\MoonBit-Code-JAM-2025\\teams\\1297087-澶╁湴涓€锛佸眿锛佸ぇ鐖辩洘-Matchstick-Man-Battle\\artifact\\.mooncakes\\moonbitlang\\x\\crypto\\md5.mbt" "D:\\Code\\MoonBit-Code-JAM-2025\\teams\\1297087-澶╁湴涓€锛佸眿锛佸ぇ鐖辩洘-Matchstick-Man-Battle\\artifact\\.mooncakes\\moonbitlang\\x\\crypto\\sha1.mbt" "D:\\Code\\MoonBit-Code-JAM-2025\\teams\\1297087-澶╁湴涓€锛佸眿锛佸ぇ鐖辩洘-Matchstick-Man-Battle\\artifact\\.mooncakes\\moonbitlang\\x\\crypto\\sha224.mbt" "D:\\Code\\MoonBit-Code-JAM-2025\\teams\\1297087-澶╁湴涓€锛佸眿锛佸ぇ鐖辩洘-Matchstick-Man-Battle\\artifact\\.mooncakes\\moonbitlang\\x\\crypto\\sha256.mbt" "D:\\Code\\MoonBit-Code-JAM-2025\\teams\\1297087-澶╁湴涓€锛佸眿锛佸ぇ鐖辩洘-Matchstick-Man-Battle\\artifact\\.mooncakes\\moonbitlang\\x\\crypto\\sm3.mbt" "D:\\Code\\MoonBit-Code-JAM-2025\\teams\\1297087-澶╁湴涓€锛佸眿锛佸ぇ鐖辩洘-Matchstick-Man-Battle\\artifact\\.mooncakes\\moonbitlang\\x\\crypto\\traits.mbt" "D:\\Code\\MoonBit-Code-JAM-2025\\teams\\1297087-澶╁湴涓€锛佸眿锛佸ぇ鐖辩洘-Matchstick-Man-Battle\\artifact\\.mooncakes\\moonbitlang\\x\\crypto\\utils.mbt" -w -a -alert -all -o "D:\\Code\\MoonBit-Code-JAM-2025\\teams\\1297087-澶╁湴涓€锛佸眿锛佸ぇ鐖辩洘-Matchstick-Man-Battle\\artifact\\target\\js\\release\\check\\.mooncakes\\moonbitlang/x\\crypto\\crypto.mi" -pkg moonbitlang/x/crypto -std-path "C:\\Users\\18384\\.moon\\lib\\core\\target\\js\\release\\bundle" -pkg-sources "moonbitlang/x/crypto:D:\\Code\\MoonBit-Code-JAM-2025\\teams\\1297087-澶╁湴涓€锛佸眿锛佸ぇ鐖辩洘-Matchstick-Man-Battle\\artifact\\.mooncakes\\moonbitlang\\x\\crypto" -target js -workspace-path "D:\\Code\\MoonBit-Code-JAM-2025\\teams\\1297087-澶╁湴涓€锛佸眿锛佸ぇ鐖辩洘-Matchstick-Man-Battle\\artifact\\.mooncakes\\moonbitlang\\x"

moonc version: v0.6.31+b5b06ff93

         --  -- 
       /  //  / __--------_
      /  //  /_/            \
   ---      -                \ __
  / X        /        ____   /   )
  *_________/__/_____/______/ `--

Oops, the compiler has encountered an unexpected situation.
This is a bug in the compiler.

A bug report containing the error description and relevant code would be
greatly appreciated. You can submit the bug report here:

  https://github.com/moonbitlang/moonbit-docs/issues/new?template=ice.md

Error: Sys_error("D:\\Code\\MoonBit-Code-JAM-2025\\teams\\1297087-\230\190\182\226\149\129\230\185\180\230\182\147\226\130\172\233\148\155\228\189\184\231\156\191\233\148\155\228\189\184\227\129\135\233\144\150\232\190\169\230\180\152-Matchstick-Man-Battle\\artifact\\.mooncakes\\moonbitlang\\x\\benchmark\\internal\\benchmark_ffi\\ffi_js.mbt: No such file or directory")

Compiler args: moonc check -error-format json "D:\\Code\\MoonBit-Code-JAM-2025\\teams\\1297087-澶╁湴涓€锛佸眿锛佸ぇ鐖辩洘-Matchstick-Man-Battle\\artifact\\.mooncakes\\moonbitlang\\x\\benchmark\\internal\\benchmark_ffi\\ffi_js.mbt" -w -a -alert -all -o "D:\\Code\\MoonBit-Code-JAM-2025\\teams\\1297087-澶╁湴涓€锛佸眿锛佸ぇ鐖辩洘-Matchstick-Man-Battle\\artifact\\target\\js\\release\\check\\.mooncakes\\moonbitlang/x\\benchmark\\internal\\benchmark_ffi\\benchmark_ffi.mi" -pkg moonbitlang/x/benchmark/internal/benchmark_ffi -std-path "C:\\Users\\18384\\.moon\\lib\\core\\target\\js\\release\\bundle" -pkg-sources "moonbitlang/x/benchmark/internal/benchmark_ffi:D:\\Code\\MoonBit-Code-JAM-2025\\teams\\1297087-澶╁湴涓€锛佸眿锛佸ぇ鐖辩洘-Matchstick-Man-Battle\\artifact\\.mooncakes\\moonbitlang\\x\\benchmark\\internal\\benchmark_ffi" -target js -workspace-path "D:\\Code\\MoonBit-Code-JAM-2025\\teams\\1297087-澶╁湴涓€锛佸眿锛佸ぇ鐖辩洘-Matchstick-Man-Battle\\artifact\\.mooncakes\\moonbitlang\\x"

moonc version: v0.6.31+b5b06ff93

         --  -- 
       /  //  / __--------_
      /  //  /_/            \
   ---      -                \ __
  / X        /        ____   /   )
  *_________/__/_____/______/ `--

Oops, the compiler has encountered an unexpected situation.
This is a bug in the compiler.

A bug report containing the error description and relevant code would be
greatly appreciated. You can submit the bug report here:

  https://github.com/moonbitlang/moonbit-docs/issues/new?template=ice.md

Error: Sys_error("D:\\Code\\MoonBit-Code-JAM-2025\\teams\\1297087-\230\190\182\226\149\129\230\185\180\230\182\147\226\130\172\233\148\155\228\189\184\231\156\191\233\148\155\228\189\184\227\129\135\233\144\150\232\190\169\230\180\152-Matchstick-Man-Battle\\artifact\\src\\assets\\enemy_assets.mbt: No such file or directory")

Compiler args: moonc check -error-format json "D:\\Code\\MoonBit-Code-JAM-2025\\teams\\1297087-澶╁湴涓€锛佸眿锛佸ぇ鐖辩洘-Matchstick-Man-Battle\\artifact\\src\\assets\\enemy_assets.mbt" -o "D:\\Code\\MoonBit-Code-JAM-2025\\teams\\1297087-澶╁湴涓€锛佸眿锛佸ぇ鐖辩洘-Matchstick-Man-Battle\\artifact\\target\\js\\release\\check\\assets\\assets.mi" -pkg Great-Love-League/Stick_Man_Battle/assets -std-path "C:\\Users\\18384\\.moon\\lib\\core\\target\\js\\release\\bundle" -pkg-sources "Great-Love-League/Stick_Man_Battle/assets:D:\\Code\\MoonBit-Code-JAM-2025\\teams\\1297087-澶╁湴涓€锛佸眿锛佸ぇ鐖辩洘-Matchstick-Man-Battle\\artifact\\src\\assets" -target js -workspace-path "D:\\Code\\MoonBit-Code-JAM-2025\\teams\\1297087-澶╁湴涓€锛佸眿锛佸ぇ鐖辩洘-Matchstick-Man-Battle\\artifact"

moonc version: v0.6.31+b5b06ff93

         --  -- 
       /  //  / __--------_
      /  //  /_/            \
   ---      -                \ __
  / X        /        ____   /   )
  *_________/__/_____/______/ `--

Oops, the compiler has encountered an unexpected situation.
This is a bug in the compiler.

A bug report containing the error description and relevant code would be
greatly appreciated. You can submit the bug report here:

  https://github.com/moonbitlang/moonbit-docs/issues/new?template=ice.md

Error: Sys_error("D:\\Code\\MoonBit-Code-JAM-2025\\teams\\1297087-\230\190\182\226\149\129\230\185\180\230\182\147\226\130\172\233\148\155\228\189\184\231\156\191\233\148\155\228\189\184\227\129\135\233\144\150\232\190\169\230\180\152-Matchstick-Man-Battle\\artifact\\.mooncakes\\moonbitlang\\x\\time\\zone_offset.mbt: No such file or directory")

Compiler args: moonc check -error-format json "D:\\Code\\MoonBit-Code-JAM-2025\\teams\\1297087-澶╁湴涓€锛佸眿锛佸ぇ鐖辩洘-Matchstick-Man-Battle\\artifact\\.mooncakes\\moonbitlang\\x\\time\\duration.mbt" "D:\\Code\\MoonBit-Code-JAM-2025\\teams\\1297087-澶╁湴涓€锛佸眿锛佸ぇ鐖辩洘-Matchstick-Man-Battle\\artifact\\.mooncakes\\moonbitlang\\x\\time\\errors.mbt" "D:\\Code\\MoonBit-Code-JAM-2025\\teams\\1297087-澶╁湴涓€锛佸眿锛佸ぇ鐖辩洘-Matchstick-Man-Battle\\artifact\\.mooncakes\\moonbitlang\\x\\time\\period.mbt" "D:\\Code\\MoonBit-Code-JAM-2025\\teams\\1297087-澶╁湴涓€锛佸眿锛佸ぇ鐖辩洘-Matchstick-Man-Battle\\artifact\\.mooncakes\\moonbitlang\\x\\time\\plain_date.mbt" "D:\\Code\\MoonBit-Code-JAM-2025\\teams\\1297087-澶╁湴涓€锛佸眿锛佸ぇ鐖辩洘-Matchstick-Man-Battle\\artifact\\.mooncakes\\moonbitlang\\x\\time\\plain_date_time.mbt" "D:\\Code\\MoonBit-Code-JAM-2025\\teams\\1297087-澶╁湴涓€锛佸眿锛佸ぇ鐖辩洘-Matchstick-Man-Battle\\artifact\\.mooncakes\\moonbitlang\\x\\time\\plain_time.mbt" "D:\\Code\\MoonBit-Code-JAM-2025\\teams\\1297087-澶╁湴涓€锛佸眿锛佸ぇ鐖辩洘-Matchstick-Man-Battle\\artifact\\.mooncakes\\moonbitlang\\x\\time\\util.mbt" "D:\\Code\\MoonBit-Code-JAM-2025\\teams\\1297087-澶╁湴涓€锛佸眿锛佸ぇ鐖辩洘-Matchstick-Man-Battle\\artifact\\.mooncakes\\moonbitlang\\x\\time\\weekday.mbt" "D:\\Code\\MoonBit-Code-JAM-2025\\teams\\1297087-澶╁湴涓€锛佸眿锛佸ぇ鐖辩洘-Matchstick-Man-Battle\\artifact\\.mooncakes\\moonbitlang\\x\\time\\zone.mbt" "D:\\Code\\MoonBit-Code-JAM-2025\\teams\\1297087-澶╁湴涓€锛佸眿锛佸ぇ鐖辩洘-Matchstick-Man-Battle\\artifact\\.mooncakes\\moonbitlang\\x\\time\\zoned_date_time.mbt" "D:\\Code\\MoonBit-Code-JAM-2025\\teams\\1297087-澶╁湴涓€锛佸眿锛佸ぇ鐖辩洘-Matchstick-Man-Battle\\artifact\\.mooncakes\\moonbitlang\\x\\time\\zone_offset.mbt" -w -a -alert -all -o "D:\\Code\\MoonBit-Code-JAM-2025\\teams\\1297087-澶╁湴涓€锛佸眿锛佸ぇ鐖辩洘-Matchstick-Man-Battle\\artifact\\target\\js\\release\\check\\.mooncakes\\moonbitlang/x\\time\\time.mi" -pkg moonbitlang/x/time -std-path "C:\\Users\\18384\\.moon\\lib\\core\\target\\js\\release\\bundle" -pkg-sources "moonbitlang/x/time:D:\\Code\\MoonBit-Code-JAM-2025\\teams\\1297087-澶╁湴涓€锛佸眿锛佸ぇ鐖辩洘-Matchstick-Man-Battle\\artifact\\.mooncakes\\moonbitlang\\x\\time" -target js -workspace-path "D:\\Code\\MoonBit-Code-JAM-2025\\teams\\1297087-澶╁湴涓€锛佸眿锛佸ぇ鐖辩洘-Matchstick-Man-Battle\\artifact\\.mooncakes\\moonbitlang\\x"

moonc version: v0.6.31+b5b06ff93
