
         --  -- 
       /  //  / __--------_
      /  //  /_/            \
   ---      -                \ __
  / X        /        ____   /   )
  *_________/__/_____/______/ `--

Oops, the compiler has encountered an unexpected situation.
This is a bug in the compiler.

A bug report containing the error description and relevant code would be
greatly appreciated. You can submit the bug report here:

  https://github.com/moonbitlang/moonbit-docs/issues/new?template=ice.md

Error: Sys_error("C:\\Users\\35858\\Desktop\\moonbit\\1307919+\233\151\134\232\183\186\229\189\191\233\150\171\228\189\189\230\143\163\233\141\155?\231\146\129\230\157\191\231\185\130\230\190\182\209\131\231\172\128--Color\232\185\135?master: Invalid argument")

Compiler args: moonc check -error-format json "C:\\Users\\35858\\Desktop\\moonbit\\1307919+闆跺彿閫佽揣鍛?璁板繂澶у笀--Color蹇?master\\selene-canvas\\.mooncakes\\Yoorkin\\rabbit-tea\\src\\url\\url.mbt" -w -a -alert -all -o "C:\\Users\\35858\\Desktop\\moonbit\\1307919+闆跺彿閫佽揣鍛?璁板繂澶у笀--Color蹇?master\\selene-canvas\\target\\js\\release\\check\\.mooncakes\\Yoorkin/rabbit-tea\\url\\url.mi" -pkg Yoorkin/rabbit-tea/url -std-path "C:\\Users\\35858\\.moon\\lib\\core\\target\\js\\release\\bundle" -pkg-sources "Yoorkin/rabbit-tea/url:C:\\Users\\35858\\Desktop\\moonbit\\1307919+闆跺彿閫佽揣鍛?璁板繂澶у笀--Color蹇?master\\selene-canvas\\.mooncakes\\Yoorkin\\rabbit-tea\\src\\url" -target js -workspace-path "C:\\Users\\35858\\Desktop\\moonbit\\1307919+闆跺彿閫佽揣鍛?璁板繂澶у笀--Color蹇?master\\selene-canvas\\.mooncakes\\Yoorkin\\rabbit-tea"

moonc version: v0.6.29+ba123eb00

         --  -- 
       /  //  / __--------_
      /  //  /_/            \
   ---      -                \ __
  / X        /        ____   /   )
  *_________/__/_____/______/ `--

Oops, the compiler has encountered an unexpected situation.
This is a bug in the compiler.

A bug report containing the error description and relevant code would be
greatly appreciated. You can submit the bug report here:

  https://github.com/moonbitlang/moonbit-docs/issues/new?template=ice.md

Error: Sys_error("C:\\Users\\35858\\Desktop\\moonbit\\1307919+\233\151\134\232\183\186\229\189\191\233\150\171\228\189\189\230\143\163\233\141\155?\231\146\129\230\157\191\231\185\130\230\190\182\209\131\231\172\128--Color\232\185\135?master: Invalid argument")

Compiler args: moonc check -error-format json "C:\\Users\\35858\\Desktop\\moonbit\\1307919+闆跺彿閫佽揣鍛?璁板繂澶у笀--Color蹇?master\\selene-canvas\\.mooncakes\\rami3l\\js-ffi\\src\\js\\async.mbt" "C:\\Users\\35858\\Desktop\\moonbit\\1307919+闆跺彿閫佽揣鍛?璁板繂澶у笀--Color蹇?master\\selene-canvas\\.mooncakes\\rami3l\\js-ffi\\src\\js\\cast.mbt" "C:\\Users\\35858\\Desktop\\moonbit\\1307919+闆跺彿閫佽揣鍛?璁板繂澶у笀--Color蹇?master\\selene-canvas\\.mooncakes\\rami3l\\js-ffi\\src\\js\\error.mbt" "C:\\Users\\35858\\Desktop\\moonbit\\1307919+闆跺彿閫佽揣鍛?璁板繂澶у笀--Color蹇?master\\selene-canvas\\.mooncakes\\rami3l\\js-ffi\\src\\js\\null.mbt" "C:\\Users\\35858\\Desktop\\moonbit\\1307919+闆跺彿閫佽揣鍛?璁板繂澶у笀--Color蹇?master\\selene-canvas\\.mooncakes\\rami3l\\js-ffi\\src\\js\\object.mbt" "C:\\Users\\35858\\Desktop\\moonbit\\1307919+闆跺彿閫佽揣鍛?璁板繂澶у笀--Color蹇?master\\selene-canvas\\.mooncakes\\rami3l\\js-ffi\\src\\js\\optional.mbt" "C:\\Users\\35858\\Desktop\\moonbit\\1307919+闆跺彿閫佽揣鍛?璁板繂澶у笀--Color蹇?master\\selene-canvas\\.mooncakes\\rami3l\\js-ffi\\src\\js\\require.mbt" "C:\\Users\\35858\\Desktop\\moonbit\\1307919+闆跺彿閫佽揣鍛?璁板繂澶у笀--Color蹇?master\\selene-canvas\\.mooncakes\\rami3l\\js-ffi\\src\\js\\symbol.mbt" "C:\\Users\\35858\\Desktop\\moonbit\\1307919+闆跺彿閫佽揣鍛?璁板繂澶у笀--Color蹇?master\\selene-canvas\\.mooncakes\\rami3l\\js-ffi\\src\\js\\union.mbt" "C:\\Users\\35858\\Desktop\\moonbit\\1307919+闆跺彿閫佽揣鍛?璁板繂澶у笀--Color蹇?master\\selene-canvas\\.mooncakes\\rami3l\\js-ffi\\src\\js\\value.mbt" -w -a -alert -all -o "C:\\Users\\35858\\Desktop\\moonbit\\1307919+闆跺彿閫佽揣鍛?璁板繂澶у笀--Color蹇?master\\selene-canvas\\target\\js\\release\\check\\.mooncakes\\rami3l/js-ffi\\js\\js.mi" -pkg rami3l/js-ffi/js -std-path "C:\\Users\\35858\\.moon\\lib\\core\\target\\js\\release\\bundle" -pkg-sources "rami3l/js-ffi/js:C:\\Users\\35858\\Desktop\\moonbit\\1307919+闆跺彿閫佽揣鍛?璁板繂澶у笀--Color蹇?master\\selene-canvas\\.mooncakes\\rami3l\\js-ffi\\src\\js" -target js -workspace-path "C:\\Users\\35858\\Desktop\\moonbit\\1307919+闆跺彿閫佽揣鍛?璁板繂澶у笀--Color蹇?master\\selene-canvas\\.mooncakes\\rami3l\\js-ffi"

moonc version: v0.6.29+ba123eb00

         --  -- 
       /  //  / __--------_
      /  //  /_/            \
   ---      -                \ __
  / X        /        ____   /   )
  *_________/__/_____/______/ `--

Oops, the compiler has encountered an unexpected situation.
This is a bug in the compiler.

A bug report containing the error description and relevant code would be
greatly appreciated. You can submit the bug report here:

  https://github.com/moonbitlang/moonbit-docs/issues/new?template=ice.md

Error: Sys_error("C:\\Users\\35858\\Desktop\\moonbit\\1307919+\233\151\134\232\183\186\229\189\191\233\150\171\228\189\189\230\143\163\233\141\155?\231\146\129\230\157\191\231\185\130\230\190\182\209\131\231\172\128--Color\232\185\135?master: Invalid argument")

Compiler args: moonc check -error-format json "C:\\Users\\35858\\Desktop\\moonbit\\1307919+闆跺彿閫佽揣鍛?璁板繂澶у笀--Color蹇?master\\selene-canvas\\.mooncakes\\Milky2018\\selene\\src\\math\\angle.mbt" "C:\\Users\\35858\\Desktop\\moonbit\\1307919+闆跺彿閫佽揣鍛?璁板繂澶у笀--Color蹇?master\\selene-canvas\\.mooncakes\\Milky2018\\selene\\src\\math\\rect.mbt" "C:\\Users\\35858\\Desktop\\moonbit\\1307919+闆跺彿閫佽揣鍛?璁板繂澶у笀--Color蹇?master\\selene-canvas\\.mooncakes\\Milky2018\\selene\\src\\math\\repeat.mbt" "C:\\Users\\35858\\Desktop\\moonbit\\1307919+闆跺彿閫佽揣鍛?璁板繂澶у笀--Color蹇?master\\selene-canvas\\.mooncakes\\Milky2018\\selene\\src\\math\\transform.mbt" "C:\\Users\\35858\\Desktop\\moonbit\\1307919+闆跺彿閫佽揣鍛?璁板繂澶у笀--Color蹇?master\\selene-canvas\\.mooncakes\\Milky2018\\selene\\src\\math\\vector.mbt" -w -a -alert -all -o "C:\\Users\\35858\\Desktop\\moonbit\\1307919+闆跺彿閫佽揣鍛?璁板繂澶у笀--Color蹇?master\\selene-canvas\\target\\js\\release\\check\\.mooncakes\\Milky2018/selene\\math\\math.mi" -pkg Milky2018/selene/math -std-path "C:\\Users\\35858\\.moon\\lib\\core\\target\\js\\release\\bundle" -pkg-sources "Milky2018/selene/math:C:\\Users\\35858\\Desktop\\moonbit\\1307919+闆跺彿閫佽揣鍛?璁板繂澶у笀--Color蹇?master\\selene-canvas\\.mooncakes\\Milky2018\\selene\\src\\math" -target js -workspace-path "C:\\Users\\35858\\Desktop\\moonbit\\1307919+闆跺彿閫佽揣鍛?璁板繂澶у笀--Color蹇?master\\selene-canvas\\.mooncakes\\Milky2018\\selene"

moonc version: v0.6.29+ba123eb00

         --  -- 
       /  //  / __--------_
      /  //  /_/            \
   ---      -                \ __
  / X        /        ____   /   )
  *_________/__/_____/______/ `--

Oops, the compiler has encountered an unexpected situation.
This is a bug in the compiler.

A bug report containing the error description and relevant code would be
greatly appreciated. You can submit the bug report here:

  https://github.com/moonbitlang/moonbit-docs/issues/new?template=ice.md

Error: Sys_error("C:\\Users\\35858\\Desktop\\moonbit\\1307919+\233\151\134\232\183\186\229\189\191\233\150\171\228\189\189\230\143\163\233\141\155?\231\146\129\230\157\191\231\185\130\230\190\182\209\131\231\172\128--Color\232\185\135?master: Invalid argument")

Compiler args: moonc check -error-format json "C:\\Users\\35858\\Desktop\\moonbit\\1307919+闆跺彿閫佽揣鍛?璁板繂澶у笀--Color蹇?master\\selene-canvas\\.mooncakes\\Yoorkin\\rabbit-tea\\src\\internal\\ffi\\utils.mbt" -w -a -alert -all -o "C:\\Users\\35858\\Desktop\\moonbit\\1307919+闆跺彿閫佽揣鍛?璁板繂澶у笀--Color蹇?master\\selene-canvas\\target\\js\\release\\check\\.mooncakes\\Yoorkin/rabbit-tea\\internal\\ffi\\ffi.mi" -pkg Yoorkin/rabbit-tea/internal/ffi -std-path "C:\\Users\\35858\\.moon\\lib\\core\\target\\js\\release\\bundle" -pkg-sources "Yoorkin/rabbit-tea/internal/ffi:C:\\Users\\35858\\Desktop\\moonbit\\1307919+闆跺彿閫佽揣鍛?璁板繂澶у笀--Color蹇?master\\selene-canvas\\.mooncakes\\Yoorkin\\rabbit-tea\\src\\internal\\ffi" -target js -workspace-path "C:\\Users\\35858\\Desktop\\moonbit\\1307919+闆跺彿閫佽揣鍛?璁板繂澶у笀--Color蹇?master\\selene-canvas\\.mooncakes\\Yoorkin\\rabbit-tea"

moonc version: v0.6.29+ba123eb00

         --  -- 
       /  //  / __--------_
      /  //  /_/            \
   ---      -                \ __
  / X        /        ____   /   )
  *_________/__/_____/______/ `--

Oops, the compiler has encountered an unexpected situation.
This is a bug in the compiler.

A bug report containing the error description and relevant code would be
greatly appreciated. You can submit the bug report here:

  https://github.com/moonbitlang/moonbit-docs/issues/new?template=ice.md

Error: Sys_error("C:\\Users\\35858\\Desktop\\moonbit\\1307919+\233\151\134\232\183\186\229\189\191\233\150\171\228\189\189\230\143\163\233\141\155?\231\146\129\230\157\191\231\185\130\230\190\182\209\131\231\172\128--Color\232\185\135?master: Invalid argument")

Compiler args: moonc check -error-format json "C:\\Users\\35858\\Desktop\\moonbit\\1307919+闆跺彿閫佽揣鍛?璁板繂澶у笀--Color蹇?master\\selene-canvas\\.mooncakes\\Yoorkin\\rabbit-tea\\src\\variant\\variant.mbt" -w -a -alert -all -o "C:\\Users\\35858\\Desktop\\moonbit\\1307919+闆跺彿閫佽揣鍛?璁板繂澶у笀--Color蹇?master\\selene-canvas\\target\\js\\release\\check\\.mooncakes\\Yoorkin/rabbit-tea\\variant\\variant.mi" -pkg Yoorkin/rabbit-tea/variant -std-path "C:\\Users\\35858\\.moon\\lib\\core\\target\\js\\release\\bundle" -pkg-sources "Yoorkin/rabbit-tea/variant:C:\\Users\\35858\\Desktop\\moonbit\\1307919+闆跺彿閫佽揣鍛?璁板繂澶у笀--Color蹇?master\\selene-canvas\\.mooncakes\\Yoorkin\\rabbit-tea\\src\\variant" -target js -workspace-path "C:\\Users\\35858\\Desktop\\moonbit\\1307919+闆跺彿閫佽揣鍛?璁板繂澶у笀--Color蹇?master\\selene-canvas\\.mooncakes\\Yoorkin\\rabbit-tea"

moonc version: v0.6.29+ba123eb00

         --  -- 
       /  //  / __--------_
      /  //  /_/            \
   ---      -                \ __
  / X        /        ____   /   )
  *_________/__/_____/______/ `--

Oops, the compiler has encountered an unexpected situation.
This is a bug in the compiler.

A bug report containing the error description and relevant code would be
greatly appreciated. You can submit the bug report here:

  https://github.com/moonbitlang/moonbit-docs/issues/new?template=ice.md

Error: Sys_error("C:\\Users\\35858\\Desktop\\moonbit\\1307919+\233\151\134\232\183\186\229\189\191\233\150\171\228\189\189\230\143\163\233\141\155?\231\146\129\230\157\191\231\185\130\230\190\182\209\131\231\172\128--Color\232\185\135?master: Invalid argument")

Compiler args: moonc check -error-format json -w -a -alert -all -o "C:\\Users\\35858\\Desktop\\moonbit\\1307919+闆跺彿閫佽揣鍛?璁板繂澶у笀--Color蹇?master\\selene-canvas\\target\\js\\release\\check\\.mooncakes\\Milky2018/selene\\selene.mi" -pkg Milky2018/selene -std-path "C:\\Users\\35858\\.moon\\lib\\core\\target\\js\\release\\bundle" -pkg-sources "Milky2018/selene:C:\\Users\\35858\\Desktop\\moonbit\\1307919+闆跺彿閫佽揣鍛?璁板繂澶у笀--Color蹇?master\\selene-canvas\\.mooncakes\\Milky2018\\selene\\src" -target js -workspace-path "C:\\Users\\35858\\Desktop\\moonbit\\1307919+闆跺彿閫佽揣鍛?璁板繂澶у笀--Color蹇?master\\selene-canvas\\.mooncakes\\Milky2018\\selene"

moonc version: v0.6.29+ba123eb00

         --  -- 
       /  //  / __--------_
      /  //  /_/            \
   ---      -                \ __
  / X        /        ____   /   )
  *_________/__/_____/______/ `--

Oops, the compiler has encountered an unexpected situation.
This is a bug in the compiler.

A bug report containing the error description and relevant code would be
greatly appreciated. You can submit the bug report here:

  https://github.com/moonbitlang/moonbit-docs/issues/new?template=ice.md

Error: Sys_error("C:\\Users\\35858\\Desktop\\moonbit\\1307919+\233\151\134\232\183\186\229\189\191\233\150\171\228\189\189\230\143\163\233\141\155?\231\146\129\230\157\191\231\185\130\230\190\182\209\131\231\172\128--Color\232\185\135?master: Invalid argument")

Compiler args: moonc check -error-format json "C:\\Users\\35858\\Desktop\\moonbit\\1307919+闆跺彿閫佽揣鍛?璁板繂澶у笀--Color蹇?master\\selene-canvas\\.mooncakes\\Milky2018\\selene\\src\\tilemap\\top.mbt" -w -a -alert -all -o "C:\\Users\\35858\\Desktop\\moonbit\\1307919+闆跺彿閫佽揣鍛?璁板繂澶у笀--Color蹇?master\\selene-canvas\\target\\js\\release\\check\\.mooncakes\\Milky2018/selene\\tilemap\\tilemap.mi" -pkg Milky2018/selene/tilemap -std-path "C:\\Users\\35858\\.moon\\lib\\core\\target\\js\\release\\bundle" -pkg-sources "Milky2018/selene/tilemap:C:\\Users\\35858\\Desktop\\moonbit\\1307919+闆跺彿閫佽揣鍛?璁板繂澶у笀--Color蹇?master\\selene-canvas\\.mooncakes\\Milky2018\\selene\\src\\tilemap" -target js -workspace-path "C:\\Users\\35858\\Desktop\\moonbit\\1307919+闆跺彿閫佽揣鍛?璁板繂澶у笀--Color蹇?master\\selene-canvas\\.mooncakes\\Milky2018\\selene"

moonc version: v0.6.29+ba123eb00

         --  -- 
       /  //  / __--------_
      /  //  /_/            \
   ---      -                \ __
  / X        /        ____   /   )
  *_________/__/_____/______/ `--

Oops, the compiler has encountered an unexpected situation.
This is a bug in the compiler.

A bug report containing the error description and relevant code would be
greatly appreciated. You can submit the bug report here:

  https://github.com/moonbitlang/moonbit-docs/issues/new?template=ice.md

Error: Sys_error("C:\\Users\\35858\\Desktop\\moonbit\\1307919+\233\151\134\232\183\186\229\189\191\233\150\171\228\189\189\230\143\163\233\141\155?\231\146\129\230\157\191\231\185\130\230\190\182\209\131\231\172\128--Color\232\185\135?master: Invalid argument")

Compiler args: moonc check -error-format json "C:\\Users\\35858\\Desktop\\moonbit\\1307919+闆跺彿閫佽揣鍛?璁板繂澶у笀--Color蹇?master\\selene-canvas\\.mooncakes\\Yoorkin\\rabbit-tea\\src\\experimental\\html\\internal\\codegen\\generator.mbt" "C:\\Users\\35858\\Desktop\\moonbit\\1307919+闆跺彿閫佽揣鍛?璁板繂澶у笀--Color蹇?master\\selene-canvas\\.mooncakes\\Yoorkin\\rabbit-tea\\src\\experimental\\html\\internal\\codegen\\metainfo.mbt" -w -a -alert -all -o "C:\\Users\\35858\\Desktop\\moonbit\\1307919+闆跺彿閫佽揣鍛?璁板繂澶у笀--Color蹇?master\\selene-canvas\\target\\js\\release\\check\\.mooncakes\\Yoorkin/rabbit-tea\\experimental\\html\\internal\\codegen\\codegen.mi" -pkg Yoorkin/rabbit-tea/experimental/html/internal/codegen -is-main -std-path "C:\\Users\\35858\\.moon\\lib\\core\\target\\js\\release\\bundle" -pkg-sources "Yoorkin/rabbit-tea/experimental/html/internal/codegen:C:\\Users\\35858\\Desktop\\moonbit\\1307919+闆跺彿閫佽揣鍛?璁板繂澶у笀--Color蹇?master\\selene-canvas\\.mooncakes\\Yoorkin\\rabbit-tea\\src\\experimental\\html\\internal\\codegen" -target js -workspace-path "C:\\Users\\35858\\Desktop\\moonbit\\1307919+闆跺彿閫佽揣鍛?璁板繂澶у笀--Color蹇?master\\selene-canvas\\.mooncakes\\Yoorkin\\rabbit-tea"

moonc version: v0.6.29+ba123eb00
