{"$message_type":"diagnostic","level":"warning","loc":{"path":"D:\\selene-main - c - pow\\examples\\pixeladventure\\src\\game.mbt","start":{"line":55,"col":3},"end":{"line":55,"col":6}},"message":"Warning: Variant 'Win' is never constructed","error_code":6}
{"$message_type":"diagnostic","level":"warning","loc":{"path":"D:\\selene-main - c - pow\\examples\\pixeladventure\\src\\game.mbt","start":{"line":98,"col":4},"end":{"line":98,"col":13}},"message":"Warning: Unused function 'set_score'","error_code":1}
{"$message_type":"diagnostic","level":"warning","loc":{"path":"D:\\selene-main - c - pow\\examples\\pixeladventure\\src\\main.mbt","start":{"line":25,"col":7},"end":{"line":25,"col":26}},"message":"Warning: Unused variable 'REAL_VIEWPORT_WIDTH'","error_code":2}
{"$message_type":"diagnostic","level":"warning","loc":{"path":"D:\\selene-main - c - pow\\examples\\pixeladventure\\src\\main.mbt","start":{"line":28,"col":7},"end":{"line":28,"col":27}},"message":"Warning: Unused variable 'REAL_VIEWPORT_HEIGHT'","error_code":2}
{"$message_type":"diagnostic","level":"warning","loc":{"path":"D:\\selene-main - c - pow\\examples\\pixeladventure\\src\\main.mbt","start":{"line":62,"col":8},"end":{"line":62,"col":13}},"message":"Warning: Unused type 'Block'","error_code":3}
{"$message_type":"diagnostic","level":"warning","loc":{"path":"D:\\selene-main - c - pow\\examples\\pixeladventure\\src\\main.mbt","start":{"line":71,"col":3},"end":{"line":71,"col":13}},"message":"Warning: Field 'game_state' is never read","error_code":7}
{"$message_type":"diagnostic","level":"warning","loc":{"path":"D:\\selene-main - c - pow\\examples\\pixeladventure\\src\\main.mbt","start":{"line":73,"col":3},"end":{"line":73,"col":13}},"message":"Warning: Field 'timer1_box' is never read","error_code":7}
{"$message_type":"diagnostic","level":"warning","loc":{"path":"D:\\selene-main - c - pow\\examples\\pixeladventure\\src\\main.mbt","start":{"line":76,"col":3},"end":{"line":76,"col":12}},"message":"Warning: Field 'alert_box' is never read","error_code":7}
{"$message_type":"diagnostic","level":"warning","loc":{"path":"D:\\selene-main - c - pow\\examples\\pixeladventure\\src\\main.mbt","start":{"line":77,"col":3},"end":{"line":77,"col":12}},"message":"Warning: Field 'score_box' is never read","error_code":7}
{"$message_type":"diagnostic","level":"warning","loc":{"path":"D:\\selene-main - c - pow\\examples\\pixeladventure\\src\\main.mbt","start":{"line":78,"col":3},"end":{"line":78,"col":9}},"message":"Warning: Field 'change' is never read","error_code":7}
{"$message_type":"diagnostic","level":"warning","loc":{"path":"D:\\selene-main - c - pow\\examples\\pixeladventure\\src\\main.mbt","start":{"line":79,"col":7},"end":{"line":79,"col":12}},"message":"Warning: Field 'click' is never read","error_code":7}
{"$message_type":"diagnostic","level":"warning","loc":{"path":"D:\\selene-main - c - pow\\examples\\pixeladventure\\src\\main.mbt","start":{"line":82,"col":7},"end":{"line":82,"col":12}},"message":"Warning: Field 'level' is never read","error_code":7}
{"$message_type":"diagnostic","level":"warning","loc":{"path":"D:\\selene-main - c - pow\\examples\\pixeladventure\\src\\main.mbt","start":{"line":83,"col":3},"end":{"line":83,"col":12}},"message":"Warning: Field 'level_box' is never read","error_code":7}
{"$message_type":"diagnostic","level":"warning","loc":{"path":"D:\\selene-main - c - pow\\examples\\pixeladventure\\src\\main.mbt","start":{"line":87,"col":7},"end":{"line":87,"col":18}},"message":"Warning: Field 'latestLevel' is never read","error_code":7}
{"$message_type":"diagnostic","level":"warning","loc":{"path":"D:\\selene-main - c - pow\\examples\\pixeladventure\\src\\main.mbt","start":{"line":89,"col":7},"end":{"line":89,"col":8}},"message":"Warning: Field 'x' is never read","error_code":7}
{"$message_type":"diagnostic","level":"warning","loc":{"path":"D:\\selene-main - c - pow\\examples\\pixeladventure\\src\\main.mbt","start":{"line":90,"col":7},"end":{"line":90,"col":8}},"message":"Warning: Field 'y' is never read","error_code":7}
{"$message_type":"diagnostic","level":"warning","loc":{"path":"D:\\selene-main - c - pow\\examples\\pixeladventure\\src\\player.mbt","start":{"line":76,"col":4},"end":{"line":76,"col":14}},"message":"Warning: Unused function 'add_player'","error_code":1}
{"$message_type":"diagnostic","level":"warning","loc":{"path":"D:\\selene-main - c - pow\\examples\\pixeladventure\\src\\player.mbt","start":{"line":76,"col":15},"end":{"line":76,"col":18}},"message":"Warning: Unused variable 'pos'","error_code":2}
{"$message_type":"diagnostic","level":"warning","loc":{"path":"D:\\selene-main - c - pow\\examples\\pixeladventure\\src\\player.mbt","start":{"line":124,"col":4},"end":{"line":124,"col":27}},"message":"Warning: Unused function 'player_collision_system'","error_code":1}
{"$message_type":"diagnostic","level":"warning","loc":{"path":"D:\\selene-main - c - pow\\examples\\pixeladventure\\src\\player.mbt","start":{"line":143,"col":4},"end":{"line":143,"col":23}},"message":"Warning: Unused function 'player_state_system'","error_code":1}
{"$message_type":"diagnostic","level":"warning","loc":{"path":"D:\\selene-main - c - pow\\examples\\pixeladventure\\src\\ui.mbt","start":{"line":16,"col":4},"end":{"line":16,"col":18}},"message":"Warning: Unused function 'add_result_box'","error_code":1}
{"$message_type":"diagnostic","level":"warning","loc":{"path":"D:\\selene-main - c - pow\\examples\\pixeladventure\\src\\ui.mbt","start":{"line":28,"col":4},"end":{"line":28,"col":17}},"message":"Warning: Unused function 'add_score_box'","error_code":1}
{"$message_type":"diagnostic","level":"warning","loc":{"path":"D:\\selene-main - c - pow\\examples\\pixeladventure\\src\\ui.mbt","start":{"line":37,"col":4},"end":{"line":37,"col":18}},"message":"Warning: Unused function 'add_health_box'","error_code":1}
{"$message_type":"diagnostic","level":"warning","loc":{"path":"D:\\selene-main - c - pow\\examples\\pixeladventure\\src\\ui.mbt","start":{"line":46,"col":4},"end":{"line":46,"col":21}},"message":"Warning: Unused function 'add_volume_button'","error_code":1}
